Mplus VERSION 8.10
MUTHEN & MUTHEN
08/31/2024  12:00 PM

INPUT INSTRUCTIONS

  DATA: File is crte_i_stanja_licnosti.dat;


  VARIABLE:

  NAMES ARE id EKST_C UGOD_C SAV_C NE_C
  OTV_C C1 C2 E1 E2 A1 A2 O1 O2 N1
  N2;


  USEVARIABLES ARE EKST_C-N2;

  MISSING ARE ALL (-99);

  CLUSTER IS id;

  BETWEEN IS EKST_C UGOD_C SAV_C NE_C OTV_C;

  ANALYSIS:
  TYPE = TWOLEVEL;
  ESTIMATOR = BAYES;
  PROCESSORS = 12;
  FBITERATIONS = 200000;



  MODEL:

  %WITHIN%
  E1;
  E2;
  A1;
  A2;
  C1;
  C2;
  N1;
  N2;
  O1;
  O2;

  E1 WITH E2;
  E1 WITH A1;
  E1 WITH A2;
  E1 WITH C1;
  E1 WITH C2;
  E1 WITH N1;
  E1 WITH N2;
  E1 WITH O1;
  E1 WITH O2;

  E2 WITH A1;
  E2 WITH A2;
  E2 WITH C1;
  E2 WITH C2;
  E2 WITH N1;
  E2 WITH N2;
  E2 WITH O1;
  E2 WITH O2;


  A1 WITH A2;
  A1 WITH C1;
  A1 WITH C2;
  A1 WITH N1;
  A1 WITH N2;
  A1 WITH O1;
  A1 WITH O2;


  A2 WITH C1;
  A2 WITH C2;
  A2 WITH N1;
  A2 WITH N2;
  A2 WITH O1;
  A2 WITH O2;


  N1 WITH N2;
  N1 WITH C1;
  N1 WITH C2;
  N1 WITH O1;
  N1 WITH O2;


  N2 WITH C1;
  N2 WITH C2;
  N2 WITH O1;
  N2 WITH O2;


  C1 WITH C2;
  C1 WITH O1;
  C1 WITH O2;


  C2 WITH O1;
  C2 WITH O2;

  O1 WITH O2;

  %BETWEEN%
  E1;
  E2;
  A1;
  A2;
  C1;
  C2;
  N1;
  N2;
  O1;
  O2;

  EKST_C;
  UGOD_C;
  SAV_C;
  NE_C;
  OTV_C;

  EKST_C WITH E1;
  EKST_C WITH E2;

  EKST_C WITH A1;
  EKST_C WITH A2;

  EKST_C WITH N1;
  EKST_C WITH N2;

  EKST_C WITH C1;
  EKST_C WITH C2;

  EKST_C WITH O1;
  EKST_C WITH O2;

  UGOD_C WITH A1;
  UGOD_C WITH A2;

  UGOD_C WITH E1;
  UGOD_C WITH E2;

  UGOD_C WITH N1;
  UGOD_C WITH N2;

  UGOD_C WITH C1;
  UGOD_C WITH C2;

  UGOD_C WITH O1;
  UGOD_C WITH O2;

  SAV_C WITH C1;
  SAV_C WITH C2;

  SAV_C WITH E1;
  SAV_C WITH E2;

  SAV_C WITH A1;
  SAV_C WITH A2;

  SAV_C WITH N1;
  SAV_C WITH N2;

  SAV_C WITH O1;
  SAV_C WITH O2;

  NE_C WITH N1;
  NE_C WITH N2;

  NE_C WITH A1;
  NE_C WITH A2;

  NE_C WITH E1;
  NE_C WITH E2;

  NE_C WITH C1;
  NE_C WITH C2;

  NE_C WITH O1;
  NE_C WITH O2;

  OTV_C WITH O1;
  OTV_C WITH O2;

  OTV_C WITH E1;
  OTV_C WITH E2;

  OTV_C WITH A1;
  OTV_C WITH A2;

  OTV_C WITH N1;
  OTV_C WITH N2;

  OTV_C WITH C1;
  OTV_c WITH C2;

  EKST_C WITH UGOD_C;
  EKST_C WITH SAV_C;
  EKST_C WITH NE_C;
  EKST_C WITH OTV_C;

  UGOD_C WITH SAV_C;
  UGOD_C WITH NE_C;
  UGOD_C WITH OTV_C;

  SAV_C WITH NE_C;
  SAV_C WITH OTV_C;

  NE_C WITH OTV_C;



  E1 WITH E2;
  E1 WITH A1;
  E1 WITH A2;
  E1 WITH C1;
  E1 WITH C2;
  E1 WITH N1;
  E1 WITH N2;
  E1 WITH O1;
  E1 WITH O2;

  E2 WITH A1;
  E2 WITH A2;
  E2 WITH C1;
  E2 WITH C2;
  E2 WITH N1;
  E2 WITH N2;
  E2 WITH O1;
  E2 WITH O2;


  A1 WITH A2;
  A1 WITH C1;
  A1 WITH C2;
  A1 WITH N1;
  A1 WITH N2;
  A1 WITH O1;
  A1 WITH O2;


  A2 WITH C1;
  A2 WITH C2;
  A2 WITH N1;
  A2 WITH N2;
  A2 WITH O1;
  A2 WITH O2;


  N1 WITH N2;
  N1 WITH C1;
  N1 WITH C2;
  N1 WITH O1;
  N1 WITH O2;


  N2 WITH C1;
  N2 WITH C2;
  N2 WITH O1;
  N2 WITH O2;


  C1 WITH C2;
  C1 WITH O1;
  C1 WITH O2;


  C2 WITH O1;
  C2 WITH O2;

  O1 WITH O2;

  OUTPUT: STANDARDIZED TECH4;



*** WARNING
  One or more individual-level variables have no variation within a
  cluster for the following clusters.

     Variable   Cluster IDs with no within-cluster variation

      C1          24595014 12198304 13994941 16554319 16554713 16554891 16556161 12491438 20162730
                  20855351 24591061 24595090 27665886 27787671
      C2          20855574 12198304 13994941 16554319 16554713 16554891 16556161 12491438 20162730
                  12492269 20855351 24591061 27664277
      E1          12198304 13527350 13997204 16554319 12491438 20852179 24591061 27788116
      E2          12198304 13994941 16554319 20855351 24591061 24595090
      A1          12198304 13994941 13996939 16554319 16556161 20162730 20852179 20855351 20855586
                  24591061 24591987 24592461 27664277
      A2          13994322 24595014 20163018 12497874 12198304 13526266 13527350 13996939 13997204
                  15471432 15474494 15611768 16554319 16554668 16554713 16556161 16556163 20162730
                  20798331 20854464 20855351 20855586 20856921 24591987 24592461 12193480 24595090
                  24598783 26754644 27661979 27664277 27665653 27787671
      O1          16554319 20855351 24591061
      O2          16554319 20855351 24591061 27664277
      N1          13994322 15611768 16556161 27665653
      N2          13994322 20855574 12198304 16554319 16554891 12492269 20798331 20855351 20855586
                  24595090 24598783 27665653 27787671

*** WARNING
  Data set contains cases with missing on all variables.
  These cases were not included in the analysis.
  Number of cases with missing on all variables:  115
   2 WARNING(S) FOUND IN THE INPUT INSTRUCTIONS




SUMMARY OF ANALYSIS

Number of groups                                                 1
Number of observations                                        2855

Number of dependent variables                                   15
Number of independent variables                                  0
Number of continuous latent variables                            0

Observed dependent variables

  Continuous
   EKST_C      UGOD_C      SAV_C       NE_C        OTV_C       C1
   C2          E1          E2          A1          A2          O1
   O2          N1          N2

Variables with special functions

  Cluster variable      ID

  Between variables
   EKST_C      UGOD_C      SAV_C       NE_C        OTV_C


Estimator                                                    BAYES
Specifications for Bayesian Estimation
  Point estimate                                            MEDIAN
  Number of Markov chain Monte Carlo (MCMC) chains               2
  Random seed for the first chain                                0
  Starting value information                           UNPERTURBED
  Algorithm used for Markov chain Monte Carlo           GIBBS(PX1)
  Fixed number of iterations                                200000
  K-th iteration used for thinning                               1

Input data file(s)
  crte_i_stanja_licnosti.dat
Input data format  FREE


SUMMARY OF DATA

     Number of clusters                         99

       Size (s)    Cluster ID with Size s

         11        13994322
         12        20855574
         14        16654540
         16        15261338
         18        12495072 21213820
         21        24595014
         24        12491236 13525223
         28        21214531
         29        20163018
         30        12497874 12498862 13522864 12198304 13525517 13526266
                   13527350 13528127 13529089 13993235 12491120 13994941
                   13996939 13997204 12191870 15262166 15264484 15264805
                   15266576 15471270 15471432 15474494 15611768 15611922
                   15612828 15614525 16551092 16554319 16554342 16554668
                   16554713 16554891 16556161 16556163 12491438 20161546
                   20162054 20162526 20162730 12492269 20794922 20796311
                   20796904 20798331 20852179 20854464 20854791 20855258
                   20855351 12492669 20855586 20855884 20856715 20856921
                   21212503 12492795 12494252 24591061 24591737 24591987
                   24592461 24593194 24593393 12193480 24595090 24595365
                   24598783 26754012 26754644 27661979 27662082 27662560
                   27663723 27663860 27664277 27665653 27665886 27666050
                   27783342 27785220 27787671 27788116 27788829 27913643
                   27915449 27918624 27918828 27918933



COVARIANCE COVERAGE OF DATA

Minimum covariance coverage value   0.100

     Number of missing data patterns            17


     PROPORTION OF DATA PRESENT


           Covariance Coverage
              EKST_C        UGOD_C        SAV_C         NE_C          OTV_C
              ________      ________      ________      ________      ________
 EKST_C         0.934
 UGOD_C         0.892         0.892
 SAV_C          0.913         0.871         0.924
 NE_C           0.871         0.829         0.882         0.882
 OTV_C          0.882         0.850         0.871         0.840         0.892
 C1             0.548         0.524         0.542         0.519         0.523
 C2             0.548         0.524         0.542         0.519         0.523
 E1             0.548         0.524         0.542         0.519         0.523
 E2             0.548         0.524         0.542         0.519         0.523
 A1             0.548         0.524         0.542         0.519         0.523
 A2             0.548         0.524         0.542         0.519         0.523
 O1             0.548         0.524         0.542         0.519         0.523
 O2             0.548         0.524         0.542         0.519         0.523
 N1             0.548         0.524         0.542         0.519         0.523
 N2             0.548         0.524         0.542         0.519         0.523


           Covariance Coverage
              C1            C2            E1            E2            A1
              ________      ________      ________      ________      ________
 C1             0.609
 C2             0.609         0.609
 E1             0.609         0.609         0.609
 E2             0.609         0.609         0.609         0.609
 A1             0.609         0.609         0.609         0.609         0.609
 A2             0.609         0.609         0.609         0.609         0.609
 O1             0.609         0.609         0.609         0.609         0.609
 O2             0.609         0.609         0.609         0.609         0.609
 N1             0.609         0.609         0.609         0.609         0.609
 N2             0.609         0.609         0.609         0.609         0.609


           Covariance Coverage
              A2            O1            O2            N1            N2
              ________      ________      ________      ________      ________
 A2             0.609
 O1             0.609         0.609
 O2             0.609         0.609         0.609
 N1             0.609         0.609         0.609         0.609
 N2             0.609         0.609         0.609         0.609         0.609



UNIVARIATE SAMPLE STATISTICS


     UNIVARIATE HIGHER-ORDER MOMENT DESCRIPTIVE STATISTICS

         Variable/         Mean/     Skewness/   Minimum/ % with                Percentiles
        Sample Size      Variance    Kurtosis    Maximum  Min/Max      20%/60%    40%/80%    Median

     EKST_C                3.507      -0.229       2.333    4.49%       2.833      3.500      3.500
              89.000       0.337      -0.617       4.667    2.25%       3.667      4.000
     UGOD_C                4.078      -0.701       2.500    2.35%       3.667      4.000      4.167
              85.000       0.313       0.352       5.000    3.53%       4.333      4.500
     SAV_C                 4.117      -0.720       2.500    1.14%       3.667      4.000      4.167
              88.000       0.324       0.313       5.000    4.55%       4.333      4.667
     NE_C                  2.734       0.166       1.333    1.19%       2.167      2.500      2.667
              84.000       0.394      -0.259       4.500    1.19%       2.833      3.333
     OTV_C                 3.727       0.135       2.500    1.18%       3.167      3.500      3.667
              85.000       0.370      -0.747       5.000    2.35%       3.833      4.167
     C1                    6.122      -1.806       1.000    0.58%       6.000      6.000      6.000
            1739.000       0.988       5.199       7.000   40.25%       7.000      7.000
     C2                    6.106      -1.770       1.000    0.69%       6.000      6.000      6.000
            1739.000       1.106       4.511       7.000   41.92%       7.000      7.000
     E1                    5.859      -1.557       1.000    1.21%       5.000      6.000      6.000
            1739.000       1.435       3.155       7.000   33.24%       6.000      7.000
     E2                    5.962      -1.464       1.000    0.63%       5.000      6.000      6.000
            1739.000       1.143       3.287       7.000   34.91%       6.000      7.000
     A1                    5.803      -1.600       1.000    1.90%       5.000      6.000      6.000
            1739.000       1.607       3.108       7.000   31.97%       6.000      7.000
     A2                    6.474      -2.743       1.000    0.75%       6.000      7.000      7.000
            1739.000       1.257       7.689       7.000   72.28%       7.000      7.000
     O1                    5.508      -1.176       1.000    1.38%       5.000      5.000      6.000
            1739.000       1.514       1.948       7.000   20.13%       6.000      7.000
     O2                    5.621      -1.168       1.000    0.92%       5.000      6.000      6.000
            1739.000       1.398       1.984       7.000   23.23%       6.000      7.000
     N1                    4.001      -0.166       1.000   19.21%       2.000      4.000      4.000
            1739.000       4.305      -1.360       7.000   11.79%       5.000      6.000
     N2                    2.220       1.254       1.000   46.06%       1.000      1.000      2.000
            1739.000       2.412       0.598       7.000    1.67%       2.000      4.000


THE MODEL ESTIMATION TERMINATED NORMALLY

     USE THE FBITERATIONS OPTION TO INCREASE THE NUMBER OF ITERATIONS BY A FACTOR
     OF AT LEAST TWO TO CHECK CONVERGENCE AND THAT THE PSR VALUE DOES NOT INCREASE.



MODEL FIT INFORMATION

Number of Free Parameters                             190

Bayesian Posterior Predictive Checking using Chi-Square

          95% Confidence Interval for the Difference Between
          the Observed and the Replicated Chi-Square Values

                                -13.279           118.108

          Posterior Predictive P-Value              0.058

Information Criteria

          Deviance (DIC)                        46688.703
          Estimated Number of Parameters (pD)     772.543



MODEL RESULTS

                                Posterior  One-Tailed         95% C.I.
                    Estimate       S.D.      P-Value   Lower 2.5%  Upper 2.5%  Significance

Within Level

 E1       WITH
    E2                 0.317       0.021      0.000       0.278       0.359      *
    A1                 0.193       0.024      0.000       0.147       0.242      *
    A2                 0.053       0.022      0.008       0.010       0.096      *
    C1                 0.136       0.018      0.000       0.101       0.172      *
    C2                 0.143       0.019      0.000       0.106       0.181      *
    N1                 0.048       0.029      0.050      -0.009       0.106
    N2                -0.116       0.027      0.000      -0.169      -0.064      *
    O1                 0.261       0.024      0.000       0.215       0.308      *
    O2                 0.258       0.023      0.000       0.215       0.304      *

 E2       WITH
    A1                 0.160       0.021      0.000       0.120       0.202      *
    A2                 0.126       0.019      0.000       0.089       0.165      *
    C1                 0.107       0.016      0.000       0.077       0.138      *
    C2                 0.112       0.017      0.000       0.080       0.146      *
    N1                 0.017       0.026      0.255      -0.034       0.067
    N2                -0.147       0.024      0.000      -0.194      -0.101      *
    O1                 0.212       0.021      0.000       0.172       0.253      *
    O2                 0.225       0.020      0.000       0.188       0.265      *

 A1       WITH
    A2                 0.078       0.023      0.000       0.032       0.124      *
    C1                 0.089       0.019      0.000       0.052       0.127      *
    C2                 0.119       0.020      0.000       0.080       0.159      *
    N1                 0.032       0.031      0.157      -0.030       0.093
    N2                -0.084       0.029      0.002      -0.140      -0.028      *
    O1                 0.182       0.025      0.000       0.134       0.232      *
    O2                 0.167       0.024      0.000       0.121       0.214      *

 A2       WITH
    C1                 0.039       0.017      0.013       0.005       0.073      *
    C2                 0.081       0.019      0.000       0.044       0.118      *
    N1                 0.008       0.029      0.390      -0.049       0.065
    N2                -0.153       0.027      0.000      -0.206      -0.101      *
    O1                 0.100       0.023      0.000       0.056       0.145      *
    O2                 0.094       0.022      0.000       0.052       0.136      *

 N1       WITH
    N2                 0.199       0.036      0.000       0.129       0.270      *
    C1                 0.010       0.023      0.333      -0.036       0.056
    C2                 0.049       0.025      0.025       0.000       0.098
    O1                -0.046       0.030      0.064      -0.105       0.013
    O2                -0.063       0.029      0.014      -0.120      -0.007      *

 N2       WITH
    C1                -0.088       0.021      0.000      -0.131      -0.047      *
    C2                -0.045       0.023      0.022      -0.090      -0.001      *
    O1                -0.121       0.028      0.000      -0.176      -0.067      *
    O2                -0.130       0.026      0.000      -0.183      -0.079      *

 C1       WITH
    C2                 0.188       0.016      0.000       0.158       0.219      *
    O1                 0.138       0.019      0.000       0.102       0.175      *
    O2                 0.130       0.018      0.000       0.096       0.165      *

 C2       WITH
    O1                 0.190       0.020      0.000       0.152       0.230      *
    O2                 0.174       0.019      0.000       0.138       0.211      *

 O1       WITH
    O2                 0.426       0.025      0.000       0.380       0.476      *

 Variances
    C1                 0.570       0.020      0.000       0.532       0.611      *
    C2                 0.644       0.023      0.000       0.602       0.691      *
    E1                 0.889       0.031      0.000       0.831       0.953      *
    E2                 0.676       0.024      0.000       0.632       0.726      *
    A1                 1.016       0.036      0.000       0.948       1.089      *
    A2                 0.868       0.030      0.000       0.811       0.930      *
    O1                 0.946       0.033      0.000       0.883       1.014      *
    O2                 0.852       0.030      0.000       0.796       0.914      *
    N1                 1.565       0.055      0.000       1.462       1.678      *
    N2                 1.298       0.046      0.000       1.212       1.391      *

Between Level

 EKST_C   WITH
    E1                 0.198       0.092      0.008       0.038       0.403      *
    E2                 0.192       0.085      0.005       0.046       0.381      *
    A1                 0.076       0.095      0.196      -0.105       0.272
    A2                 0.084       0.078      0.122      -0.061       0.247
    N1                -0.277       0.203      0.068      -0.711       0.093
    N2                -0.266       0.127      0.009      -0.546      -0.045      *
    C1                 0.085       0.077      0.117      -0.058       0.247
    C2                 0.093       0.081      0.110      -0.058       0.263
    O1                 0.051       0.093      0.282      -0.130       0.240
    O2                 0.062       0.091      0.234      -0.113       0.249
    UGOD_C             0.044       0.067      0.243      -0.085       0.181
    SAV_C              0.096       0.070      0.068      -0.031       0.246
    NE_C              -0.298       0.088      0.000      -0.504      -0.159      *
    OTV_C              0.139       0.077      0.022       0.004       0.309      *

 UGOD_C   WITH
    A1                 0.256       0.097      0.001       0.092       0.473      *
    A2                 0.236       0.080      0.000       0.104       0.418      *
    E1                 0.330       0.096      0.000       0.175       0.551      *
    E2                 0.297       0.088      0.000       0.154       0.500      *
    N1                -0.099       0.192      0.294      -0.491       0.274
    N2                -0.346       0.125      0.001      -0.629      -0.138      *
    C1                 0.260       0.081      0.000       0.128       0.445      *
    C2                 0.268       0.085      0.000       0.129       0.462      *
    O1                 0.209       0.094      0.007       0.045       0.419      *
    O2                 0.245       0.093      0.001       0.086       0.454      *
    SAV_C              0.240       0.073      0.000       0.123       0.409      *
    NE_C              -0.139       0.076      0.021      -0.307      -0.005      *
    OTV_C              0.044       0.073      0.261      -0.096       0.195

 SAV_C    WITH
    C1                 0.249       0.083      0.000       0.113       0.438      *
    C2                 0.227       0.085      0.001       0.085       0.417      *
    E1                 0.185       0.091      0.012       0.026       0.386      *
    E2                 0.172       0.084      0.011       0.026       0.357      *
    A1                 0.140       0.097      0.059      -0.037       0.349
    A2                 0.089       0.077      0.105      -0.053       0.253
    N1                -0.083       0.197      0.327      -0.484       0.299
    N2                -0.245       0.127      0.016      -0.524      -0.023      *
    O1                 0.172       0.095      0.023       0.003       0.377      *
    O2                 0.172       0.093      0.020       0.007       0.374      *
    NE_C              -0.205       0.082      0.002      -0.390      -0.067      *
    OTV_C              0.008       0.074      0.455      -0.140       0.156

 NE_C     WITH
    N1                 0.469       0.230      0.012       0.066       0.977      *
    N2                 0.347       0.145      0.003       0.099       0.670      *
    A1                -0.097       0.109      0.169      -0.325       0.107
    A2                -0.030       0.085      0.354      -0.201       0.135
    E1                -0.176       0.100      0.026      -0.395       0.001
    E2                -0.188       0.093      0.012      -0.394      -0.027      *
    C1                -0.071       0.085      0.189      -0.247       0.092
    C2                -0.093       0.089      0.131      -0.280       0.074
    O1                -0.093       0.104      0.172      -0.309       0.103
    O2                -0.110       0.102      0.122      -0.325       0.079
    OTV_C             -0.111       0.084      0.075      -0.292       0.042

 OTV_C    WITH
    O1                 0.138       0.101      0.070      -0.047       0.354
    O2                 0.197       0.100      0.014       0.021       0.418      *
    E1                 0.053       0.096      0.277      -0.130       0.249
    E2                 0.095       0.088      0.125      -0.069       0.281
    A1                 0.040       0.105      0.343      -0.164       0.253
    A2                -0.055       0.082      0.235      -0.226       0.100
    N1                -0.045       0.215      0.413      -0.474       0.381
    N2                 0.054       0.131      0.333      -0.199       0.319
    C1                 0.023       0.082      0.385      -0.140       0.188
    C2                 0.074       0.087      0.182      -0.092       0.253

 E1       WITH
    E2                 0.757       0.145      0.000       0.538       1.102      *
    A1                 0.573       0.140      0.000       0.356       0.903      *
    A2                 0.422       0.111      0.000       0.248       0.682      *
    C1                 0.521       0.119      0.000       0.338       0.800      *
    C2                 0.536       0.124      0.000       0.344       0.830      *
    N1                -0.315       0.251      0.088      -0.848       0.145
    N2                -0.638       0.177      0.000      -1.050      -0.356      *
    O1                 0.491       0.134      0.000       0.278       0.805      *
    O2                 0.478       0.132      0.000       0.269       0.786      *

 E2       WITH
    A1                 0.542       0.129      0.000       0.341       0.848      *
    A2                 0.371       0.101      0.000       0.211       0.606      *
    C1                 0.487       0.110      0.000       0.318       0.746      *
    C2                 0.510       0.115      0.000       0.333       0.784      *
    N1                -0.255       0.230      0.117      -0.739       0.173
    N2                -0.526       0.159      0.000      -0.894      -0.268      *
    O1                 0.490       0.126      0.000       0.293       0.786      *
    O2                 0.486       0.124      0.000       0.292       0.778      *

 A1       WITH
    A2                 0.327       0.108      0.000       0.149       0.574      *
    C1                 0.363       0.111      0.000       0.183       0.620      *
    C2                 0.358       0.116      0.000       0.169       0.624      *
    N1                -0.130       0.255      0.295      -0.650       0.365
    N2                -0.576       0.178      0.000      -0.986      -0.288      *
    O1                 0.317       0.128      0.002       0.099       0.606      *
    O2                 0.324       0.127      0.001       0.111       0.610      *

 A2       WITH
    C1                 0.336       0.093      0.000       0.188       0.553      *
    C2                 0.345       0.097      0.000       0.188       0.570      *
    N1                -0.448       0.218      0.011      -0.928      -0.069      *
    N2                -0.644       0.157      0.000      -1.014      -0.402      *
    O1                 0.183       0.102      0.024       0.001       0.406      *
    O2                 0.183       0.101      0.022       0.005       0.404      *

 N1       WITH
    N2                 0.938       0.360      0.001       0.333       1.751      *
    C1                -0.063       0.212      0.376      -0.490       0.352
    C2                -0.146       0.223      0.245      -0.604       0.281
    O1                 0.263       0.257      0.138      -0.216       0.806
    O2                 0.253       0.252      0.141      -0.217       0.785

 N2       WITH
    C1                -0.443       0.145      0.000      -0.776      -0.204      *
    C2                -0.445       0.152      0.000      -0.794      -0.195      *
    O1                -0.235       0.164      0.059      -0.586       0.063
    O2                -0.170       0.159      0.126      -0.506       0.127

 C1       WITH
    C2                 0.631       0.120      0.000       0.448       0.918      *
    O1                 0.458       0.117      0.000       0.276       0.732      *
    O2                 0.429       0.113      0.000       0.251       0.694      *

 C2       WITH
    O1                 0.490       0.124      0.000       0.296       0.780      *
    O2                 0.478       0.121      0.000       0.289       0.763      *

 O1       WITH
    O2                 0.847       0.163      0.000       0.600       1.237      *

 Means
    EKST_C             3.505       0.076      0.000       3.355       3.653      *
    UGOD_C             4.084       0.073      0.000       3.941       4.227      *
    SAV_C              4.110       0.075      0.000       3.962       4.257      *
    NE_C               2.750       0.084      0.000       2.586       2.917      *
    OTV_C              3.727       0.082      0.000       3.566       3.888      *
    C1                 6.110       0.082      0.000       5.948       6.271      *
    C2                 6.094       0.087      0.000       5.923       6.263      *
    E1                 5.855       0.097      0.000       5.664       6.044      *
    E2                 5.957       0.089      0.000       5.782       6.131      *
    A1                 5.803       0.099      0.000       5.607       5.997      *
    A2                 6.473       0.082      0.000       6.312       6.632      *
    O1                 5.488       0.099      0.000       5.293       5.683      *
    O2                 5.602       0.098      0.000       5.411       5.794      *
    N1                 3.946       0.209      0.000       3.534       4.357      *
    N2                 2.198       0.132      0.000       1.939       2.456      *

 Variances
    EKST_C             0.516       0.100      0.000       0.367       0.756      *
    UGOD_C             0.470       0.091      0.000       0.335       0.689      *
    SAV_C              0.503       0.098      0.000       0.356       0.738      *
    NE_C               0.623       0.125      0.000       0.439       0.924      *
    OTV_C              0.578       0.116      0.000       0.407       0.858      *
    C1                 0.623       0.118      0.000       0.444       0.905      *
    C2                 0.690       0.131      0.000       0.491       1.003      *
    E1                 0.849       0.163      0.000       0.602       1.236      *
    E2                 0.722       0.137      0.000       0.514       1.048      *
    A1                 0.898       0.173      0.000       0.635       1.311      *
    A2                 0.595       0.116      0.000       0.419       0.871      *
    O1                 0.898       0.172      0.000       0.637       1.310      *
    O2                 0.868       0.166      0.000       0.617       1.263      *
    N1                 4.150       0.766      0.000       2.988       5.974      *
    N2                 1.607       0.304      0.000       1.149       2.334      *


STANDARDIZED MODEL RESULTS


STDYX Standardization

                                Posterior  One-Tailed         95% C.I.
                    Estimate       S.D.      P-Value   Lower 2.5%  Upper 2.5%  Significance
Within Level

 E1       WITH
    E2                 0.409       0.021      0.000       0.368       0.448      *
    A1                 0.204       0.024      0.000       0.156       0.250      *
    A2                 0.060       0.025      0.008       0.012       0.108      *
    C1                 0.191       0.024      0.000       0.143       0.238      *
    C2                 0.188       0.024      0.000       0.141       0.235      *
    N1                 0.041       0.025      0.050      -0.008       0.089
    N2                -0.108       0.025      0.000      -0.156      -0.060      *
    O1                 0.285       0.023      0.000       0.239       0.329      *
    O2                 0.297       0.023      0.000       0.252       0.341      *

 E2       WITH
    A1                 0.194       0.024      0.000       0.146       0.240      *
    A2                 0.165       0.024      0.000       0.117       0.212      *
    C1                 0.172       0.024      0.000       0.125       0.219      *
    C2                 0.170       0.024      0.000       0.123       0.217      *
    N1                 0.016       0.025      0.255      -0.033       0.065
    N2                -0.157       0.024      0.000      -0.204      -0.109      *
    O1                 0.265       0.023      0.000       0.219       0.310      *
    O2                 0.297       0.023      0.000       0.252       0.340      *

 A1       WITH
    A2                 0.083       0.025      0.000       0.035       0.131      *
    C1                 0.117       0.024      0.000       0.069       0.165      *
    C2                 0.147       0.024      0.000       0.100       0.194      *
    N1                 0.025       0.025      0.157      -0.024       0.074
    N2                -0.073       0.025      0.002      -0.121      -0.025      *
    O1                 0.186       0.024      0.000       0.139       0.232      *
    O2                 0.179       0.024      0.000       0.132       0.226      *

 A2       WITH
    C1                 0.055       0.025      0.013       0.007       0.103      *
    C2                 0.108       0.025      0.000       0.059       0.156      *
    N1                 0.007       0.025      0.390      -0.042       0.055
    N2                -0.144       0.024      0.000      -0.192      -0.096      *
    O1                 0.111       0.025      0.000       0.062       0.159      *
    O2                 0.109       0.025      0.000       0.061       0.157      *

 N1       WITH
    N2                 0.140       0.024      0.000       0.091       0.187      *
    C1                 0.011       0.025      0.333      -0.038       0.059
    C2                 0.049       0.025      0.025       0.000       0.097
    O1                -0.038       0.025      0.064      -0.086       0.011
    O2                -0.055       0.025      0.014      -0.103      -0.006      *

 N2       WITH
    C1                -0.103       0.025      0.000      -0.150      -0.054      *
    C2                -0.050       0.025      0.022      -0.098      -0.001      *
    O1                -0.109       0.025      0.000      -0.157      -0.061      *
    O2                -0.124       0.025      0.000      -0.172      -0.076      *

 C1       WITH
    C2                 0.310       0.022      0.000       0.266       0.353      *
    O1                 0.188       0.024      0.000       0.140       0.234      *
    O2                 0.187       0.024      0.000       0.139       0.233      *

 C2       WITH
    O1                 0.243       0.023      0.000       0.197       0.289      *
    O2                 0.235       0.023      0.000       0.188       0.280      *

 O1       WITH
    O2                 0.475       0.019      0.000       0.437       0.512      *

 Variances
    C1                 1.000       0.000      0.000       1.000       1.000
    C2                 1.000       0.000      0.000       1.000       1.000
    E1                 1.000       0.000      0.000       1.000       1.000
    E2                 1.000       0.000      0.000       1.000       1.000
    A1                 1.000       0.000      0.000       1.000       1.000
    A2                 1.000       0.000      0.000       1.000       1.000
    O1                 1.000       0.000      0.000       1.000       1.000
    O2                 1.000       0.000      0.000       1.000       1.000
    N1                 1.000       0.000      0.000       1.000       1.000
    N2                 1.000       0.000      0.000       1.000       1.000

Between Level

 EKST_C   WITH
    E1                 0.304       0.116      0.008       0.060       0.514      *
    E2                 0.320       0.115      0.005       0.078       0.527      *
    A1                 0.114       0.130      0.196      -0.149       0.359
    A2                 0.155       0.129      0.122      -0.108       0.396
    N1                -0.193       0.125      0.068      -0.425       0.064
    N2                -0.297       0.117      0.009      -0.508      -0.051      *
    C1                 0.153       0.125      0.117      -0.100       0.387
    C2                 0.158       0.124      0.110      -0.096       0.391
    O1                 0.076       0.129      0.282      -0.180       0.322
    O2                 0.094       0.128      0.234      -0.161       0.336
    UGOD_C             0.090       0.127      0.243      -0.164       0.332
    SAV_C              0.191       0.123      0.068      -0.061       0.420
    NE_C              -0.532       0.095      0.000      -0.692      -0.321      *
    OTV_C              0.259       0.121      0.022       0.008       0.481      *

 UGOD_C   WITH
    A1                 0.400       0.115      0.001       0.151       0.601      *
    A2                 0.453       0.109      0.000       0.215       0.640      *
    E1                 0.528       0.098      0.000       0.311       0.693      *
    E2                 0.516       0.099      0.000       0.295       0.684      *
    N1                -0.072       0.130      0.294      -0.320       0.186
    N2                -0.404       0.108      0.001      -0.593      -0.171      *
    C1                 0.486       0.102      0.000       0.262       0.660      *
    C2                 0.477       0.103      0.000       0.250       0.654      *
    O1                 0.327       0.120      0.007       0.072       0.542      *
    O2                 0.389       0.114      0.001       0.143       0.588      *
    SAV_C              0.500       0.098      0.000       0.283       0.667      *
    NE_C              -0.261       0.121      0.021      -0.482      -0.009      *
    OTV_C              0.085       0.131      0.261      -0.176       0.336

 SAV_C    WITH
    C1                 0.452       0.105      0.000       0.221       0.632      *
    C2                 0.391       0.110      0.001       0.155       0.584      *
    E1                 0.288       0.118      0.012       0.041       0.501      *
    E2                 0.290       0.117      0.011       0.044       0.503      *
    A1                 0.212       0.130      0.059      -0.056       0.451
    A2                 0.166       0.129      0.105      -0.095       0.406
    N1                -0.058       0.129      0.327      -0.307       0.197
    N2                -0.277       0.120      0.016      -0.495      -0.026      *
    O1                 0.260       0.123      0.023       0.004       0.483      *
    O2                 0.265       0.121      0.020       0.011       0.486      *
    NE_C              -0.371       0.113      0.002      -0.570      -0.129      *
    OTV_C              0.015       0.130      0.455      -0.241       0.268

 NE_C     WITH
    N1                 0.297       0.121      0.012       0.042       0.515      *
    N2                 0.352       0.116      0.003       0.105       0.556      *
    A1                -0.133       0.135      0.169      -0.385       0.139
    A2                -0.050       0.131      0.354      -0.303       0.209
    E1                -0.246       0.120      0.026      -0.466       0.002
    E2                -0.286       0.118      0.012      -0.499      -0.041      *
    C1                -0.115       0.128      0.189      -0.356       0.142
    C2                -0.145       0.125      0.131      -0.380       0.110
    O1                -0.126       0.129      0.172      -0.370       0.133
    O2                -0.153       0.127      0.122      -0.392       0.105
    OTV_C             -0.188       0.126      0.075      -0.422       0.070

 OTV_C    WITH
    O1                 0.195       0.127      0.070      -0.064       0.430
    O2                 0.283       0.121      0.014       0.031       0.501      *
    E1                 0.077       0.128      0.277      -0.178       0.323
    E2                 0.149       0.126      0.125      -0.105       0.386
    A1                 0.056       0.137      0.343      -0.216       0.318
    A2                -0.096       0.131      0.235      -0.345       0.166
    N1                -0.030       0.132      0.413      -0.284       0.230
    N2                 0.057       0.128      0.333      -0.195       0.301
    C1                 0.039       0.130      0.385      -0.217       0.290
    C2                 0.119       0.129      0.182      -0.140       0.363

 E1       WITH
    E2                 0.969       0.013      0.000       0.937       0.987      *
    A1                 0.664       0.076      0.000       0.490       0.787      *
    A2                 0.601       0.087      0.000       0.406       0.745      *
    C1                 0.722       0.065      0.000       0.570       0.826      *
    C2                 0.706       0.068      0.000       0.550       0.816      *
    N1                -0.171       0.122      0.088      -0.399       0.077
    N2                -0.553       0.091      0.000      -0.707      -0.350      *
    O1                 0.569       0.090      0.000       0.369       0.719      *
    O2                 0.563       0.090      0.000       0.362       0.714      *

 E2       WITH
    A1                 0.680       0.073      0.000       0.513       0.797      *
    A2                 0.572       0.090      0.000       0.373       0.723      *
    C1                 0.732       0.063      0.000       0.585       0.832      *
    C2                 0.729       0.064      0.000       0.582       0.831      *
    N1                -0.150       0.122      0.117      -0.380       0.098
    N2                -0.495       0.098      0.000      -0.663      -0.280      *
    O1                 0.616       0.083      0.000       0.429       0.752      *
    O2                 0.620       0.082      0.000       0.436       0.755      *

 A1       WITH
    A2                 0.454       0.105      0.000       0.225       0.636      *
    C1                 0.492       0.099      0.000       0.274       0.662      *
    C2                 0.462       0.103      0.000       0.239       0.639      *
    N1                -0.069       0.125      0.295      -0.307       0.180
    N2                -0.487       0.100      0.000      -0.658      -0.267      *
    O1                 0.359       0.113      0.002       0.118       0.559      *
    O2                 0.373       0.112      0.001       0.135       0.571      *

 A2       WITH
    C1                 0.559       0.092      0.000       0.353       0.714      *
    C2                 0.544       0.094      0.000       0.336       0.702      *
    N1                -0.290       0.117      0.011      -0.502      -0.045      *
    N2                -0.665       0.076      0.000      -0.789      -0.493      *
    O1                 0.255       0.122      0.024       0.002       0.477      *
    O2                 0.259       0.121      0.022       0.007       0.481      *

 N1       WITH
    N2                 0.369       0.109      0.001       0.138       0.563      *
    C1                -0.040       0.125      0.376      -0.280       0.206
    C2                -0.088       0.124      0.245      -0.324       0.160
    O1                 0.138       0.123      0.138      -0.110       0.373
    O2                 0.136       0.123      0.141      -0.112       0.369

 N2       WITH
    C1                -0.449       0.103      0.000      -0.627      -0.225      *
    C2                -0.429       0.105      0.000      -0.613      -0.202      *
    O1                -0.199       0.122      0.059      -0.426       0.052
    O2                -0.146       0.124      0.126      -0.379       0.106

 C1       WITH
    C2                 0.964       0.014      0.000       0.929       0.984      *
    O1                 0.619       0.082      0.000       0.434       0.754      *
    O2                 0.590       0.086      0.000       0.398       0.734      *

 C2       WITH
    O1                 0.628       0.081      0.000       0.446       0.761      *
    O2                 0.623       0.081      0.000       0.441       0.758      *

 O1       WITH
    O2                 0.962       0.014      0.000       0.927       0.981      *

 Means
    EKST_C             4.877       0.460      0.000       4.005       5.805      *
    UGOD_C             5.955       0.554      0.000       4.903       7.071      *
    SAV_C              5.796       0.548      0.000       4.759       6.904      *
    NE_C               3.483       0.344      0.000       2.831       4.177      *
    OTV_C              4.903       0.476      0.000       3.999       5.867      *
    C1                 7.741       0.709      0.000       6.404       9.183      *
    C2                 7.339       0.674      0.000       6.067       8.712      *
    E1                 6.356       0.591      0.000       5.246       7.560      *
    E2                 7.014       0.645      0.000       5.796       8.327      *
    A1                 6.124       0.573      0.000       5.047       7.297      *
    A2                 8.392       0.790      0.000       6.918      10.019      *
    O1                 5.794       0.541      0.000       4.774       6.896      *
    O2                 6.014       0.560      0.000       4.962       7.153      *
    N1                 1.938       0.199      0.000       1.557       2.336      *
    N2                 1.735       0.187      0.000       1.377       2.111      *

 Variances
    EKST_C             1.000       0.000      0.000       1.000       1.000
    UGOD_C             1.000       0.000      0.000       1.000       1.000
    SAV_C              1.000       0.000      0.000       1.000       1.000
    NE_C               1.000       0.000      0.000       1.000       1.000
    OTV_C              1.000       0.000      0.000       1.000       1.000
    C1                 1.000       0.000      0.000       1.000       1.000
    C2                 1.000       0.000      0.000       1.000       1.000
    E1                 1.000       0.000      0.000       1.000       1.000
    E2                 1.000       0.000      0.000       1.000       1.000
    A1                 1.000       0.000      0.000       1.000       1.000
    A2                 1.000       0.000      0.000       1.000       1.000
    O1                 1.000       0.000      0.000       1.000       1.000
    O2                 1.000       0.000      0.000       1.000       1.000
    N1                 1.000       0.000      0.000       1.000       1.000
    N2                 1.000       0.000      0.000       1.000       1.000


STDY Standardization

                                Posterior  One-Tailed         95% C.I.
                    Estimate       S.D.      P-Value   Lower 2.5%  Upper 2.5%  Significance
Within Level

 E1       WITH
    E2                 0.409       0.021      0.000       0.368       0.448      *
    A1                 0.204       0.024      0.000       0.156       0.250      *
    A2                 0.060       0.025      0.008       0.012       0.108      *
    C1                 0.191       0.024      0.000       0.143       0.238      *
    C2                 0.188       0.024      0.000       0.141       0.235      *
    N1                 0.041       0.025      0.050      -0.008       0.089
    N2                -0.108       0.025      0.000      -0.156      -0.060      *
    O1                 0.285       0.023      0.000       0.239       0.329      *
    O2                 0.297       0.023      0.000       0.252       0.341      *

 E2       WITH
    A1                 0.194       0.024      0.000       0.146       0.240      *
    A2                 0.165       0.024      0.000       0.117       0.212      *
    C1                 0.172       0.024      0.000       0.125       0.219      *
    C2                 0.170       0.024      0.000       0.123       0.217      *
    N1                 0.016       0.025      0.255      -0.033       0.065
    N2                -0.157       0.024      0.000      -0.204      -0.109      *
    O1                 0.265       0.023      0.000       0.219       0.310      *
    O2                 0.297       0.023      0.000       0.252       0.340      *

 A1       WITH
    A2                 0.083       0.025      0.000       0.035       0.131      *
    C1                 0.117       0.024      0.000       0.069       0.165      *
    C2                 0.147       0.024      0.000       0.100       0.194      *
    N1                 0.025       0.025      0.157      -0.024       0.074
    N2                -0.073       0.025      0.002      -0.121      -0.025      *
    O1                 0.186       0.024      0.000       0.139       0.232      *
    O2                 0.179       0.024      0.000       0.132       0.226      *

 A2       WITH
    C1                 0.055       0.025      0.013       0.007       0.103      *
    C2                 0.108       0.025      0.000       0.059       0.156      *
    N1                 0.007       0.025      0.390      -0.042       0.055
    N2                -0.144       0.024      0.000      -0.192      -0.096      *
    O1                 0.111       0.025      0.000       0.062       0.159      *
    O2                 0.109       0.025      0.000       0.061       0.157      *

 N1       WITH
    N2                 0.140       0.024      0.000       0.091       0.187      *
    C1                 0.011       0.025      0.333      -0.038       0.059
    C2                 0.049       0.025      0.025       0.000       0.097
    O1                -0.038       0.025      0.064      -0.086       0.011
    O2                -0.055       0.025      0.014      -0.103      -0.006      *

 N2       WITH
    C1                -0.103       0.025      0.000      -0.150      -0.054      *
    C2                -0.050       0.025      0.022      -0.098      -0.001      *
    O1                -0.109       0.025      0.000      -0.157      -0.061      *
    O2                -0.124       0.025      0.000      -0.172      -0.076      *

 C1       WITH
    C2                 0.310       0.022      0.000       0.266       0.353      *
    O1                 0.188       0.024      0.000       0.140       0.234      *
    O2                 0.187       0.024      0.000       0.139       0.233      *

 C2       WITH
    O1                 0.243       0.023      0.000       0.197       0.289      *
    O2                 0.235       0.023      0.000       0.188       0.280      *

 O1       WITH
    O2                 0.475       0.019      0.000       0.437       0.512      *

 Variances
    C1                 1.000       0.000      0.000       1.000       1.000
    C2                 1.000       0.000      0.000       1.000       1.000
    E1                 1.000       0.000      0.000       1.000       1.000
    E2                 1.000       0.000      0.000       1.000       1.000
    A1                 1.000       0.000      0.000       1.000       1.000
    A2                 1.000       0.000      0.000       1.000       1.000
    O1                 1.000       0.000      0.000       1.000       1.000
    O2                 1.000       0.000      0.000       1.000       1.000
    N1                 1.000       0.000      0.000       1.000       1.000
    N2                 1.000       0.000      0.000       1.000       1.000

Between Level

 EKST_C   WITH
    E1                 0.304       0.116      0.008       0.060       0.514      *
    E2                 0.320       0.115      0.005       0.078       0.527      *
    A1                 0.114       0.130      0.196      -0.149       0.359
    A2                 0.155       0.129      0.122      -0.108       0.396
    N1                -0.193       0.125      0.068      -0.425       0.064
    N2                -0.297       0.117      0.009      -0.508      -0.051      *
    C1                 0.153       0.125      0.117      -0.100       0.387
    C2                 0.158       0.124      0.110      -0.096       0.391
    O1                 0.076       0.129      0.282      -0.180       0.322
    O2                 0.094       0.128      0.234      -0.161       0.336
    UGOD_C             0.090       0.127      0.243      -0.164       0.332
    SAV_C              0.191       0.123      0.068      -0.061       0.420
    NE_C              -0.532       0.095      0.000      -0.692      -0.321      *
    OTV_C              0.259       0.121      0.022       0.008       0.481      *

 UGOD_C   WITH
    A1                 0.400       0.115      0.001       0.151       0.601      *
    A2                 0.453       0.109      0.000       0.215       0.640      *
    E1                 0.528       0.098      0.000       0.311       0.693      *
    E2                 0.516       0.099      0.000       0.295       0.684      *
    N1                -0.072       0.130      0.294      -0.320       0.186
    N2                -0.404       0.108      0.001      -0.593      -0.171      *
    C1                 0.486       0.102      0.000       0.262       0.660      *
    C2                 0.477       0.103      0.000       0.250       0.654      *
    O1                 0.327       0.120      0.007       0.072       0.542      *
    O2                 0.389       0.114      0.001       0.143       0.588      *
    SAV_C              0.500       0.098      0.000       0.283       0.667      *
    NE_C              -0.261       0.121      0.021      -0.482      -0.009      *
    OTV_C              0.085       0.131      0.261      -0.176       0.336

 SAV_C    WITH
    C1                 0.452       0.105      0.000       0.221       0.632      *
    C2                 0.391       0.110      0.001       0.155       0.584      *
    E1                 0.288       0.118      0.012       0.041       0.501      *
    E2                 0.290       0.117      0.011       0.044       0.503      *
    A1                 0.212       0.130      0.059      -0.056       0.451
    A2                 0.166       0.129      0.105      -0.095       0.406
    N1                -0.058       0.129      0.327      -0.307       0.197
    N2                -0.277       0.120      0.016      -0.495      -0.026      *
    O1                 0.260       0.123      0.023       0.004       0.483      *
    O2                 0.265       0.121      0.020       0.011       0.486      *
    NE_C              -0.371       0.113      0.002      -0.570      -0.129      *
    OTV_C              0.015       0.130      0.455      -0.241       0.268

 NE_C     WITH
    N1                 0.297       0.121      0.012       0.042       0.515      *
    N2                 0.352       0.116      0.003       0.105       0.556      *
    A1                -0.133       0.135      0.169      -0.385       0.139
    A2                -0.050       0.131      0.354      -0.303       0.209
    E1                -0.246       0.120      0.026      -0.466       0.002
    E2                -0.286       0.118      0.012      -0.499      -0.041      *
    C1                -0.115       0.128      0.189      -0.356       0.142
    C2                -0.145       0.125      0.131      -0.380       0.110
    O1                -0.126       0.129      0.172      -0.370       0.133
    O2                -0.153       0.127      0.122      -0.392       0.105
    OTV_C             -0.188       0.126      0.075      -0.422       0.070

 OTV_C    WITH
    O1                 0.195       0.127      0.070      -0.064       0.430
    O2                 0.283       0.121      0.014       0.031       0.501      *
    E1                 0.077       0.128      0.277      -0.178       0.323
    E2                 0.149       0.126      0.125      -0.105       0.386
    A1                 0.056       0.137      0.343      -0.216       0.318
    A2                -0.096       0.131      0.235      -0.345       0.166
    N1                -0.030       0.132      0.413      -0.284       0.230
    N2                 0.057       0.128      0.333      -0.195       0.301
    C1                 0.039       0.130      0.385      -0.217       0.290
    C2                 0.119       0.129      0.182      -0.140       0.363

 E1       WITH
    E2                 0.969       0.013      0.000       0.937       0.987      *
    A1                 0.664       0.076      0.000       0.490       0.787      *
    A2                 0.601       0.087      0.000       0.406       0.745      *
    C1                 0.722       0.065      0.000       0.570       0.826      *
    C2                 0.706       0.068      0.000       0.550       0.816      *
    N1                -0.171       0.122      0.088      -0.399       0.077
    N2                -0.553       0.091      0.000      -0.707      -0.350      *
    O1                 0.569       0.090      0.000       0.369       0.719      *
    O2                 0.563       0.090      0.000       0.362       0.714      *

 E2       WITH
    A1                 0.680       0.073      0.000       0.513       0.797      *
    A2                 0.572       0.090      0.000       0.373       0.723      *
    C1                 0.732       0.063      0.000       0.585       0.832      *
    C2                 0.729       0.064      0.000       0.582       0.831      *
    N1                -0.150       0.122      0.117      -0.380       0.098
    N2                -0.495       0.098      0.000      -0.663      -0.280      *
    O1                 0.616       0.083      0.000       0.429       0.752      *
    O2                 0.620       0.082      0.000       0.436       0.755      *

 A1       WITH
    A2                 0.454       0.105      0.000       0.225       0.636      *
    C1                 0.492       0.099      0.000       0.274       0.662      *
    C2                 0.462       0.103      0.000       0.239       0.639      *
    N1                -0.069       0.125      0.295      -0.307       0.180
    N2                -0.487       0.100      0.000      -0.658      -0.267      *
    O1                 0.359       0.113      0.002       0.118       0.559      *
    O2                 0.373       0.112      0.001       0.135       0.571      *

 A2       WITH
    C1                 0.559       0.092      0.000       0.353       0.714      *
    C2                 0.544       0.094      0.000       0.336       0.702      *
    N1                -0.290       0.117      0.011      -0.502      -0.045      *
    N2                -0.665       0.076      0.000      -0.789      -0.493      *
    O1                 0.255       0.122      0.024       0.002       0.477      *
    O2                 0.259       0.121      0.022       0.007       0.481      *

 N1       WITH
    N2                 0.369       0.109      0.001       0.138       0.563      *
    C1                -0.040       0.125      0.376      -0.280       0.206
    C2                -0.088       0.124      0.245      -0.324       0.160
    O1                 0.138       0.123      0.138      -0.110       0.373
    O2                 0.136       0.123      0.141      -0.112       0.369

 N2       WITH
    C1                -0.449       0.103      0.000      -0.627      -0.225      *
    C2                -0.429       0.105      0.000      -0.613      -0.202      *
    O1                -0.199       0.122      0.059      -0.426       0.052
    O2                -0.146       0.124      0.126      -0.379       0.106

 C1       WITH
    C2                 0.964       0.014      0.000       0.929       0.984      *
    O1                 0.619       0.082      0.000       0.434       0.754      *
    O2                 0.590       0.086      0.000       0.398       0.734      *

 C2       WITH
    O1                 0.628       0.081      0.000       0.446       0.761      *
    O2                 0.623       0.081      0.000       0.441       0.758      *

 O1       WITH
    O2                 0.962       0.014      0.000       0.927       0.981      *

 Means
    EKST_C             4.877       0.460      0.000       4.005       5.805      *
    UGOD_C             5.955       0.554      0.000       4.903       7.071      *
    SAV_C              5.796       0.548      0.000       4.759       6.904      *
    NE_C               3.483       0.344      0.000       2.831       4.177      *
    OTV_C              4.903       0.476      0.000       3.999       5.867      *
    C1                 7.741       0.709      0.000       6.404       9.183      *
    C2                 7.339       0.674      0.000       6.067       8.712      *
    E1                 6.356       0.591      0.000       5.246       7.560      *
    E2                 7.014       0.645      0.000       5.796       8.327      *
    A1                 6.124       0.573      0.000       5.047       7.297      *
    A2                 8.392       0.790      0.000       6.918      10.019      *
    O1                 5.794       0.541      0.000       4.774       6.896      *
    O2                 6.014       0.560      0.000       4.962       7.153      *
    N1                 1.938       0.199      0.000       1.557       2.336      *
    N2                 1.735       0.187      0.000       1.377       2.111      *

 Variances
    EKST_C             1.000       0.000      0.000       1.000       1.000
    UGOD_C             1.000       0.000      0.000       1.000       1.000
    SAV_C              1.000       0.000      0.000       1.000       1.000
    NE_C               1.000       0.000      0.000       1.000       1.000
    OTV_C              1.000       0.000      0.000       1.000       1.000
    C1                 1.000       0.000      0.000       1.000       1.000
    C2                 1.000       0.000      0.000       1.000       1.000
    E1                 1.000       0.000      0.000       1.000       1.000
    E2                 1.000       0.000      0.000       1.000       1.000
    A1                 1.000       0.000      0.000       1.000       1.000
    A2                 1.000       0.000      0.000       1.000       1.000
    O1                 1.000       0.000      0.000       1.000       1.000
    O2                 1.000       0.000      0.000       1.000       1.000
    N1                 1.000       0.000      0.000       1.000       1.000
    N2                 1.000       0.000      0.000       1.000       1.000


STD Standardization

                                Posterior  One-Tailed         95% C.I.
                    Estimate       S.D.      P-Value   Lower 2.5%  Upper 2.5%  Significance
Within Level

 E1       WITH
    E2                 0.317       0.021      0.000       0.278       0.359      *
    A1                 0.193       0.024      0.000       0.147       0.242      *
    A2                 0.053       0.022      0.008       0.010       0.096      *
    C1                 0.136       0.018      0.000       0.101       0.172      *
    C2                 0.143       0.019      0.000       0.106       0.181      *
    N1                 0.048       0.029      0.050      -0.009       0.106
    N2                -0.116       0.027      0.000      -0.169      -0.064      *
    O1                 0.261       0.024      0.000       0.215       0.308      *
    O2                 0.258       0.023      0.000       0.215       0.304      *

 E2       WITH
    A1                 0.160       0.021      0.000       0.120       0.202      *
    A2                 0.126       0.019      0.000       0.089       0.165      *
    C1                 0.107       0.016      0.000       0.077       0.138      *
    C2                 0.112       0.017      0.000       0.080       0.146      *
    N1                 0.017       0.026      0.255      -0.034       0.067
    N2                -0.147       0.024      0.000      -0.194      -0.101      *
    O1                 0.212       0.021      0.000       0.172       0.253      *
    O2                 0.225       0.020      0.000       0.188       0.265      *

 A1       WITH
    A2                 0.078       0.023      0.000       0.032       0.124      *
    C1                 0.089       0.019      0.000       0.052       0.127      *
    C2                 0.119       0.020      0.000       0.080       0.159      *
    N1                 0.032       0.031      0.157      -0.030       0.093
    N2                -0.084       0.029      0.002      -0.140      -0.028      *
    O1                 0.182       0.025      0.000       0.134       0.232      *
    O2                 0.167       0.024      0.000       0.121       0.214      *

 A2       WITH
    C1                 0.039       0.017      0.013       0.005       0.073      *
    C2                 0.081       0.019      0.000       0.044       0.118      *
    N1                 0.008       0.029      0.390      -0.049       0.065
    N2                -0.153       0.027      0.000      -0.206      -0.101      *
    O1                 0.100       0.023      0.000       0.056       0.145      *
    O2                 0.094       0.022      0.000       0.052       0.136      *

 N1       WITH
    N2                 0.199       0.036      0.000       0.129       0.270      *
    C1                 0.010       0.023      0.333      -0.036       0.056
    C2                 0.049       0.025      0.025       0.000       0.098
    O1                -0.046       0.030      0.064      -0.105       0.013
    O2                -0.063       0.029      0.014      -0.120      -0.007      *

 N2       WITH
    C1                -0.088       0.021      0.000      -0.131      -0.047      *
    C2                -0.045       0.023      0.022      -0.090      -0.001      *
    O1                -0.121       0.028      0.000      -0.176      -0.067      *
    O2                -0.130       0.026      0.000      -0.183      -0.079      *

 C1       WITH
    C2                 0.188       0.016      0.000       0.158       0.219      *
    O1                 0.138       0.019      0.000       0.102       0.175      *
    O2                 0.130       0.018      0.000       0.096       0.165      *

 C2       WITH
    O1                 0.190       0.020      0.000       0.152       0.230      *
    O2                 0.174       0.019      0.000       0.138       0.211      *

 O1       WITH
    O2                 0.426       0.025      0.000       0.380       0.476      *

 Variances
    C1                 0.570       0.020      0.000       0.532       0.611      *
    C2                 0.644       0.023      0.000       0.602       0.691      *
    E1                 0.889       0.031      0.000       0.831       0.953      *
    E2                 0.676       0.024      0.000       0.632       0.726      *
    A1                 1.016       0.036      0.000       0.948       1.089      *
    A2                 0.868       0.030      0.000       0.811       0.930      *
    O1                 0.946       0.033      0.000       0.883       1.014      *
    O2                 0.852       0.030      0.000       0.796       0.914      *
    N1                 1.565       0.055      0.000       1.462       1.678      *
    N2                 1.298       0.046      0.000       1.212       1.391      *

Between Level

 EKST_C   WITH
    E1                 0.198       0.092      0.008       0.038       0.403      *
    E2                 0.192       0.085      0.005       0.046       0.381      *
    A1                 0.076       0.095      0.196      -0.105       0.272
    A2                 0.084       0.078      0.122      -0.061       0.247
    N1                -0.277       0.203      0.068      -0.711       0.093
    N2                -0.266       0.127      0.009      -0.546      -0.045      *
    C1                 0.085       0.077      0.117      -0.058       0.247
    C2                 0.093       0.081      0.110      -0.058       0.263
    O1                 0.051       0.093      0.282      -0.130       0.240
    O2                 0.062       0.091      0.234      -0.113       0.249
    UGOD_C             0.044       0.067      0.243      -0.085       0.181
    SAV_C              0.096       0.070      0.068      -0.031       0.246
    NE_C              -0.298       0.088      0.000      -0.504      -0.159      *
    OTV_C              0.139       0.077      0.022       0.004       0.309      *

 UGOD_C   WITH
    A1                 0.256       0.097      0.001       0.092       0.473      *
    A2                 0.236       0.080      0.000       0.104       0.418      *
    E1                 0.330       0.096      0.000       0.175       0.551      *
    E2                 0.297       0.088      0.000       0.154       0.500      *
    N1                -0.099       0.192      0.294      -0.491       0.274
    N2                -0.346       0.125      0.001      -0.629      -0.138      *
    C1                 0.260       0.081      0.000       0.128       0.445      *
    C2                 0.268       0.085      0.000       0.129       0.462      *
    O1                 0.209       0.094      0.007       0.045       0.419      *
    O2                 0.245       0.093      0.001       0.086       0.454      *
    SAV_C              0.240       0.073      0.000       0.123       0.409      *
    NE_C              -0.139       0.076      0.021      -0.307      -0.005      *
    OTV_C              0.044       0.073      0.261      -0.096       0.195

 SAV_C    WITH
    C1                 0.249       0.083      0.000       0.113       0.438      *
    C2                 0.227       0.085      0.001       0.085       0.417      *
    E1                 0.185       0.091      0.012       0.026       0.386      *
    E2                 0.172       0.084      0.011       0.026       0.357      *
    A1                 0.140       0.097      0.059      -0.037       0.349
    A2                 0.089       0.077      0.105      -0.053       0.253
    N1                -0.083       0.197      0.327      -0.484       0.299
    N2                -0.245       0.127      0.016      -0.524      -0.023      *
    O1                 0.172       0.095      0.023       0.003       0.377      *
    O2                 0.172       0.093      0.020       0.007       0.374      *
    NE_C              -0.205       0.082      0.002      -0.390      -0.067      *
    OTV_C              0.008       0.074      0.455      -0.140       0.156

 NE_C     WITH
    N1                 0.469       0.230      0.012       0.066       0.977      *
    N2                 0.347       0.145      0.003       0.099       0.670      *
    A1                -0.097       0.109      0.169      -0.325       0.107
    A2                -0.030       0.085      0.354      -0.201       0.135
    E1                -0.176       0.100      0.026      -0.395       0.001
    E2                -0.188       0.093      0.012      -0.394      -0.027      *
    C1                -0.071       0.085      0.189      -0.247       0.092
    C2                -0.093       0.089      0.131      -0.280       0.074
    O1                -0.093       0.104      0.172      -0.309       0.103
    O2                -0.110       0.102      0.122      -0.325       0.079
    OTV_C             -0.111       0.084      0.075      -0.292       0.042

 OTV_C    WITH
    O1                 0.138       0.101      0.070      -0.047       0.354
    O2                 0.197       0.100      0.014       0.021       0.418      *
    E1                 0.053       0.096      0.277      -0.130       0.249
    E2                 0.095       0.088      0.125      -0.069       0.281
    A1                 0.040       0.105      0.343      -0.164       0.253
    A2                -0.055       0.082      0.235      -0.226       0.100
    N1                -0.045       0.215      0.413      -0.474       0.381
    N2                 0.054       0.131      0.333      -0.199       0.319
    C1                 0.023       0.082      0.385      -0.140       0.188
    C2                 0.074       0.087      0.182      -0.092       0.253

 E1       WITH
    E2                 0.757       0.145      0.000       0.538       1.102      *
    A1                 0.573       0.140      0.000       0.356       0.903      *
    A2                 0.422       0.111      0.000       0.248       0.682      *
    C1                 0.521       0.119      0.000       0.338       0.800      *
    C2                 0.536       0.124      0.000       0.344       0.830      *
    N1                -0.315       0.251      0.088      -0.848       0.145
    N2                -0.638       0.177      0.000      -1.050      -0.356      *
    O1                 0.491       0.134      0.000       0.278       0.805      *
    O2                 0.478       0.132      0.000       0.269       0.786      *

 E2       WITH
    A1                 0.542       0.129      0.000       0.341       0.848      *
    A2                 0.371       0.101      0.000       0.211       0.606      *
    C1                 0.487       0.110      0.000       0.318       0.746      *
    C2                 0.510       0.115      0.000       0.333       0.784      *
    N1                -0.255       0.230      0.117      -0.739       0.173
    N2                -0.526       0.159      0.000      -0.894      -0.268      *
    O1                 0.490       0.126      0.000       0.293       0.786      *
    O2                 0.486       0.124      0.000       0.292       0.778      *

 A1       WITH
    A2                 0.327       0.108      0.000       0.149       0.574      *
    C1                 0.363       0.111      0.000       0.183       0.620      *
    C2                 0.358       0.116      0.000       0.169       0.624      *
    N1                -0.130       0.255      0.295      -0.650       0.365
    N2                -0.576       0.178      0.000      -0.986      -0.288      *
    O1                 0.317       0.128      0.002       0.099       0.606      *
    O2                 0.324       0.127      0.001       0.111       0.610      *

 A2       WITH
    C1                 0.336       0.093      0.000       0.188       0.553      *
    C2                 0.345       0.097      0.000       0.188       0.570      *
    N1                -0.448       0.218      0.011      -0.928      -0.069      *
    N2                -0.644       0.157      0.000      -1.014      -0.402      *
    O1                 0.183       0.102      0.024       0.001       0.406      *
    O2                 0.183       0.101      0.022       0.005       0.404      *

 N1       WITH
    N2                 0.938       0.360      0.001       0.333       1.751      *
    C1                -0.063       0.212      0.376      -0.490       0.352
    C2                -0.146       0.223      0.245      -0.604       0.281
    O1                 0.263       0.257      0.138      -0.216       0.806
    O2                 0.253       0.252      0.141      -0.217       0.785

 N2       WITH
    C1                -0.443       0.145      0.000      -0.776      -0.204      *
    C2                -0.445       0.152      0.000      -0.794      -0.195      *
    O1                -0.235       0.164      0.059      -0.586       0.063
    O2                -0.170       0.159      0.126      -0.506       0.127

 C1       WITH
    C2                 0.631       0.120      0.000       0.448       0.918      *
    O1                 0.458       0.117      0.000       0.276       0.732      *
    O2                 0.429       0.113      0.000       0.251       0.694      *

 C2       WITH
    O1                 0.490       0.124      0.000       0.296       0.780      *
    O2                 0.478       0.121      0.000       0.289       0.763      *

 O1       WITH
    O2                 0.847       0.163      0.000       0.600       1.237      *

 Means
    EKST_C             3.505       0.076      0.000       3.355       3.653      *
    UGOD_C             4.084       0.073      0.000       3.941       4.227      *
    SAV_C              4.110       0.075      0.000       3.962       4.257      *
    NE_C               2.750       0.084      0.000       2.586       2.917      *
    OTV_C              3.727       0.082      0.000       3.566       3.888      *
    C1                 6.110       0.082      0.000       5.948       6.271      *
    C2                 6.094       0.087      0.000       5.923       6.263      *
    E1                 5.855       0.097      0.000       5.664       6.044      *
    E2                 5.957       0.089      0.000       5.782       6.131      *
    A1                 5.803       0.099      0.000       5.607       5.997      *
    A2                 6.473       0.082      0.000       6.312       6.632      *
    O1                 5.488       0.099      0.000       5.293       5.683      *
    O2                 5.602       0.098      0.000       5.411       5.794      *
    N1                 3.946       0.209      0.000       3.534       4.357      *
    N2                 2.198       0.132      0.000       1.939       2.456      *

 Variances
    EKST_C             0.516       0.100      0.000       0.367       0.756      *
    UGOD_C             0.470       0.091      0.000       0.335       0.689      *
    SAV_C              0.503       0.098      0.000       0.356       0.738      *
    NE_C               0.623       0.125      0.000       0.439       0.924      *
    OTV_C              0.578       0.116      0.000       0.407       0.858      *
    C1                 0.623       0.118      0.000       0.444       0.905      *
    C2                 0.690       0.131      0.000       0.491       1.003      *
    E1                 0.849       0.163      0.000       0.602       1.236      *
    E2                 0.722       0.137      0.000       0.514       1.048      *
    A1                 0.898       0.173      0.000       0.635       1.311      *
    A2                 0.595       0.116      0.000       0.419       0.871      *
    O1                 0.898       0.172      0.000       0.637       1.310      *
    O2                 0.868       0.166      0.000       0.617       1.263      *
    N1                 4.150       0.766      0.000       2.988       5.974      *
    N2                 1.607       0.304      0.000       1.149       2.334      *


TECHNICAL 4 OUTPUT

     TECHNICAL 4 OUTPUT IS NOT AVAILABLE FOR THIS MODEL.



DIAGRAM INFORMATION

  Mplus diagrams are currently not available for multilevel analysis.
  No diagram output was produced.


     Beginning Time:  12:00:24
        Ending Time:  12:14:08
       Elapsed Time:  00:13:44



MUTHEN & MUTHEN
3463 Stoner Ave.
Los Angeles, CA  90066

Tel: (310) 391-9971
Fax: (310) 391-8971
Web: www.StatModel.com
Support: Support@StatModel.com

Copyright (c) 1998-2023 Muthen & Muthen
