Mplus VERSION 8.10
MUTHEN & MUTHEN
06/24/2024   4:17 PM

INPUT INSTRUCTIONS

  DATA: File is cfa.dat;


  VARIABLE:

  NAMES ARE id H_1 H_2 H_3 IMP_1 IMP_2 IMP_3
  NEG_VAL_1 NEG_VAL_2 NEG_VAL_3 COMP_1 COMP_2
  COMP_3 TIP_1 TIP_2 TIP_3 POS_VAL_1 POS_VAL_2
  POS_VAL_3 ADV_1 ADV_2 ADV_3 C1 C2 E1 E2
  A1 A2 O1 O2 N1 N2 POZ_1 POZ_2 POZ_3
  POZ_4 NEG_1 NEG_2 NEG_3 NEG_4
  NEG_5 SE_1 SE_2 SE_3;



  USEVARIABLES ARE H_1-H_3;

  MISSING ARE ALL (-99);

  CLUSTER IS id;


  ANALYSIS:
  TYPE = TWOLEVEL;
  ESTIMATOR = BAYES;
  PROCESSORS = 12;
  FBITERATIONS = 200000;

  MODEL:

  %WITHIN%

  HUMORW BY H_1* H_2 H_3 (load1-load3);

  HUMORW@1;

  H_1 (resvw1);
  H_2 (resvw2);
  H_3 (resvw3);

  %BETWEEN%

  H_1 WITH H_2;
  H_1 WITH H_3;
  H_2 WITH H_3;

  MODEL CONSTRAINT:

  NEW(omegaw);

  omegaw =
  (load1+load2+load3)^2/((load1+load2+load3)^2+resvw1+resvw2+resvw3);



  OUTPUT: STANDARDIZED;





*** WARNING
  One or more individual-level variables have no variation within a
  cluster for the following clusters.

     Variable   Cluster IDs with no within-cluster variation

      H_1         12494252 13994941 24592461 13527350 16556161 24595090
      H_2         12497874 24592461 13527350 16556161 24595090 16554319 27787671 16554713
      H_3         24592461 13527350 16556161 24595090 16554319 16554891

*** WARNING
  Data set contains cases with missing on all variables.
  These cases were not included in the analysis.
  Number of cases with missing on all variables:  1232
   2 WARNING(S) FOUND IN THE INPUT INSTRUCTIONS




SUMMARY OF ANALYSIS

Number of groups                                                 1
Number of observations                                        1738

Number of dependent variables                                    3
Number of independent variables                                  0
Number of continuous latent variables                            1

Observed dependent variables

  Continuous
   H_1         H_2         H_3

Continuous latent variables
   HUMORW

Variables with special functions

  Cluster variable      ID

Estimator                                                    BAYES
Specifications for Bayesian Estimation
  Point estimate                                            MEDIAN
  Number of Markov chain Monte Carlo (MCMC) chains               2
  Random seed for the first chain                                0
  Starting value information                           UNPERTURBED
  Algorithm used for Markov chain Monte Carlo           GIBBS(PX1)
  Fixed number of iterations                                200000
  K-th iteration used for thinning                               1

Input data file(s)
  cfa.dat
Input data format  FREE


SUMMARY OF DATA

     Number of clusters                         99

       Size (s)    Cluster ID with Size s

          9        20163018
         10        27913643 27665886 27661979 27664277
         11        13994322 12494252 15264484 12198304
         12        15262166 13525517 20855574 20796311
         13        15611768 26754012 27662560 20856921 15266576
         14        20794922 12492269 20162730 27665653 12498862 21214531
                   12191870 16654540 13529089 20796904
         15        27785220 12193480 27918933 15474494
         16        15261338 20854464 24591061 20162054 20855586 26754644
         17        20855351 12497874 13993235 13994941 27918624 24592461
                   20162526 20852179 15471270 27783342 27662082 13997204
         18        21213820 27663723 12492669 13528127 13996939 20798331
                   12495072 20854791 15611922 15471432 13526266 13527350
         19        12491438 16554668 27915449 13522864 27788116 15612828
         20        24591987 20161546 24595365 16556161
         21        27663860 24591737 24595014 27666050 15264805 16551092
                   27918828
         22        24593194 24598783
         23        15614525 16556163 12492795 20855258 24595090 16554319
                   20856715 27788829
         24        12491236 13525223 16554342 27787671 12491120
         25        16554891 16554713 21212503
         26        24593393 20855884



COVARIANCE COVERAGE OF DATA

Minimum covariance coverage value   0.100

     Number of missing data patterns             1


     PROPORTION OF DATA PRESENT


           Covariance Coverage
              H_1           H_2           H_3
              ________      ________      ________
 H_1            1.000
 H_2            1.000         1.000
 H_3            1.000         1.000         1.000



UNIVARIATE SAMPLE STATISTICS


     UNIVARIATE HIGHER-ORDER MOMENT DESCRIPTIVE STATISTICS

         Variable/         Mean/     Skewness/   Minimum/ % with                Percentiles
        Sample Size      Variance    Kurtosis    Maximum  Min/Max      20%/60%    40%/80%    Median

     H_1                   2.629       0.645       1.000   42.69%       1.000      1.000      2.000
            1738.000       3.105      -0.906       7.000    1.73%       3.000      4.000
     H_2                   2.488       0.721       1.000   44.53%       1.000      1.000      2.000
            1738.000       2.832      -0.869       7.000    0.86%       2.000      4.000
     H_3                   2.541       0.687       1.000   44.94%       1.000      1.000      2.000
            1738.000       2.974      -0.878       7.000    1.27%       2.000      4.000


THE MODEL ESTIMATION TERMINATED NORMALLY

     USE THE FBITERATIONS OPTION TO INCREASE THE NUMBER OF ITERATIONS BY A FACTOR
     OF AT LEAST TWO TO CHECK CONVERGENCE AND THAT THE PSR VALUE DOES NOT INCREASE.



MODEL FIT INFORMATION

Number of Free Parameters                              15

Bayesian Posterior Predictive Checking using Chi-Square

          95% Confidence Interval for the Difference Between
          the Observed and the Replicated Chi-Square Values

                                -16.889            18.447

          Posterior Predictive P-Value              0.471

Information Criteria

          Deviance (DIC)                        16631.486
          Estimated Number of Parameters (pD)     210.691



MODEL RESULTS

                                Posterior  One-Tailed         95% C.I.
                    Estimate       S.D.      P-Value   Lower 2.5%  Upper 2.5%  Significance

Within Level

 HUMORW   BY
    H_1                0.897       0.038      0.000       0.823       0.971      *
    H_2                0.799       0.036      0.000       0.730       0.869      *
    H_3                0.848       0.036      0.000       0.779       0.919      *

 Variances
    HUMORW             1.000       0.000      0.000       1.000       1.000

 Residual Variances
    H_1                0.944       0.055      0.000       0.838       1.053      *
    H_2                0.952       0.049      0.000       0.858       1.049      *
    H_3                0.843       0.049      0.000       0.748       0.941      *

Between Level

 H_1      WITH
    H_2                1.226       0.209      0.000       0.896       1.710      *
    H_3                1.424       0.232      0.000       1.059       1.964      *

 H_2      WITH
    H_3                1.273       0.213      0.000       0.936       1.769      *

 Means
    H_1                2.666       0.125      0.000       2.418       2.912      *
    H_2                2.513       0.118      0.000       2.280       2.745      *
    H_3                2.576       0.127      0.000       2.326       2.824      *

 Variances
    H_1                1.437       0.236      0.000       1.064       1.984      *
    H_2                1.282       0.210      0.000       0.950       1.770      *
    H_3                1.481       0.241      0.000       1.101       2.041      *

New/Additional Parameters
    OMEGAW             0.703       0.013      0.000       0.677       0.727      *


STANDARDIZED MODEL RESULTS


STDYX Standardization

                                Posterior  One-Tailed         95% C.I.
                    Estimate       S.D.      P-Value   Lower 2.5%  Upper 2.5%  Significance
Within Level

 HUMORW   BY
    H_1                0.678       0.023      0.000       0.633       0.722      *
    H_2                0.634       0.023      0.000       0.587       0.677      *
    H_3                0.678       0.023      0.000       0.633       0.722      *

 Variances
    HUMORW             1.000       0.000      0.000       1.000       1.000

 Residual Variances
    H_1                0.540       0.031      0.000       0.479       0.600      *
    H_2                0.598       0.029      0.000       0.541       0.655      *
    H_3                0.540       0.031      0.000       0.478       0.599      *

Between Level

 H_1      WITH
    H_2                0.906       0.025      0.000       0.847       0.943      *
    H_3                0.978       0.009      0.000       0.955       0.992      *

 H_2      WITH
    H_3                0.926       0.020      0.000       0.878       0.957      *

 Means
    H_1                2.224       0.204      0.000       1.836       2.635      *
    H_2                2.220       0.204      0.000       1.832       2.631      *
    H_3                2.117       0.195      0.000       1.743       2.510      *

 Variances
    H_1                1.000       0.000      0.000       1.000       1.000
    H_2                1.000       0.000      0.000       1.000       1.000
    H_3                1.000       0.000      0.000       1.000       1.000


STDY Standardization

                                Posterior  One-Tailed         95% C.I.
                    Estimate       S.D.      P-Value   Lower 2.5%  Upper 2.5%  Significance
Within Level

 HUMORW   BY
    H_1                0.678       0.023      0.000       0.633       0.722      *
    H_2                0.634       0.023      0.000       0.587       0.677      *
    H_3                0.678       0.023      0.000       0.633       0.722      *

 Variances
    HUMORW             1.000       0.000      0.000       1.000       1.000

 Residual Variances
    H_1                0.540       0.031      0.000       0.479       0.600      *
    H_2                0.598       0.029      0.000       0.541       0.655      *
    H_3                0.540       0.031      0.000       0.478       0.599      *

Between Level

 H_1      WITH
    H_2                0.906       0.025      0.000       0.847       0.943      *
    H_3                0.978       0.009      0.000       0.955       0.992      *

 H_2      WITH
    H_3                0.926       0.020      0.000       0.878       0.957      *

 Means
    H_1                2.224       0.204      0.000       1.836       2.635      *
    H_2                2.220       0.204      0.000       1.832       2.631      *
    H_3                2.117       0.195      0.000       1.743       2.510      *

 Variances
    H_1                1.000       0.000      0.000       1.000       1.000
    H_2                1.000       0.000      0.000       1.000       1.000
    H_3                1.000       0.000      0.000       1.000       1.000


STD Standardization

                                Posterior  One-Tailed         95% C.I.
                    Estimate       S.D.      P-Value   Lower 2.5%  Upper 2.5%  Significance
Within Level

 HUMORW   BY
    H_1                0.897       0.038      0.000       0.823       0.971      *
    H_2                0.799       0.036      0.000       0.730       0.869      *
    H_3                0.848       0.036      0.000       0.779       0.919      *

 Variances
    HUMORW             1.000       0.000      0.000       1.000       1.000

 Residual Variances
    H_1                0.944       0.055      0.000       0.838       1.053      *
    H_2                0.952       0.049      0.000       0.858       1.049      *
    H_3                0.843       0.049      0.000       0.748       0.941      *

Between Level

 H_1      WITH
    H_2                1.226       0.209      0.000       0.896       1.710      *
    H_3                1.424       0.232      0.000       1.059       1.964      *

 H_2      WITH
    H_3                1.273       0.213      0.000       0.936       1.769      *

 Means
    H_1                2.666       0.125      0.000       2.418       2.912      *
    H_2                2.513       0.118      0.000       2.280       2.745      *
    H_3                2.576       0.127      0.000       2.326       2.824      *

 Variances
    H_1                1.437       0.236      0.000       1.064       1.984      *
    H_2                1.282       0.210      0.000       0.950       1.770      *
    H_3                1.481       0.241      0.000       1.101       2.041      *


R-SQUARE

Within Level

                                Posterior  One-Tailed         95% C.I.
    Variable        Estimate       S.D.      P-Value   Lower 2.5%  Upper 2.5%

    H_1                0.460       0.031      0.000       0.400       0.521
    H_2                0.402       0.029      0.000       0.345       0.459
    H_3                0.460       0.031      0.000       0.401       0.522


DIAGRAM INFORMATION

  Mplus diagrams are currently not available for multilevel analysis.
  No diagram output was produced.


     Beginning Time:  16:17:15
        Ending Time:  16:18:59
       Elapsed Time:  00:01:44



MUTHEN & MUTHEN
3463 Stoner Ave.
Los Angeles, CA  90066

Tel: (310) 391-9971
Fax: (310) 391-8971
Web: www.StatModel.com
Support: Support@StatModel.com

Copyright (c) 1998-2023 Muthen & Muthen
