Mplus VERSION 8.10
MUTHEN & MUTHEN
06/20/2024   3:01 PM

INPUT INSTRUCTIONS

  DATA: File is cfa.dat;


  VARIABLE:

  NAMES ARE id H_1 H_2 H_3 IMP_1 IMP_2 IMP_3
  NEG_VAL_1 NEG_VAL_2 NEG_VAL_3 COMP_1 COMP_2
  COMP_3 TIP_1 TIP_2 TIP_3 POS_VAL_1 POS_VAL_2
  POS_VAL_3 ADV_1 ADV_2 ADV_3 C1 C2 E1 E2
  A1 A2 O1 O2 N1 N2 POZ_1 POZ_2 POZ_3
  POZ_4 NEG_1 NEG_2 NEG_3 NEG_4
  NEG_5 SE_1 SE_2 SE_3;



  USEVARIABLES ARE ADV_1-ADV_3;

  MISSING ARE ALL (-99);

  CLUSTER IS id;


  ANALYSIS:
  TYPE = TWOLEVEL;
  ESTIMATOR = BAYES;
  PROCESSORS = 12;
  FBITERATIONS = 200000;

  MODEL:

  %WITHIN%

  ADV_W BY ADV_1* ADV_2 ADV_3 (loadw1-loadw3);

  ADV_W@1;

  ADV_1 (resw1);
  ADV_2 (resw2);
  ADV_3 (resw3);


  %BETWEEN%

  ADV_1 WITH ADV_2;
  ADV_1 WITH ADV_3;
  ADV_2 WITH ADV_3;

  MODEL CONSTRAINT:

  NEW(omegaw);

  omegaw =
  (loadw1+loadw2+loadw3)^2/((loadw1+loadw2+loadw3)^2+resw1+resw2+resw3);


  OUTPUT: STANDARDIZED;





*** WARNING
  One or more individual-level variables have no variation within a
  cluster for the following clusters.

     Variable   Cluster IDs with no within-cluster variation

      ADV_1       20163018 20855574 20162730 20162054 20855351 24592461 20798331 13527350 27788116
                  16556163 16554319 16554891
      ADV_2       20163018 27661979 13994322 12198304 20855574 20162730 27665653 24591061 20162054
                  12497874 24592461 13996939 20798331 13527350 12491438 27788116 16556161 24598783
                  16556163 24595090 16554319 16554891
      ADV_3       13994322 20162730 27665653 20162054 24592461 12491438 27788116 24595090 16554319
                  27787671 16554891

*** WARNING
  Data set contains cases with missing on all variables.
  These cases were not included in the analysis.
  Number of cases with missing on all variables:  1232
   2 WARNING(S) FOUND IN THE INPUT INSTRUCTIONS




SUMMARY OF ANALYSIS

Number of groups                                                 1
Number of observations                                        1738

Number of dependent variables                                    3
Number of independent variables                                  0
Number of continuous latent variables                            1

Observed dependent variables

  Continuous
   ADV_1       ADV_2       ADV_3

Continuous latent variables
   ADV_W

Variables with special functions

  Cluster variable      ID

Estimator                                                    BAYES
Specifications for Bayesian Estimation
  Point estimate                                            MEDIAN
  Number of Markov chain Monte Carlo (MCMC) chains               2
  Random seed for the first chain                                0
  Starting value information                           UNPERTURBED
  Algorithm used for Markov chain Monte Carlo           GIBBS(PX1)
  Fixed number of iterations                                200000
  K-th iteration used for thinning                               1

Input data file(s)
  cfa.dat
Input data format  FREE


SUMMARY OF DATA

     Number of clusters                         99

       Size (s)    Cluster ID with Size s

          9        20163018
         10        27913643 27665886 27661979 27664277
         11        13994322 12494252 15264484 12198304
         12        15262166 13525517 20855574 20796311
         13        15611768 26754012 27662560 20856921 15266576
         14        20794922 12492269 20162730 27665653 12498862 21214531
                   12191870 16654540 13529089 20796904
         15        27785220 12193480 27918933 15474494
         16        15261338 20854464 24591061 20162054 20855586 26754644
         17        20855351 12497874 13993235 13994941 27918624 24592461
                   20162526 20852179 15471270 27783342 27662082 13997204
         18        21213820 27663723 12492669 13528127 13996939 20798331
                   12495072 20854791 15611922 15471432 13526266 13527350
         19        12491438 16554668 27915449 13522864 27788116 15612828
         20        24591987 20161546 24595365 16556161
         21        27663860 24591737 24595014 27666050 15264805 16551092
                   27918828
         22        24593194 24598783
         23        15614525 16556163 12492795 20855258 24595090 16554319
                   20856715 27788829
         24        12491236 13525223 16554342 27787671 12491120
         25        16554891 16554713 21212503
         26        24593393 20855884



COVARIANCE COVERAGE OF DATA

Minimum covariance coverage value   0.100

     Number of missing data patterns             1


     PROPORTION OF DATA PRESENT


           Covariance Coverage
              ADV_1         ADV_2         ADV_3
              ________      ________      ________
 ADV_1          1.000
 ADV_2          1.000         1.000
 ADV_3          1.000         1.000         1.000



UNIVARIATE SAMPLE STATISTICS


     UNIVARIATE HIGHER-ORDER MOMENT DESCRIPTIVE STATISTICS

         Variable/         Mean/     Skewness/   Minimum/ % with                Percentiles
        Sample Size      Variance    Kurtosis    Maximum  Min/Max      20%/60%    40%/80%    Median

     ADV_1                 1.976       1.462       1.000   55.06%       1.000      1.000      1.000
            1738.000       1.998       1.131       7.000    0.52%       2.000      3.000
     ADV_2                 1.677       2.164       1.000   68.35%       1.000      1.000      1.000
            1738.000       1.655       4.002       7.000    0.75%       1.000      2.000
     ADV_3                 2.218       1.186       1.000   51.09%       1.000      1.000      1.000
            1738.000       2.661       0.153       7.000    1.27%       2.000      4.000


THE MODEL ESTIMATION TERMINATED NORMALLY

     USE THE FBITERATIONS OPTION TO INCREASE THE NUMBER OF ITERATIONS BY A FACTOR
     OF AT LEAST TWO TO CHECK CONVERGENCE AND THAT THE PSR VALUE DOES NOT INCREASE.



MODEL FIT INFORMATION

Number of Free Parameters                              15

Bayesian Posterior Predictive Checking using Chi-Square

          95% Confidence Interval for the Difference Between
          the Observed and the Replicated Chi-Square Values

                                -16.936            18.824

          Posterior Predictive P-Value              0.473

Information Criteria

          Deviance (DIC)                        15999.395
          Estimated Number of Parameters (pD)     224.097



MODEL RESULTS

                                Posterior  One-Tailed         95% C.I.
                    Estimate       S.D.      P-Value   Lower 2.5%  Upper 2.5%  Significance

Within Level

 ADV_W    BY
    ADV_1              0.723       0.033      0.000       0.658       0.789      *
    ADV_2              0.692       0.032      0.000       0.629       0.756      *
    ADV_3              0.886       0.040      0.000       0.808       0.965      *

 Variances
    ADV_W              1.000       0.000      0.000       1.000       1.000

 Residual Variances
    ADV_1              0.769       0.042      0.000       0.688       0.852      *
    ADV_2              0.731       0.039      0.000       0.656       0.809      *
    ADV_3              1.007       0.060      0.000       0.891       1.126      *

Between Level

 ADV_1    WITH
    ADV_2              0.522       0.095      0.000       0.372       0.741      *
    ADV_3              0.737       0.132      0.000       0.529       1.043      *

 ADV_2    WITH
    ADV_3              0.585       0.105      0.000       0.419       0.829      *

 Means
    ADV_1              1.980       0.093      0.000       1.797       2.163      *
    ADV_2              1.673       0.074      0.000       1.527       1.819      *
    ADV_3              2.219       0.103      0.000       2.017       2.420      *

 Variances
    ADV_1              0.773       0.130      0.000       0.568       1.077      *
    ADV_2              0.470       0.082      0.000       0.339       0.661      *
    ADV_3              0.926       0.158      0.000       0.678       1.292      *

New/Additional Parameters
    OMEGAW             0.679       0.014      0.000       0.650       0.705      *


STANDARDIZED MODEL RESULTS


STDYX Standardization

                                Posterior  One-Tailed         95% C.I.
                    Estimate       S.D.      P-Value   Lower 2.5%  Upper 2.5%  Significance
Within Level

 ADV_W    BY
    ADV_1              0.636       0.024      0.000       0.587       0.683      *
    ADV_2              0.629       0.024      0.000       0.580       0.676      *
    ADV_3              0.662       0.025      0.000       0.613       0.709      *

 Variances
    ADV_W              1.000       0.000      0.000       1.000       1.000

 Residual Variances
    ADV_1              0.595       0.031      0.000       0.533       0.655      *
    ADV_2              0.604       0.031      0.000       0.543       0.663      *
    ADV_3              0.562       0.033      0.000       0.497       0.625      *

Between Level

 ADV_1    WITH
    ADV_2              0.870       0.036      0.000       0.785       0.925      *
    ADV_3              0.874       0.034      0.000       0.795       0.926      *

 ADV_2    WITH
    ADV_3              0.891       0.032      0.000       0.815       0.939      *

 Means
    ADV_1              2.253       0.211      0.000       1.850       2.682      *
    ADV_2              2.442       0.234      0.000       2.004       2.920      *
    ADV_3              2.306       0.218      0.000       1.894       2.749      *

 Variances
    ADV_1              1.000       0.000      0.000       1.000       1.000
    ADV_2              1.000       0.000      0.000       1.000       1.000
    ADV_3              1.000       0.000      0.000       1.000       1.000


STDY Standardization

                                Posterior  One-Tailed         95% C.I.
                    Estimate       S.D.      P-Value   Lower 2.5%  Upper 2.5%  Significance
Within Level

 ADV_W    BY
    ADV_1              0.636       0.024      0.000       0.587       0.683      *
    ADV_2              0.629       0.024      0.000       0.580       0.676      *
    ADV_3              0.662       0.025      0.000       0.613       0.709      *

 Variances
    ADV_W              1.000       0.000      0.000       1.000       1.000

 Residual Variances
    ADV_1              0.595       0.031      0.000       0.533       0.655      *
    ADV_2              0.604       0.031      0.000       0.543       0.663      *
    ADV_3              0.562       0.033      0.000       0.497       0.625      *

Between Level

 ADV_1    WITH
    ADV_2              0.870       0.036      0.000       0.785       0.925      *
    ADV_3              0.874       0.034      0.000       0.795       0.926      *

 ADV_2    WITH
    ADV_3              0.891       0.032      0.000       0.815       0.939      *

 Means
    ADV_1              2.253       0.211      0.000       1.850       2.682      *
    ADV_2              2.442       0.234      0.000       2.004       2.920      *
    ADV_3              2.306       0.218      0.000       1.894       2.749      *

 Variances
    ADV_1              1.000       0.000      0.000       1.000       1.000
    ADV_2              1.000       0.000      0.000       1.000       1.000
    ADV_3              1.000       0.000      0.000       1.000       1.000


STD Standardization

                                Posterior  One-Tailed         95% C.I.
                    Estimate       S.D.      P-Value   Lower 2.5%  Upper 2.5%  Significance
Within Level

 ADV_W    BY
    ADV_1              0.723       0.033      0.000       0.658       0.789      *
    ADV_2              0.692       0.032      0.000       0.629       0.756      *
    ADV_3              0.886       0.040      0.000       0.808       0.965      *

 Variances
    ADV_W              1.000       0.000      0.000       1.000       1.000

 Residual Variances
    ADV_1              0.769       0.042      0.000       0.688       0.852      *
    ADV_2              0.731       0.039      0.000       0.656       0.809      *
    ADV_3              1.007       0.060      0.000       0.891       1.126      *

Between Level

 ADV_1    WITH
    ADV_2              0.522       0.095      0.000       0.372       0.741      *
    ADV_3              0.737       0.132      0.000       0.529       1.043      *

 ADV_2    WITH
    ADV_3              0.585       0.105      0.000       0.419       0.829      *

 Means
    ADV_1              1.980       0.093      0.000       1.797       2.163      *
    ADV_2              1.673       0.074      0.000       1.527       1.819      *
    ADV_3              2.219       0.103      0.000       2.017       2.420      *

 Variances
    ADV_1              0.773       0.130      0.000       0.568       1.077      *
    ADV_2              0.470       0.082      0.000       0.339       0.661      *
    ADV_3              0.926       0.158      0.000       0.678       1.292      *


R-SQUARE

Within Level

                                Posterior  One-Tailed         95% C.I.
    Variable        Estimate       S.D.      P-Value   Lower 2.5%  Upper 2.5%

    ADV_1              0.405       0.031      0.000       0.345       0.467
    ADV_2              0.396       0.031      0.000       0.337       0.457
    ADV_3              0.438       0.033      0.000       0.375       0.503


DIAGRAM INFORMATION

  Mplus diagrams are currently not available for multilevel analysis.
  No diagram output was produced.


     Beginning Time:  15:01:56
        Ending Time:  15:04:19
       Elapsed Time:  00:02:23



MUTHEN & MUTHEN
3463 Stoner Ave.
Los Angeles, CA  90066

Tel: (310) 391-9971
Fax: (310) 391-8971
Web: www.StatModel.com
Support: Support@StatModel.com

Copyright (c) 1998-2023 Muthen & Muthen
