Mplus VERSION 8.10
MUTHEN & MUTHEN
06/20/2024   3:28 PM

INPUT INSTRUCTIONS

  DATA: File is cfa.dat;


  VARIABLE:

  NAMES ARE id H_1 H_2 H_3 IMP_1 IMP_2 IMP_3
  NEG_VAL_1 NEG_VAL_2 NEG_VAL_3 COMP_1 COMP_2
  COMP_3 TIP_1 TIP_2 TIP_3 POS_VAL_1 POS_VAL_2
  POS_VAL_3 ADV_1 ADV_2 ADV_3 C1 C2 E1 E2
  A1 A2 O1 O2 N1 N2 POZ_1 POZ_2 POZ_3
  POZ_4 NEG_1 NEG_2 NEG_3 NEG_4
  NEG_5 SE_1 SE_2 SE_3;


  USEVARIABLES ARE NEG_VAL_1-NEG_VAL_3;

  MISSING ARE ALL (-99);

  CLUSTER IS id;


  ANALYSIS:
  TYPE = TWOLEVEL;
  ESTIMATOR = BAYES;
  PROCESSORS = 12;
  FBITERATIONS = 200000;

  MODEL:

  %WITHIN%

  NEG_VAL_W BY NEG_VAl_1* NEG_VAL_2 NEG_VAL_3 (loadw1-loadw3);

  NEG_VAL_W@1;

  NEG_VAL_1 (resw1);
  NEG_VAL_2 (resw2);
  NEG_VAL_3 (resw3);

  %BETWEEN%

  NEG_VAL_1 WITH NEG_VAL_2;
  NEG_VAL_1 WITH NEG_VAL_3;
  NEG_VAL_2 WITH NEG_VAL_3;


  MODEL CONSTRAINT:

  NEW(omegaw);

  omegaw=
  (loadw1+loadw2+loadw3)^2/((loadw1+loadw2+loadw3)^2+resw1 + resw2 + resw3);



  OUTPUT: STANDARDIZED;





*** WARNING in VARIABLE command
  Note that only the first 8 characters of variable names are used in the output.
  Shorten variable names to avoid any confusion.
*** WARNING
  One or more individual-level variables have no variation within a
  cluster for the following clusters.

     Variable   Cluster IDs with no within-cluster variation

      NEG_VAL_    20163018 27661979 13994322 12198304 20855574 20162730 27665653 21214531 12193480
                  15261338 20162054 20855586 26754644 12497874 24592461 13996939 13527350 12491438
                  16554668 27788116 16556161 16551092 24598783 16556163 20855258 24595090 16554319
                  27787671 16554891
      NEG_VAL_    20163018 27661979 27664277 13994322 12198304 15262166 20855574 15611768 20856921
                  20794922 12492269 20162730 27665653 21214531 12193480 27918933 15474494 15261338
                  24591061 20855586 26754644 20855351 13994941 27918624 24592461 20162526 13528127
                  13996939 20798331 15611922 13527350 12491438 27788116 16556161 27666050 24598783
                  15614525 16556163 20855258 24595090 16554319 27788829 12491236 27787671 16554891
                  16554713 24593393
      NEG_VAL_    20163018 27913643 27664277 12494252 15262166 13525517 15611768 20794922 12492269
                  27665653 21214531 12193480 27918933 15474494 24591061 20855586 26754644 20855351
                  12497874 27918624 20162526 13997204 13996939 20798331 12495072 20854791 15611922
                  13526266 13527350 12491438 27788116 24591987 16556161 27663860 24591737 24595014
                  24593194 24598783 15614525 12492795 20855258 16554319 12491236 13525223 16554342
                  16554891 16554713 24593393

*** WARNING
  Data set contains cases with missing on all variables.
  These cases were not included in the analysis.
  Number of cases with missing on all variables:  1232
   3 WARNING(S) FOUND IN THE INPUT INSTRUCTIONS




SUMMARY OF ANALYSIS

Number of groups                                                 1
Number of observations                                        1738

Number of dependent variables                                    3
Number of independent variables                                  0
Number of continuous latent variables                            1

Observed dependent variables

  Continuous
   NEG_VAL_1   NEG_VAL_2   NEG_VAL_3

Continuous latent variables
   NEG_VAL_

Variables with special functions

  Cluster variable      ID

Estimator                                                    BAYES
Specifications for Bayesian Estimation
  Point estimate                                            MEDIAN
  Number of Markov chain Monte Carlo (MCMC) chains               2
  Random seed for the first chain                                0
  Starting value information                           UNPERTURBED
  Algorithm used for Markov chain Monte Carlo           GIBBS(PX1)
  Fixed number of iterations                                200000
  K-th iteration used for thinning                               1

Input data file(s)
  cfa.dat
Input data format  FREE


SUMMARY OF DATA

     Number of clusters                         99

       Size (s)    Cluster ID with Size s

          9        20163018
         10        27913643 27665886 27661979 27664277
         11        13994322 12494252 15264484 12198304
         12        15262166 13525517 20855574 20796311
         13        15611768 26754012 27662560 20856921 15266576
         14        20794922 12492269 20162730 27665653 12498862 21214531
                   12191870 16654540 13529089 20796904
         15        27785220 12193480 27918933 15474494
         16        15261338 20854464 24591061 20162054 20855586 26754644
         17        20855351 12497874 13993235 13994941 27918624 24592461
                   20162526 20852179 15471270 27783342 27662082 13997204
         18        21213820 27663723 12492669 13528127 13996939 20798331
                   12495072 20854791 15611922 15471432 13526266 13527350
         19        12491438 16554668 27915449 13522864 27788116 15612828
         20        24591987 20161546 24595365 16556161
         21        27663860 24591737 24595014 27666050 15264805 16551092
                   27918828
         22        24593194 24598783
         23        15614525 16556163 12492795 20855258 24595090 16554319
                   20856715 27788829
         24        12491236 13525223 16554342 27787671 12491120
         25        16554891 16554713 21212503
         26        24593393 20855884



COVARIANCE COVERAGE OF DATA

Minimum covariance coverage value   0.100

     Number of missing data patterns             1


     PROPORTION OF DATA PRESENT


           Covariance Coverage
              NEG_VAL_      NEG_VAL_      NEG_VAL_
              ________      ________      ________
 NEG_VAL_       1.000
 NEG_VAL_       1.000         1.000
 NEG_VAL_       1.000         1.000         1.000



UNIVARIATE SAMPLE STATISTICS


     UNIVARIATE HIGHER-ORDER MOMENT DESCRIPTIVE STATISTICS

         Variable/         Mean/     Skewness/   Minimum/ % with                Percentiles
        Sample Size      Variance    Kurtosis    Maximum  Min/Max      20%/60%    40%/80%    Median

     NEG_VAL_1             1.496       2.771       1.000   75.20%       1.000      1.000      1.000
            1738.000       1.245       7.642       7.000    0.69%       1.000      2.000
     NEG_VAL_2             1.350       3.480       1.000   82.57%       1.000      1.000      1.000
            1738.000       0.933      12.765       7.000    0.46%       1.000      1.000
     NEG_VAL_3             1.372       2.931       1.000   83.77%       1.000      1.000      1.000
            1738.000       0.975       8.391       7.000    0.29%       1.000      1.000


THE MODEL ESTIMATION TERMINATED NORMALLY

     USE THE FBITERATIONS OPTION TO INCREASE THE NUMBER OF ITERATIONS BY A FACTOR
     OF AT LEAST TWO TO CHECK CONVERGENCE AND THAT THE PSR VALUE DOES NOT INCREASE.



MODEL FIT INFORMATION

Number of Free Parameters                              15

Bayesian Posterior Predictive Checking using Chi-Square

          95% Confidence Interval for the Difference Between
          the Observed and the Replicated Chi-Square Values

                                -16.784            18.489

          Posterior Predictive P-Value              0.473

Information Criteria

          Deviance (DIC)                        11896.218
          Estimated Number of Parameters (pD)     203.151



MODEL RESULTS

                                Posterior  One-Tailed         95% C.I.
                    Estimate       S.D.      P-Value   Lower 2.5%  Upper 2.5%  Significance

Within Level

 NEG_VAL_ BY
    NEG_VAL_1          0.492       0.041      0.000       0.413       0.574      *
    NEG_VAL_2          0.448       0.036      0.000       0.382       0.525      *
    NEG_VAL_3          0.242       0.024      0.000       0.196       0.289      *

 Variances
    NEG_VAL_W          1.000       0.000      0.000       1.000       1.000

 Residual Variances
    NEG_VAL_1          0.614       0.041      0.000       0.531       0.692      *
    NEG_VAL_2          0.320       0.032      0.000       0.250       0.375      *
    NEG_VAL_3          0.395       0.016      0.000       0.364       0.428      *

Between Level

 NEG_VAL_ WITH
    NEG_VAL_2          0.395       0.065      0.000       0.293       0.545      *
    NEG_VAL_3          0.345       0.065      0.000       0.241       0.496      *

 NEG_VAL_ WITH
    NEG_VAL_3          0.370       0.067      0.000       0.264       0.525      *

 Means
    NEG_VAL_1          1.499       0.067      0.000       1.366       1.630      *
    NEG_VAL_2          1.349       0.067      0.000       1.217       1.481      *
    NEG_VAL_3          1.363       0.075      0.000       1.215       1.508      *

 Variances
    NEG_VAL_1          0.392       0.067      0.000       0.286       0.548      *
    NEG_VAL_2          0.412       0.067      0.000       0.305       0.568      *
    NEG_VAL_3          0.521       0.084      0.000       0.390       0.717      *

New/Additional Parameters
    OMEGAW             0.514       0.021      0.000       0.471       0.554      *


STANDARDIZED MODEL RESULTS


STDYX Standardization

                                Posterior  One-Tailed         95% C.I.
                    Estimate       S.D.      P-Value   Lower 2.5%  Upper 2.5%  Significance
Within Level

 NEG_VAL_ BY
    NEG_VAL_1          0.532       0.042      0.000       0.450       0.615      *
    NEG_VAL_2          0.620       0.048      0.000       0.533       0.721      *
    NEG_VAL_3          0.360       0.034      0.000       0.293       0.425      *

 Variances
    NEG_VAL_W          1.000       0.000      0.000       1.000       1.000

 Residual Variances
    NEG_VAL_1          0.717       0.044      0.000       0.622       0.797      *
    NEG_VAL_2          0.615       0.060      0.000       0.480       0.716      *
    NEG_VAL_3          0.870       0.024      0.000       0.819       0.914      *

Between Level

 NEG_VAL_ WITH
    NEG_VAL_2          0.985       0.011      0.000       0.956       0.998      *
    NEG_VAL_3          0.767       0.052      0.000       0.649       0.850      *

 NEG_VAL_ WITH
    NEG_VAL_3          0.803       0.043      0.000       0.704       0.872      *

 Means
    NEG_VAL_1          2.393       0.225      0.000       1.968       2.851      *
    NEG_VAL_2          2.103       0.196      0.000       1.730       2.498      *
    NEG_VAL_3          1.887       0.179      0.000       1.544       2.246      *

 Variances
    NEG_VAL_1          1.000       0.000      0.000       1.000       1.000
    NEG_VAL_2          1.000       0.000      0.000       1.000       1.000
    NEG_VAL_3          1.000       0.000      0.000       1.000       1.000


STDY Standardization

                                Posterior  One-Tailed         95% C.I.
                    Estimate       S.D.      P-Value   Lower 2.5%  Upper 2.5%  Significance
Within Level

 NEG_VAL_ BY
    NEG_VAL_1          0.532       0.042      0.000       0.450       0.615      *
    NEG_VAL_2          0.620       0.048      0.000       0.533       0.721      *
    NEG_VAL_3          0.360       0.034      0.000       0.293       0.425      *

 Variances
    NEG_VAL_W          1.000       0.000      0.000       1.000       1.000

 Residual Variances
    NEG_VAL_1          0.717       0.044      0.000       0.622       0.797      *
    NEG_VAL_2          0.615       0.060      0.000       0.480       0.716      *
    NEG_VAL_3          0.870       0.024      0.000       0.819       0.914      *

Between Level

 NEG_VAL_ WITH
    NEG_VAL_2          0.985       0.011      0.000       0.956       0.998      *
    NEG_VAL_3          0.767       0.052      0.000       0.649       0.850      *

 NEG_VAL_ WITH
    NEG_VAL_3          0.803       0.043      0.000       0.704       0.872      *

 Means
    NEG_VAL_1          2.393       0.225      0.000       1.968       2.851      *
    NEG_VAL_2          2.103       0.196      0.000       1.730       2.498      *
    NEG_VAL_3          1.887       0.179      0.000       1.544       2.246      *

 Variances
    NEG_VAL_1          1.000       0.000      0.000       1.000       1.000
    NEG_VAL_2          1.000       0.000      0.000       1.000       1.000
    NEG_VAL_3          1.000       0.000      0.000       1.000       1.000


STD Standardization

                                Posterior  One-Tailed         95% C.I.
                    Estimate       S.D.      P-Value   Lower 2.5%  Upper 2.5%  Significance
Within Level

 NEG_VAL_ BY
    NEG_VAL_1          0.492       0.041      0.000       0.413       0.574      *
    NEG_VAL_2          0.448       0.036      0.000       0.382       0.525      *
    NEG_VAL_3          0.242       0.024      0.000       0.196       0.289      *

 Variances
    NEG_VAL_W          1.000       0.000      0.000       1.000       1.000

 Residual Variances
    NEG_VAL_1          0.614       0.041      0.000       0.531       0.692      *
    NEG_VAL_2          0.320       0.032      0.000       0.250       0.375      *
    NEG_VAL_3          0.395       0.016      0.000       0.364       0.428      *

Between Level

 NEG_VAL_ WITH
    NEG_VAL_2          0.395       0.065      0.000       0.293       0.545      *
    NEG_VAL_3          0.345       0.065      0.000       0.241       0.496      *

 NEG_VAL_ WITH
    NEG_VAL_3          0.370       0.067      0.000       0.264       0.525      *

 Means
    NEG_VAL_1          1.499       0.067      0.000       1.366       1.630      *
    NEG_VAL_2          1.349       0.067      0.000       1.217       1.481      *
    NEG_VAL_3          1.363       0.075      0.000       1.215       1.508      *

 Variances
    NEG_VAL_1          0.392       0.067      0.000       0.286       0.548      *
    NEG_VAL_2          0.412       0.067      0.000       0.305       0.568      *
    NEG_VAL_3          0.521       0.084      0.000       0.390       0.717      *


R-SQUARE

Within Level

                                Posterior  One-Tailed         95% C.I.
    Variable        Estimate       S.D.      P-Value   Lower 2.5%  Upper 2.5%

    NEG_VAL_1          0.283       0.044      0.000       0.203       0.378
    NEG_VAL_2          0.385       0.060      0.000       0.284       0.520
    NEG_VAL_3          0.130       0.024      0.000       0.086       0.181


DIAGRAM INFORMATION

  Mplus diagrams are currently not available for multilevel analysis.
  No diagram output was produced.


     Beginning Time:  15:28:07
        Ending Time:  15:30:21
       Elapsed Time:  00:02:14



MUTHEN & MUTHEN
3463 Stoner Ave.
Los Angeles, CA  90066

Tel: (310) 391-9971
Fax: (310) 391-8971
Web: www.StatModel.com
Support: Support@StatModel.com

Copyright (c) 1998-2023 Muthen & Muthen
