Mplus VERSION 8.10
MUTHEN & MUTHEN
08/31/2024  12:24 PM

INPUT INSTRUCTIONS

  DATA: File is regresija.dat;

  VARIABLE:

  NAMES ARE ID EKST_C UGOD_C SAV_C NE_C OTV_C HUM
  IMP NEG_VAL COMPLEX TIP POS_VAL ADVER
  SAV EKST A2 N2 OTV SEU;


  USEVARIABLES ARE EKST_C UGOD_C SAV_C NE_C OTV_C
  HUM IMP NEG_VAL COMPLEX TIP POS_VAL ADVER ;

  MISSING ARE ALL (-99);

  CLUSTER IS id;

  BETWEEN ARE EKST_C UGOD_C SAV_C NE_C OTV_C;

  ANALYSIS:
  TYPE = TWOLEVEL;
  ESTIMATOR = BAYES;
  PROCESSORS = 12;
  FBITERATIONS = 200000;


  MODEL:

  %WITHIN%
  HUM;
  IMP;
  NEG_VAL;
  COMPLEX;
  TIP;
  POS_VAL;
  ADVER;

  HUM WITH IMP;
  HUM WITH NEG_VAL;
  HUM WITH COMPLEX;
  HUM WITH TIP;
  HUM WITH POS_VAL;
  HUM WITH ADVER;

  IMP WITH NEG_VAL;
  IMP WITH COMPLEX;
  IMP WITH TIP;
  IMP WITH POS_VAL;
  IMP WITH ADVER;

  NEG_VAL WITH COMPLEX;
  NEG_VAL WITH TIP;
  NEG_VAL WITH POS_VAL;
  NEG_VAL WITH ADVER;

  COMPLEX WITH TIP;
  COMPLEX WITH POS_VAL;
  COMPLEX WITH ADVER;

  TIP WITH POS_VAL;
  TIP WITH ADVER;

  POS_VAL WITH ADVER;


  %BETWEEN%
  HUM;
  IMP;
  NEG_VAL;
  COMPLEX;
  TIP;
  POS_VAL;
  ADVER;

  SAV_C;
  EKST_C;
  UGOD_C;
  OTV_C;
  NE_C;


  HUM ON SAV_C;
  HUM ON EKST_C;
  HUM ON UGOD_C;
  HUM ON OTV_C;
  HUM ON NE_C;

  IMP ON SAV_C;
  IMP ON EKST_C;
  IMP ON UGOD_C;
  IMP ON OTV_C;
  IMP ON NE_C;

  NEG_VAL ON SAV_C;
  NEG_VAL ON EKST_C;
  NEG_VAL ON UGOD_C;
  NEG_VAL ON OTV_C;
  NEG_VAL ON NE_C;

  COMPLEX ON SAV_C;
  COMPLEX ON EKST_C;
  COMPLEX ON UGOD_C;
  COMPLEX ON OTV_C;
  COMPLEX ON NE_C;

  TIP ON SAV_C;
  TIP ON EKST_C;
  TIP ON UGOD_C;
  TIP ON OTV_C;
  TIP ON NE_C;

  POS_VAL ON SAV_C;
  POS_VAL ON EKST_C;
  POS_VAL ON UGOD_C;
  POS_VAL ON OTV_C;
  POS_VAL ON NE_C;


  ADVER ON SAV_C;
  ADVER ON EKST_C;
  ADVER ON UGOD_C;
  ADVER ON OTV_C;
  ADVER ON NE_C;


  HUM WITH IMP;
  HUM WITH NEG_VAL;
  HUM WITH COMPLEX;
  HUM WITH TIP;
  HUM WITH POS_VAL;
  HUM WITH ADVER;

  IMP WITH NEG_VAL;
  IMP WITH COMPLEX;
  IMP WITH TIP;
  IMP WITH POS_VAL;
  IMP WITH ADVER;

  NEG_VAL WITH COMPLEX;
  NEG_VAL WITH TIP;
  NEG_VAL WITH POS_VAL;
  NEG_VAL WITH ADVER;

  COMPLEX WITH TIP;
  COMPLEX WITH POS_VAL;
  COMPLEX WITH ADVER;

  TIP WITH POS_VAL;
  TIP WITH ADVER;

  POS_VAL WITH ADVER;

  SAV_C WITH EKST_C;
  SAV_C WITH UGOD_C;
  SAV_C WITH OTV_C;
  SAV_C WITH NE_C;

  EKST_C WITH UGOD_C;
  EKST_C WITH OTV_C;
  EKST_C WITH NE_C;

  UGOD_C WITH OTV_C;
  UGOD_C WITH NE_C;

  OTV_C WITH NE_C;

  OUTPUT: STANDARDIZED;



*** WARNING
  One or more individual-level variables have no variation within a
  cluster for the following clusters.

     Variable   Cluster IDs with no within-cluster variation

      HUM         13527350 24592461 16556161 24595090
      IMP         16554319 12491438
      NEG_VAL     21214531 20163018 27788116 13996939 20855258 13527350 16554891 27665653 16554319
                  16556161 12193480 20855586 24598783 26754644 12491438
      ADVER       27788116 20162054 24592461 16554891 16554319 20162730

*** WARNING
  Data set contains cases with missing on all variables.
  These cases were not included in the analysis.
  Number of cases with missing on all variables:  116
   2 WARNING(S) FOUND IN THE INPUT INSTRUCTIONS




SUMMARY OF ANALYSIS

Number of groups                                                 1
Number of observations                                        2854

Number of dependent variables                                    7
Number of independent variables                                  5
Number of continuous latent variables                            0

Observed dependent variables

  Continuous
   HUM         IMP         NEG_VAL     COMPLEX     TIP         POS_VAL
   ADVER

Observed independent variables
   EKST_C      UGOD_C      SAV_C       NE_C        OTV_C

Variables with special functions

  Cluster variable      ID

  Between variables
   EKST_C      UGOD_C      SAV_C       NE_C        OTV_C


Estimator                                                    BAYES
Specifications for Bayesian Estimation
  Point estimate                                            MEDIAN
  Number of Markov chain Monte Carlo (MCMC) chains               2
  Random seed for the first chain                                0
  Starting value information                           UNPERTURBED
  Algorithm used for Markov chain Monte Carlo           GIBBS(PX1)
  Fixed number of iterations                                200000
  K-th iteration used for thinning                               1

Input data file(s)
  regresija.dat
Input data format  FREE


SUMMARY OF DATA

     Number of clusters                         99

       Size (s)    Cluster ID with Size s

         11        13994322
         12        20855574
         14        16654540
         16        15261338
         18        12495072 21213820
         21        24595014
         24        12491236 13525223
         27        21214531
         29        20163018
         30        27788116 27663860 15264484 13996939 15614525 16554713
                   20855258 27918624 27785220 15612828 15611768 13522864
                   20852179 20856921 24593194 13525517 27913643 13526266
                   20856715 24595365 27662560 20855884 15471270 20855351
                   20162054 16551092 15611922 15471432 27666050 27915449
                   27918933 13527350 12492795 24592461 20161546 27918828
                   27788829 20854791 20854464 20794922 12497874 16554891
                   27665653 24591737 12498862 16554319 12492669 24591061
                   27665886 27661979 16556161 16554342 12193480 16554668
                   26754012 20796904 16556163 13994941 27787671 20855586
                   13528127 12494252 24593393 20162526 12492269 13993235
                   15474494 24591987 20162730 27664277 24598783 26754644
                   27663723 15262166 12198304 12191870 20798331 20796311
                   12491438 13529089 15266576 12491120 27783342 24595090
                   15264805 27662082 13997204 21212503



COVARIANCE COVERAGE OF DATA

Minimum covariance coverage value   0.100

     Number of missing data patterns            17


     PROPORTION OF DATA PRESENT


           Covariance Coverage
              EKST_C        UGOD_C        SAV_C         NE_C          OTV_C
              ________      ________      ________      ________      ________
 EKST_C         0.934
 UGOD_C         0.892         0.892
 SAV_C          0.913         0.871         0.924
 NE_C           0.871         0.829         0.882         0.882
 OTV_C          0.882         0.850         0.871         0.840         0.892
 HUM            0.548         0.524         0.541         0.519         0.523
 IMP            0.548         0.524         0.541         0.519         0.523
 NEG_VAL        0.548         0.524         0.541         0.519         0.523
 COMPLEX        0.548         0.524         0.541         0.519         0.523
 TIP            0.548         0.524         0.541         0.519         0.523
 POS_VAL        0.548         0.524         0.541         0.519         0.523
 ADVER          0.548         0.524         0.541         0.519         0.523


           Covariance Coverage
              HUM           IMP           NEG_VAL       COMPLEX       TIP
              ________      ________      ________      ________      ________
 HUM            0.609
 IMP            0.609         0.609
 NEG_VAL        0.609         0.609         0.609
 COMPLEX        0.609         0.609         0.609         0.609
 TIP            0.609         0.609         0.609         0.609         0.609
 POS_VAL        0.609         0.609         0.609         0.609         0.609
 ADVER          0.609         0.609         0.609         0.609         0.609


           Covariance Coverage
              POS_VAL       ADVER
              ________      ________
 POS_VAL        0.609
 ADVER          0.609         0.609



UNIVARIATE SAMPLE STATISTICS


     UNIVARIATE HIGHER-ORDER MOMENT DESCRIPTIVE STATISTICS

         Variable/         Mean/     Skewness/   Minimum/ % with                Percentiles
        Sample Size      Variance    Kurtosis    Maximum  Min/Max      20%/60%    40%/80%    Median

     EKST_C                3.507      -0.229       2.333    4.49%       2.833      3.500      3.500
              89.000       0.337      -0.617       4.667    2.25%       3.667      4.000
     UGOD_C                4.078      -0.701       2.500    2.35%       3.667      4.000      4.167
              85.000       0.313       0.352       5.000    3.53%       4.333      4.500
     SAV_C                 4.117      -0.720       2.500    1.14%       3.667      4.000      4.167
              88.000       0.324       0.313       5.000    4.55%       4.333      4.667
     NE_C                  2.734       0.166       1.333    1.19%       2.167      2.500      2.667
              84.000       0.394      -0.259       4.500    1.19%       2.833      3.333
     OTV_C                 3.727       0.135       2.500    1.18%       3.167      3.500      3.667
              85.000       0.370      -0.747       5.000    2.35%       3.833      4.167
     HUM                   2.553       0.595       1.000   31.30%       1.000      1.667      2.000
            1738.000       2.310      -0.858       7.000    0.23%       3.000      4.000
     IMP                   5.734      -1.294       1.000    0.40%       5.000      5.667      6.000
            1738.000       0.991       2.727       7.000   13.52%       6.000      6.667
     NEG_VAL               1.406       2.715       1.000   67.89%       1.000      1.000      1.000
            1738.000       0.700       7.950       7.000    0.06%       1.000      1.667
     COMPLEX               5.483      -1.115       1.000    0.58%       4.667      5.333      5.667
            1738.000       1.139       2.025       7.000    9.26%       6.000      6.333
     TIP                   5.515      -1.134       1.000    0.69%       4.667      5.333      5.667
            1738.000       1.350       1.730       7.000   13.69%       6.000      6.333
     POS_VAL               4.814      -0.785       1.000    2.76%       4.000      4.667      5.000
            1738.000       1.992       0.262       7.000    4.49%       5.333      6.000
     ADVER                 1.957       1.364       1.000   41.31%       1.000      1.000      1.333
            1738.000       1.480       1.155       6.667    0.12%       2.000      3.000


THE MODEL ESTIMATION TERMINATED NORMALLY

     USE THE FBITERATIONS OPTION TO INCREASE THE NUMBER OF ITERATIONS BY A FACTOR
     OF AT LEAST TWO TO CHECK CONVERGENCE AND THAT THE PSR VALUE DOES NOT INCREASE.



MODEL FIT INFORMATION

Number of Free Parameters                             118

Bayesian Posterior Predictive Checking using Chi-Square

          95% Confidence Interval for the Difference Between
          the Observed and the Replicated Chi-Square Values

                                -35.833            60.433

          Posterior Predictive P-Value              0.313

Information Criteria

          Deviance (DIC)                        28376.860
          Estimated Number of Parameters (pD)     696.962



MODEL RESULTS

                                Posterior  One-Tailed         95% C.I.
                    Estimate       S.D.      P-Value   Lower 2.5%  Upper 2.5%  Significance

Within Level

 HUM      WITH
    IMP                0.041       0.019      0.013       0.005       0.078      *
    NEG_VAL            0.021       0.014      0.062      -0.006       0.049
    COMPLEX            0.007       0.020      0.352      -0.031       0.046
    TIP               -0.121       0.022      0.000      -0.164      -0.079      *
    POS_VAL            0.254       0.025      0.000       0.207       0.304      *
    ADVER             -0.048       0.024      0.021      -0.094      -0.002      *

 IMP      WITH
    NEG_VAL           -0.115       0.011      0.000      -0.137      -0.095      *
    COMPLEX            0.344       0.017      0.000       0.313       0.379      *
    TIP                0.173       0.016      0.000       0.142       0.206      *
    POS_VAL            0.373       0.020      0.000       0.336       0.413      *
    ADVER             -0.225       0.018      0.000      -0.261      -0.191      *

 NEG_VAL  WITH
    COMPLEX           -0.089       0.011      0.000      -0.112      -0.068      *
    TIP               -0.045       0.012      0.000      -0.068      -0.022      *
    POS_VAL           -0.150       0.014      0.000      -0.177      -0.125      *
    ADVER              0.204       0.014      0.000       0.178       0.232      *

 COMPLEX  WITH
    TIP                0.213       0.017      0.000       0.180       0.248      *
    POS_VAL            0.323       0.020      0.000       0.285       0.364      *
    ADVER             -0.151       0.019      0.000      -0.188      -0.115      *

 TIP      WITH
    POS_VAL            0.134       0.020      0.000       0.095       0.174      *
    ADVER             -0.105       0.020      0.000      -0.145      -0.067      *

 POS_VAL  WITH
    ADVER             -0.352       0.024      0.000      -0.400      -0.307      *

 Variances
    HUM                1.031       0.036      0.000       0.963       1.105      *
    IMP                0.547       0.019      0.000       0.511       0.586      *
    NEG_VAL            0.306       0.011      0.000       0.286       0.328      *
    COMPLEX            0.616       0.022      0.000       0.576       0.660      *
    TIP                0.716       0.025      0.000       0.669       0.767      *
    POS_VAL            0.894       0.031      0.000       0.835       0.958      *
    ADVER              0.874       0.031      0.000       0.816       0.937      *

Between Level

 HUM        ON
    SAV_C             -0.263       0.274      0.167      -0.798       0.277
    EKST_C             0.185       0.264      0.242      -0.329       0.707
    UGOD_C            -0.191       0.275      0.242      -0.731       0.350
    OTV_C              0.357       0.222      0.054      -0.080       0.791
    NE_C              -0.145       0.265      0.291      -0.658       0.381

 IMP        ON
    SAV_C              0.085       0.165      0.304      -0.244       0.405
    EKST_C             0.138       0.151      0.179      -0.158       0.435
    UGOD_C             0.403       0.159      0.006       0.091       0.715      *
    OTV_C              0.009       0.124      0.472      -0.235       0.252
    NE_C              -0.020       0.157      0.450      -0.328       0.288

 NEG_VAL    ON
    SAV_C              0.037       0.143      0.395      -0.243       0.317
    EKST_C             0.002       0.138      0.496      -0.271       0.270
    UGOD_C            -0.460       0.142      0.001      -0.737      -0.178      *
    OTV_C              0.123       0.115      0.142      -0.104       0.350
    NE_C              -0.113       0.133      0.197      -0.376       0.149

 COMPLEX    ON
    SAV_C              0.083       0.189      0.330      -0.294       0.450
    EKST_C             0.128       0.172      0.227      -0.210       0.464
    UGOD_C             0.266       0.181      0.071      -0.089       0.622
    OTV_C              0.112       0.141      0.210      -0.165       0.390
    NE_C               0.035       0.180      0.421      -0.317       0.386

 TIP        ON
    SAV_C              0.322       0.194      0.051      -0.067       0.695
    EKST_C             0.105       0.177      0.275      -0.242       0.455
    UGOD_C             0.361       0.184      0.024       0.003       0.724      *
    OTV_C             -0.259       0.145      0.037      -0.544       0.025
    NE_C               0.042       0.185      0.409      -0.321       0.407

 POS_VAL    ON
    SAV_C             -0.150       0.263      0.285      -0.666       0.363
    EKST_C             0.179       0.246      0.232      -0.304       0.662
    UGOD_C             0.319       0.257      0.108      -0.188       0.822
    OTV_C              0.079       0.203      0.345      -0.319       0.480
    NE_C              -0.201       0.251      0.212      -0.690       0.296

 ADVER      ON
    SAV_C             -0.013       0.184      0.472      -0.371       0.350
    EKST_C            -0.146       0.178      0.204      -0.495       0.200
    UGOD_C            -0.532       0.184      0.002      -0.892      -0.169      *
    OTV_C              0.150       0.149      0.156      -0.144       0.442
    NE_C               0.017       0.173      0.461      -0.322       0.359

 HUM      WITH
    IMP               -0.022       0.099      0.410      -0.221       0.172
    NEG_VAL            0.187       0.094      0.014       0.020       0.391      *
    COMPLEX            0.074       0.113      0.245      -0.143       0.306
    TIP               -0.086       0.116      0.218      -0.327       0.134
    POS_VAL            0.256       0.164      0.045      -0.041       0.607
    ADVER              0.283       0.122      0.005       0.068       0.551      *

 IMP      WITH
    NEG_VAL           -0.161       0.056      0.000      -0.286      -0.067      *
    COMPLEX            0.456       0.086      0.000       0.323       0.657      *
    TIP                0.326       0.077      0.000       0.203       0.506      *
    POS_VAL            0.526       0.112      0.000       0.350       0.790      *
    ADVER             -0.259       0.075      0.000      -0.430      -0.136      *

 NEG_VAL  WITH
    COMPLEX           -0.144       0.062      0.005      -0.279      -0.036      *
    TIP               -0.165       0.064      0.002      -0.306      -0.056      *
    POS_VAL           -0.068       0.084      0.197      -0.243       0.093
    ADVER              0.348       0.075      0.000       0.230       0.524      *

 COMPLEX  WITH
    TIP                0.302       0.084      0.000       0.165       0.494      *
    POS_VAL            0.600       0.127      0.000       0.400       0.898      *
    ADVER             -0.217       0.082      0.001      -0.400      -0.078      *

 TIP      WITH
    POS_VAL            0.324       0.114      0.001       0.131       0.579      *
    ADVER             -0.147       0.080      0.023      -0.322      -0.003      *

 POS_VAL  WITH
    ADVER             -0.199       0.112      0.026      -0.442       0.002

 SAV_C    WITH
    EKST_C             0.072       0.045      0.042      -0.010       0.169
    UGOD_C             0.184       0.047      0.000       0.106       0.292      *
    OTV_C              0.011       0.048      0.409      -0.083       0.106
    NE_C              -0.154       0.053      0.000      -0.272      -0.064      *

 EKST_C   WITH
    UGOD_C             0.036       0.043      0.189      -0.046       0.124
    OTV_C              0.102       0.049      0.011       0.015       0.208      *
    NE_C              -0.215       0.056      0.000      -0.344      -0.123      *

 UGOD_C   WITH
    OTV_C              0.029       0.047      0.259      -0.062       0.125
    NE_C              -0.110       0.049      0.007      -0.217      -0.023      *

 OTV_C    WITH
    NE_C              -0.081       0.053      0.050      -0.193       0.016

 Means
    EKST_C             3.503       0.066      0.000       3.373       3.632      *
    UGOD_C             4.082       0.063      0.000       3.957       4.206      *
    SAV_C              4.110       0.065      0.000       3.982       4.237      *
    NE_C               2.751       0.073      0.000       2.609       2.895      *
    OTV_C              3.726       0.070      0.000       3.588       3.864      *

 Intercepts
    HUM                2.871       2.144      0.091      -1.384       7.033
    IMP                3.280       1.251      0.005       0.828       5.736      *
    NEG_VAL            2.977       1.096      0.004       0.826       5.131      *
    COMPLEX            3.092       1.431      0.015       0.298       5.921      *
    TIP                3.217       1.470      0.014       0.348       6.111      *
    POS_VAL            3.763       2.017      0.032      -0.225       7.715
    ADVER              4.088       1.419      0.002       1.302       6.889      *

 Variances
    EKST_C             0.385       0.064      0.000       0.286       0.536      *
    UGOD_C             0.350       0.058      0.000       0.260       0.486      *
    SAV_C              0.375       0.063      0.000       0.277       0.523      *
    NE_C               0.455       0.078      0.000       0.335       0.638      *
    OTV_C              0.423       0.072      0.000       0.313       0.593      *

 Residual Variances
    HUM                1.414       0.247      0.000       1.030       1.996      *
    IMP                0.450       0.081      0.000       0.325       0.640      *
    NEG_VAL            0.386       0.068      0.000       0.281       0.545      *
    COMPLEX            0.587       0.104      0.000       0.426       0.831      *
    TIP                0.605       0.109      0.000       0.436       0.862      *
    POS_VAL            1.206       0.211      0.000       0.880       1.702      *
    ADVER              0.630       0.114      0.000       0.454       0.898      *


STANDARDIZED MODEL RESULTS


STDYX Standardization

                                Posterior  One-Tailed         95% C.I.
                    Estimate       S.D.      P-Value   Lower 2.5%  Upper 2.5%  Significance
Within Level

 HUM      WITH
    IMP                0.055       0.025      0.013       0.006       0.103      *
    NEG_VAL            0.038       0.025      0.062      -0.010       0.086
    COMPLEX            0.009       0.025      0.352      -0.039       0.058
    TIP               -0.141       0.024      0.000      -0.188      -0.093      *
    POS_VAL            0.265       0.023      0.000       0.220       0.310      *
    ADVER             -0.050       0.025      0.021      -0.099      -0.002      *

 IMP      WITH
    NEG_VAL           -0.282       0.023      0.000      -0.327      -0.237      *
    COMPLEX            0.594       0.016      0.000       0.561       0.624      *
    TIP                0.276       0.023      0.000       0.231       0.321      *
    POS_VAL            0.534       0.018      0.000       0.498       0.568      *
    ADVER             -0.326       0.022      0.000      -0.369      -0.281      *

 NEG_VAL  WITH
    COMPLEX           -0.206       0.024      0.000      -0.252      -0.159      *
    TIP               -0.096       0.025      0.000      -0.144      -0.048      *
    POS_VAL           -0.288       0.023      0.000      -0.332      -0.243      *
    ADVER              0.395       0.021      0.000       0.353       0.435      *

 COMPLEX  WITH
    TIP                0.322       0.022      0.000       0.277       0.364      *
    POS_VAL            0.436       0.020      0.000       0.396       0.474      *
    ADVER             -0.206       0.024      0.000      -0.252      -0.159      *

 TIP      WITH
    POS_VAL            0.168       0.024      0.000       0.120       0.215      *
    ADVER             -0.133       0.024      0.000      -0.181      -0.085      *

 POS_VAL  WITH
    ADVER             -0.398       0.021      0.000      -0.438      -0.357      *

 Variances
    HUM                1.000       0.000      0.000       1.000       1.000
    IMP                1.000       0.000      0.000       1.000       1.000
    NEG_VAL            1.000       0.000      0.000       1.000       1.000
    COMPLEX            1.000       0.000      0.000       1.000       1.000
    TIP                1.000       0.000      0.000       1.000       1.000
    POS_VAL            1.000       0.000      0.000       1.000       1.000
    ADVER              1.000       0.000      0.000       1.000       1.000

Between Level

 HUM        ON
    SAV_C             -0.126       0.129      0.167      -0.374       0.131
    EKST_C             0.090       0.126      0.242      -0.159       0.335
    UGOD_C            -0.089       0.126      0.242      -0.332       0.160
    OTV_C              0.182       0.110      0.054      -0.041       0.390
    NE_C              -0.077       0.138      0.291      -0.340       0.199

 IMP        ON
    SAV_C              0.069       0.133      0.304      -0.195       0.324
    EKST_C             0.114       0.123      0.179      -0.129       0.351
    UGOD_C             0.317       0.120      0.006       0.072       0.539      *
    OTV_C              0.007       0.106      0.472      -0.201       0.215
    NE_C              -0.018       0.139      0.450      -0.289       0.255

 NEG_VAL    ON
    SAV_C              0.033       0.125      0.395      -0.211       0.277
    EKST_C             0.001       0.122      0.496      -0.240       0.239
    UGOD_C            -0.394       0.115      0.001      -0.604      -0.155      *
    OTV_C              0.116       0.107      0.142      -0.097       0.322
    NE_C              -0.111       0.129      0.197      -0.361       0.144

 COMPLEX    ON
    SAV_C              0.062       0.139      0.330      -0.215       0.330
    EKST_C             0.097       0.128      0.227      -0.157       0.343
    UGOD_C             0.192       0.127      0.071      -0.065       0.434
    OTV_C              0.089       0.110      0.210      -0.129       0.300
    NE_C               0.029       0.146      0.421      -0.257       0.313

 TIP        ON
    SAV_C              0.222       0.131      0.051      -0.046       0.467
    EKST_C             0.073       0.122      0.275      -0.168       0.311
    UGOD_C             0.241       0.119      0.024       0.002       0.466      *
    OTV_C             -0.190       0.104      0.037      -0.388       0.018
    NE_C               0.032       0.139      0.409      -0.241       0.303

 POS_VAL    ON
    SAV_C             -0.078       0.136      0.285      -0.340       0.189
    EKST_C             0.095       0.128      0.232      -0.160       0.343
    UGOD_C             0.162       0.128      0.108      -0.094       0.405
    OTV_C              0.044       0.111      0.345      -0.175       0.262
    NE_C              -0.116       0.143      0.212      -0.388       0.169

 ADVER      ON
    SAV_C             -0.009       0.125      0.472      -0.252       0.238
    EKST_C            -0.102       0.123      0.204      -0.340       0.140
    UGOD_C            -0.356       0.117      0.002      -0.571      -0.113      *
    OTV_C              0.110       0.108      0.156      -0.105       0.318
    NE_C               0.013       0.130      0.461      -0.242       0.267

 HUM      WITH
    IMP               -0.027       0.119      0.410      -0.259       0.206
    NEG_VAL            0.257       0.111      0.014       0.028       0.460      *
    COMPLEX            0.083       0.118      0.245      -0.151       0.308
    TIP               -0.094       0.119      0.218      -0.321       0.143
    POS_VAL            0.199       0.113      0.045      -0.032       0.410
    ADVER              0.304       0.109      0.005       0.076       0.503      *

 IMP      WITH
    NEG_VAL           -0.392       0.102      0.000      -0.573      -0.175      *
    COMPLEX            0.890       0.028      0.000       0.823       0.933      *
    TIP                0.631       0.076      0.000       0.461       0.756      *
    POS_VAL            0.719       0.060      0.000       0.582       0.817      *
    ADVER             -0.492       0.094      0.000      -0.654      -0.288      *

 NEG_VAL  WITH
    COMPLEX           -0.306       0.108      0.005      -0.502      -0.079      *
    TIP               -0.347       0.106      0.002      -0.538      -0.124      *
    POS_VAL           -0.101       0.116      0.197      -0.323       0.132
    ADVER              0.711       0.062      0.000       0.568       0.812      *

 COMPLEX  WITH
    TIP                0.512       0.090      0.000       0.313       0.667      *
    POS_VAL            0.718       0.060      0.000       0.581       0.816      *
    ADVER             -0.362       0.106      0.001      -0.552      -0.138      *

 TIP      WITH
    POS_VAL            0.384       0.103      0.001       0.165       0.567      *
    ADVER             -0.242       0.114      0.023      -0.452      -0.005      *

 POS_VAL  WITH
    ADVER             -0.232       0.113      0.026      -0.441       0.002

 SAV_C    WITH
    EKST_C             0.192       0.108      0.042      -0.026       0.395
    UGOD_C             0.512       0.084      0.000       0.328       0.659      *
    OTV_C              0.027       0.114      0.409      -0.198       0.250
    NE_C              -0.378       0.099      0.000      -0.555      -0.167      *

 EKST_C   WITH
    UGOD_C             0.099       0.111      0.189      -0.122       0.309
    OTV_C              0.257       0.106      0.011       0.037       0.451      *
    NE_C              -0.519       0.086      0.000      -0.666      -0.332      *

 UGOD_C   WITH
    OTV_C              0.076       0.116      0.259      -0.155       0.298
    NE_C              -0.280       0.105      0.007      -0.472      -0.060      *

 OTV_C    WITH
    NE_C              -0.187       0.110      0.050      -0.393       0.036

 Means
    EKST_C             5.642       0.463      0.000       4.757       6.574      *
    UGOD_C             6.895       0.560      0.000       5.834       8.027      *
    SAV_C              6.714       0.553      0.000       5.660       7.826      *
    NE_C               4.079       0.349      0.000       3.414       4.782      *
    OTV_C              5.729       0.479      0.000       4.814       6.688      *

 Intercepts
    HUM                2.254       1.654      0.091      -1.046       5.401
    IMP                4.360       1.757      0.005       1.019       7.877      *
    NEG_VAL            4.318       1.541      0.004       1.179       7.194      *
    COMPLEX            3.774       1.805      0.015       0.336       7.386      *
    TIP                3.622       1.706      0.014       0.369       7.025      *
    POS_VAL            3.229       1.731      0.032      -0.185       6.584
    ADVER              4.622       1.556      0.002       1.453       7.526      *

 Variances
    EKST_C             1.000       0.000      0.000       1.000       1.000
    UGOD_C             1.000       0.000      0.000       1.000       1.000
    SAV_C              1.000       0.000      0.000       1.000       1.000
    NE_C               1.000       0.000      0.000       1.000       1.000
    OTV_C              1.000       0.000      0.000       1.000       1.000

 Residual Variances
    HUM                0.870       0.063      0.000       0.723       0.966      *
    IMP                0.797       0.075      0.000       0.635       0.926      *
    NEG_VAL            0.813       0.073      0.000       0.654       0.934      *
    COMPLEX            0.874       0.062      0.000       0.729       0.967      *
    TIP                0.768       0.080      0.000       0.600       0.908      *
    POS_VAL            0.886       0.059      0.000       0.745       0.972      *
    ADVER              0.805       0.075      0.000       0.643       0.931      *


STDY Standardization

                                Posterior  One-Tailed         95% C.I.
                    Estimate       S.D.      P-Value   Lower 2.5%  Upper 2.5%  Significance
Within Level

 HUM      WITH
    IMP                0.055       0.025      0.013       0.006       0.103      *
    NEG_VAL            0.038       0.025      0.062      -0.010       0.086
    COMPLEX            0.009       0.025      0.352      -0.039       0.058
    TIP               -0.141       0.024      0.000      -0.188      -0.093      *
    POS_VAL            0.265       0.023      0.000       0.220       0.310      *
    ADVER             -0.050       0.025      0.021      -0.099      -0.002      *

 IMP      WITH
    NEG_VAL           -0.282       0.023      0.000      -0.327      -0.237      *
    COMPLEX            0.594       0.016      0.000       0.561       0.624      *
    TIP                0.276       0.023      0.000       0.231       0.321      *
    POS_VAL            0.534       0.018      0.000       0.498       0.568      *
    ADVER             -0.326       0.022      0.000      -0.369      -0.281      *

 NEG_VAL  WITH
    COMPLEX           -0.206       0.024      0.000      -0.252      -0.159      *
    TIP               -0.096       0.025      0.000      -0.144      -0.048      *
    POS_VAL           -0.288       0.023      0.000      -0.332      -0.243      *
    ADVER              0.395       0.021      0.000       0.353       0.435      *

 COMPLEX  WITH
    TIP                0.322       0.022      0.000       0.277       0.364      *
    POS_VAL            0.436       0.020      0.000       0.396       0.474      *
    ADVER             -0.206       0.024      0.000      -0.252      -0.159      *

 TIP      WITH
    POS_VAL            0.168       0.024      0.000       0.120       0.215      *
    ADVER             -0.133       0.024      0.000      -0.181      -0.085      *

 POS_VAL  WITH
    ADVER             -0.398       0.021      0.000      -0.438      -0.357      *

 Variances
    HUM                1.000       0.000      0.000       1.000       1.000
    IMP                1.000       0.000      0.000       1.000       1.000
    NEG_VAL            1.000       0.000      0.000       1.000       1.000
    COMPLEX            1.000       0.000      0.000       1.000       1.000
    TIP                1.000       0.000      0.000       1.000       1.000
    POS_VAL            1.000       0.000      0.000       1.000       1.000
    ADVER              1.000       0.000      0.000       1.000       1.000

Between Level

 HUM        ON
    SAV_C             -0.126       0.129      0.167      -0.374       0.131
    EKST_C             0.090       0.126      0.242      -0.159       0.335
    UGOD_C            -0.089       0.126      0.242      -0.332       0.160
    OTV_C              0.182       0.110      0.054      -0.041       0.390
    NE_C              -0.077       0.138      0.291      -0.340       0.199

 IMP        ON
    SAV_C              0.069       0.133      0.304      -0.195       0.324
    EKST_C             0.114       0.123      0.179      -0.129       0.351
    UGOD_C             0.317       0.120      0.006       0.072       0.539      *
    OTV_C              0.007       0.106      0.472      -0.201       0.215
    NE_C              -0.018       0.139      0.450      -0.289       0.255

 NEG_VAL    ON
    SAV_C              0.033       0.125      0.395      -0.211       0.277
    EKST_C             0.001       0.122      0.496      -0.240       0.239
    UGOD_C            -0.394       0.115      0.001      -0.604      -0.155      *
    OTV_C              0.116       0.107      0.142      -0.097       0.322
    NE_C              -0.111       0.129      0.197      -0.361       0.144

 COMPLEX    ON
    SAV_C              0.062       0.139      0.330      -0.215       0.330
    EKST_C             0.097       0.128      0.227      -0.157       0.343
    UGOD_C             0.192       0.127      0.071      -0.065       0.434
    OTV_C              0.089       0.110      0.210      -0.129       0.300
    NE_C               0.029       0.146      0.421      -0.257       0.313

 TIP        ON
    SAV_C              0.222       0.131      0.051      -0.046       0.467
    EKST_C             0.073       0.122      0.275      -0.168       0.311
    UGOD_C             0.241       0.119      0.024       0.002       0.466      *
    OTV_C             -0.190       0.104      0.037      -0.388       0.018
    NE_C               0.032       0.139      0.409      -0.241       0.303

 POS_VAL    ON
    SAV_C             -0.078       0.136      0.285      -0.340       0.189
    EKST_C             0.095       0.128      0.232      -0.160       0.343
    UGOD_C             0.162       0.128      0.108      -0.094       0.405
    OTV_C              0.044       0.111      0.345      -0.175       0.262
    NE_C              -0.116       0.143      0.212      -0.388       0.169

 ADVER      ON
    SAV_C             -0.009       0.125      0.472      -0.252       0.238
    EKST_C            -0.102       0.123      0.204      -0.340       0.140
    UGOD_C            -0.356       0.117      0.002      -0.571      -0.113      *
    OTV_C              0.110       0.108      0.156      -0.105       0.318
    NE_C               0.013       0.130      0.461      -0.242       0.267

 HUM      WITH
    IMP               -0.027       0.119      0.410      -0.259       0.206
    NEG_VAL            0.257       0.111      0.014       0.028       0.460      *
    COMPLEX            0.083       0.118      0.245      -0.151       0.308
    TIP               -0.094       0.119      0.218      -0.321       0.143
    POS_VAL            0.199       0.113      0.045      -0.032       0.410
    ADVER              0.304       0.109      0.005       0.076       0.503      *

 IMP      WITH
    NEG_VAL           -0.392       0.102      0.000      -0.573      -0.175      *
    COMPLEX            0.890       0.028      0.000       0.823       0.933      *
    TIP                0.631       0.076      0.000       0.461       0.756      *
    POS_VAL            0.719       0.060      0.000       0.582       0.817      *
    ADVER             -0.492       0.094      0.000      -0.654      -0.288      *

 NEG_VAL  WITH
    COMPLEX           -0.306       0.108      0.005      -0.502      -0.079      *
    TIP               -0.347       0.106      0.002      -0.538      -0.124      *
    POS_VAL           -0.101       0.116      0.197      -0.323       0.132
    ADVER              0.711       0.062      0.000       0.568       0.812      *

 COMPLEX  WITH
    TIP                0.512       0.090      0.000       0.313       0.667      *
    POS_VAL            0.718       0.060      0.000       0.581       0.816      *
    ADVER             -0.362       0.106      0.001      -0.552      -0.138      *

 TIP      WITH
    POS_VAL            0.384       0.103      0.001       0.165       0.567      *
    ADVER             -0.242       0.114      0.023      -0.452      -0.005      *

 POS_VAL  WITH
    ADVER             -0.232       0.113      0.026      -0.441       0.002

 SAV_C    WITH
    EKST_C             0.192       0.108      0.042      -0.026       0.395
    UGOD_C             0.512       0.084      0.000       0.328       0.659      *
    OTV_C              0.027       0.114      0.409      -0.198       0.250
    NE_C              -0.378       0.099      0.000      -0.555      -0.167      *

 EKST_C   WITH
    UGOD_C             0.099       0.111      0.189      -0.122       0.309
    OTV_C              0.257       0.106      0.011       0.037       0.451      *
    NE_C              -0.519       0.086      0.000      -0.666      -0.332      *

 UGOD_C   WITH
    OTV_C              0.076       0.116      0.259      -0.155       0.298
    NE_C              -0.280       0.105      0.007      -0.472      -0.060      *

 OTV_C    WITH
    NE_C              -0.187       0.110      0.050      -0.393       0.036

 Means
    EKST_C             5.642       0.463      0.000       4.757       6.574      *
    UGOD_C             6.895       0.560      0.000       5.834       8.027      *
    SAV_C              6.714       0.553      0.000       5.660       7.826      *
    NE_C               4.079       0.349      0.000       3.414       4.782      *
    OTV_C              5.729       0.479      0.000       4.814       6.688      *

 Intercepts
    HUM                2.254       1.654      0.091      -1.046       5.401
    IMP                4.360       1.757      0.005       1.019       7.877      *
    NEG_VAL            4.318       1.541      0.004       1.179       7.194      *
    COMPLEX            3.774       1.805      0.015       0.336       7.386      *
    TIP                3.622       1.706      0.014       0.369       7.025      *
    POS_VAL            3.229       1.731      0.032      -0.185       6.584
    ADVER              4.622       1.556      0.002       1.453       7.526      *

 Variances
    EKST_C             1.000       0.000      0.000       1.000       1.000
    UGOD_C             1.000       0.000      0.000       1.000       1.000
    SAV_C              1.000       0.000      0.000       1.000       1.000
    NE_C               1.000       0.000      0.000       1.000       1.000
    OTV_C              1.000       0.000      0.000       1.000       1.000

 Residual Variances
    HUM                0.870       0.063      0.000       0.723       0.966      *
    IMP                0.797       0.075      0.000       0.635       0.926      *
    NEG_VAL            0.813       0.073      0.000       0.654       0.934      *
    COMPLEX            0.874       0.062      0.000       0.729       0.967      *
    TIP                0.768       0.080      0.000       0.600       0.908      *
    POS_VAL            0.886       0.059      0.000       0.745       0.972      *
    ADVER              0.805       0.075      0.000       0.643       0.931      *


STD Standardization

                                Posterior  One-Tailed         95% C.I.
                    Estimate       S.D.      P-Value   Lower 2.5%  Upper 2.5%  Significance
Within Level

 HUM      WITH
    IMP                0.041       0.019      0.013       0.005       0.078      *
    NEG_VAL            0.021       0.014      0.062      -0.006       0.049
    COMPLEX            0.007       0.020      0.352      -0.031       0.046
    TIP               -0.121       0.022      0.000      -0.164      -0.079      *
    POS_VAL            0.254       0.025      0.000       0.207       0.304      *
    ADVER             -0.048       0.024      0.021      -0.094      -0.002      *

 IMP      WITH
    NEG_VAL           -0.115       0.011      0.000      -0.137      -0.095      *
    COMPLEX            0.344       0.017      0.000       0.313       0.379      *
    TIP                0.173       0.016      0.000       0.142       0.206      *
    POS_VAL            0.373       0.020      0.000       0.336       0.413      *
    ADVER             -0.225       0.018      0.000      -0.261      -0.191      *

 NEG_VAL  WITH
    COMPLEX           -0.089       0.011      0.000      -0.112      -0.068      *
    TIP               -0.045       0.012      0.000      -0.068      -0.022      *
    POS_VAL           -0.150       0.014      0.000      -0.177      -0.125      *
    ADVER              0.204       0.014      0.000       0.178       0.232      *

 COMPLEX  WITH
    TIP                0.213       0.017      0.000       0.180       0.248      *
    POS_VAL            0.323       0.020      0.000       0.285       0.364      *
    ADVER             -0.151       0.019      0.000      -0.188      -0.115      *

 TIP      WITH
    POS_VAL            0.134       0.020      0.000       0.095       0.174      *
    ADVER             -0.105       0.020      0.000      -0.145      -0.067      *

 POS_VAL  WITH
    ADVER             -0.352       0.024      0.000      -0.400      -0.307      *

 Variances
    HUM                1.031       0.036      0.000       0.963       1.105      *
    IMP                0.547       0.019      0.000       0.511       0.586      *
    NEG_VAL            0.306       0.011      0.000       0.286       0.328      *
    COMPLEX            0.616       0.022      0.000       0.576       0.660      *
    TIP                0.716       0.025      0.000       0.669       0.767      *
    POS_VAL            0.894       0.031      0.000       0.835       0.958      *
    ADVER              0.874       0.031      0.000       0.816       0.937      *

Between Level

 HUM        ON
    SAV_C             -0.263       0.274      0.167      -0.798       0.277
    EKST_C             0.185       0.264      0.242      -0.329       0.707
    UGOD_C            -0.191       0.275      0.242      -0.731       0.350
    OTV_C              0.357       0.222      0.054      -0.080       0.791
    NE_C              -0.145       0.265      0.291      -0.658       0.381

 IMP        ON
    SAV_C              0.085       0.165      0.304      -0.244       0.405
    EKST_C             0.138       0.151      0.179      -0.158       0.435
    UGOD_C             0.403       0.159      0.006       0.091       0.715      *
    OTV_C              0.009       0.124      0.472      -0.235       0.252
    NE_C              -0.020       0.157      0.450      -0.328       0.288

 NEG_VAL    ON
    SAV_C              0.037       0.143      0.395      -0.243       0.317
    EKST_C             0.002       0.138      0.496      -0.271       0.270
    UGOD_C            -0.460       0.142      0.001      -0.737      -0.178      *
    OTV_C              0.123       0.115      0.142      -0.104       0.350
    NE_C              -0.113       0.133      0.197      -0.376       0.149

 COMPLEX    ON
    SAV_C              0.083       0.189      0.330      -0.294       0.450
    EKST_C             0.128       0.172      0.227      -0.210       0.464
    UGOD_C             0.266       0.181      0.071      -0.089       0.622
    OTV_C              0.112       0.141      0.210      -0.165       0.390
    NE_C               0.035       0.180      0.421      -0.317       0.386

 TIP        ON
    SAV_C              0.322       0.194      0.051      -0.067       0.695
    EKST_C             0.105       0.177      0.275      -0.242       0.455
    UGOD_C             0.361       0.184      0.024       0.003       0.724      *
    OTV_C             -0.259       0.145      0.037      -0.544       0.025
    NE_C               0.042       0.185      0.409      -0.321       0.407

 POS_VAL    ON
    SAV_C             -0.150       0.263      0.285      -0.666       0.363
    EKST_C             0.179       0.246      0.232      -0.304       0.662
    UGOD_C             0.319       0.257      0.108      -0.188       0.822
    OTV_C              0.079       0.203      0.345      -0.319       0.480
    NE_C              -0.201       0.251      0.212      -0.690       0.296

 ADVER      ON
    SAV_C             -0.013       0.184      0.472      -0.371       0.350
    EKST_C            -0.146       0.178      0.204      -0.495       0.200
    UGOD_C            -0.532       0.184      0.002      -0.892      -0.169      *
    OTV_C              0.150       0.149      0.156      -0.144       0.442
    NE_C               0.017       0.173      0.461      -0.322       0.359

 HUM      WITH
    IMP               -0.022       0.099      0.410      -0.221       0.172
    NEG_VAL            0.187       0.094      0.014       0.020       0.391      *
    COMPLEX            0.074       0.113      0.245      -0.143       0.306
    TIP               -0.086       0.116      0.218      -0.327       0.134
    POS_VAL            0.256       0.164      0.045      -0.041       0.607
    ADVER              0.283       0.122      0.005       0.068       0.551      *

 IMP      WITH
    NEG_VAL           -0.161       0.056      0.000      -0.286      -0.067      *
    COMPLEX            0.456       0.086      0.000       0.323       0.657      *
    TIP                0.326       0.077      0.000       0.203       0.506      *
    POS_VAL            0.526       0.112      0.000       0.350       0.790      *
    ADVER             -0.259       0.075      0.000      -0.430      -0.136      *

 NEG_VAL  WITH
    COMPLEX           -0.144       0.062      0.005      -0.279      -0.036      *
    TIP               -0.165       0.064      0.002      -0.306      -0.056      *
    POS_VAL           -0.068       0.084      0.197      -0.243       0.093
    ADVER              0.348       0.075      0.000       0.230       0.524      *

 COMPLEX  WITH
    TIP                0.302       0.084      0.000       0.165       0.494      *
    POS_VAL            0.600       0.127      0.000       0.400       0.898      *
    ADVER             -0.217       0.082      0.001      -0.400      -0.078      *

 TIP      WITH
    POS_VAL            0.324       0.114      0.001       0.131       0.579      *
    ADVER             -0.147       0.080      0.023      -0.322      -0.003      *

 POS_VAL  WITH
    ADVER             -0.199       0.112      0.026      -0.442       0.002

 SAV_C    WITH
    EKST_C             0.072       0.045      0.042      -0.010       0.169
    UGOD_C             0.184       0.047      0.000       0.106       0.292      *
    OTV_C              0.011       0.048      0.409      -0.083       0.106
    NE_C              -0.154       0.053      0.000      -0.272      -0.064      *

 EKST_C   WITH
    UGOD_C             0.036       0.043      0.189      -0.046       0.124
    OTV_C              0.102       0.049      0.011       0.015       0.208      *
    NE_C              -0.215       0.056      0.000      -0.344      -0.123      *

 UGOD_C   WITH
    OTV_C              0.029       0.047      0.259      -0.062       0.125
    NE_C              -0.110       0.049      0.007      -0.217      -0.023      *

 OTV_C    WITH
    NE_C              -0.081       0.053      0.050      -0.193       0.016

 Means
    EKST_C             3.503       0.066      0.000       3.373       3.632      *
    UGOD_C             4.082       0.063      0.000       3.957       4.206      *
    SAV_C              4.110       0.065      0.000       3.982       4.237      *
    NE_C               2.751       0.073      0.000       2.609       2.895      *
    OTV_C              3.726       0.070      0.000       3.588       3.864      *

 Intercepts
    HUM                2.871       2.144      0.091      -1.384       7.033
    IMP                3.280       1.251      0.005       0.828       5.736      *
    NEG_VAL            2.977       1.096      0.004       0.826       5.131      *
    COMPLEX            3.092       1.431      0.015       0.298       5.921      *
    TIP                3.217       1.470      0.014       0.348       6.111      *
    POS_VAL            3.763       2.017      0.032      -0.225       7.715
    ADVER              4.088       1.419      0.002       1.302       6.889      *

 Variances
    EKST_C             0.385       0.064      0.000       0.286       0.536      *
    UGOD_C             0.350       0.058      0.000       0.260       0.486      *
    SAV_C              0.375       0.063      0.000       0.277       0.523      *
    NE_C               0.455       0.078      0.000       0.335       0.638      *
    OTV_C              0.423       0.072      0.000       0.313       0.593      *

 Residual Variances
    HUM                1.414       0.247      0.000       1.030       1.996      *
    IMP                0.450       0.081      0.000       0.325       0.640      *
    NEG_VAL            0.386       0.068      0.000       0.281       0.545      *
    COMPLEX            0.587       0.104      0.000       0.426       0.831      *
    TIP                0.605       0.109      0.000       0.436       0.862      *
    POS_VAL            1.206       0.211      0.000       0.880       1.702      *
    ADVER              0.630       0.114      0.000       0.454       0.898      *


R-SQUARE

Between Level

                                Posterior  One-Tailed         95% C.I.
    Variable        Estimate       S.D.      P-Value   Lower 2.5%  Upper 2.5%

    HUM                0.130       0.063      0.000       0.034       0.277
    IMP                0.203       0.075      0.000       0.074       0.365
    NEG_VAL            0.187       0.073      0.000       0.066       0.346
    COMPLEX            0.126       0.062      0.000       0.033       0.271
    TIP                0.232       0.080      0.000       0.092       0.400
    POS_VAL            0.114       0.059      0.000       0.028       0.255
    ADVER              0.195       0.075      0.000       0.069       0.357


DIAGRAM INFORMATION

  Mplus diagrams are currently not available for multilevel analysis.
  No diagram output was produced.


     Beginning Time:  12:24:56
        Ending Time:  12:34:30
       Elapsed Time:  00:09:34



MUTHEN & MUTHEN
3463 Stoner Ave.
Los Angeles, CA  90066

Tel: (310) 391-9971
Fax: (310) 391-8971
Web: www.StatModel.com
Support: Support@StatModel.com

Copyright (c) 1998-2023 Muthen & Muthen
