Mplus VERSION 8.10
MUTHEN & MUTHEN
08/31/2024  12:39 PM

INPUT INSTRUCTIONS

  DATA: File is regresija.dat;

  VARIABLE:

  NAMES ARE ID EKST_C UGOD_C SAV_C NE_C OTV_C HUM
  IMP NEG_VAL COMPLEX TIP POS_VAL ADVER
  SAV EKST A2 N2 OTV SEU;

  USEVARIABLES ARE EKST_C UGOD_C SAV_C NE_C OTV_C SAV
  EKST A2 N2 OTV;

  MISSING ARE ALL (-99);

  CLUSTER IS id;

  BETWEEN ARE EKST_C UGOD_C SAV_C NE_C OTV_C;


  ANALYSIS:
  TYPE = TWOLEVEL;
  ESTIMATOR = BAYES;
  PROCESSORS = 12;
  FBITERATIONS = 200000;


  MODEL:

  %WITHIN%
  SAV;
  EKST;
  A2;
  N2;
  OTV;

  SAV WITH EKST;
  SAV WITH A2;
  SAV WITH N2;
  SAV WITH OTV;

  EKST WITH A2;
  EKST WITH N2;
  EKST WITH OTV;

  A2 WITH N2;
  A2 WITH OTV;

  N2 WITH OTV;


  %BETWEEN%
  SAV;
  EKST;
  A2;
  N2;
  OTV;

  EKST_C;
  UGOD_C;
  SAV_C;
  NE_C;
  OTV_C;


  SAV ON EKST_C;
  SAV ON UGOD_C;
  SAV ON SAV_C;
  SAV ON NE_C;
  SAV ON OTV_C;


  EKST ON EKST_C;
  EKST ON UGOD_C;
  EKST ON SAV_C;
  EKST ON NE_C;
  EKST ON OTV_C;


  A2 ON EKST_C;
  A2 ON UGOD_C;
  A2 ON SAV_C;
  A2 ON NE_C;
  A2 ON OTV_C;

  N2 ON EKST_C;
  N2 ON UGOD_C;
  N2 ON SAV_C;
  N2 ON NE_C;
  N2 ON OTV_C;

  OTV ON EKST_C;
  OTV ON UGOD_C;
  OTV ON SAV_C;
  OTV ON NE_C;
  OTV ON OTV_C;

  SAV WITH EKST;
  SAV WITH A2;
  SAV WITH N2;
  SAV WITH OTV;

  EKST WITH A2;
  EKST WITH N2;
  EKST WITH OTV;

  A2 WITH N2;
  A2 WITH OTV;

  N2 WITH OTV;

  EKST_C WITH UGOD_C;
  EKST_C WITH SAV_C;
  EKST_C WITH NE_C;
  EKST_C WITH OTV_C;

  UGOD_C WITH SAV_C;
  UGOD_C WITH NE_C;
  UGOD_C WITH OTV_C;

  SAV_C WITH NE_C;
  SAV_C WITH OTV_C;

  NE_C WITH OTV_C;

  OUTPUT: STANDARDIZED;



*** WARNING
  One or more individual-level variables have no variation within a
  cluster for the following clusters.

     Variable   Cluster IDs with no within-cluster variation

      SAV         16554713 20855351 16554891 16554319 24591061 16556161 13994941 20162730 12198304
                  12491438
      EKST        16554319 24591061 12198304
      A2          13994322 24595014 20163018 13996939 16554713 15611768 20856921 13526266 20855351
                  15471432 13527350 24592461 20854464 12497874 27665653 16554319 27661979 16556161
                  12193480 16554668 16556163 27787671 20855586 15474494 24591987 20162730 27664277
                  24598783 26754644 12198304 20798331 24595090 13997204
      N2          13994322 20855574 20855351 16554891 27665653 16554319 27787671 20855586 12492269
                  24598783 12198304 20798331 24595090
      OTV         20855351 16554319 24591061

*** WARNING
  Data set contains cases with missing on all variables.
  These cases were not included in the analysis.
  Number of cases with missing on all variables:  116
   2 WARNING(S) FOUND IN THE INPUT INSTRUCTIONS




SUMMARY OF ANALYSIS

Number of groups                                                 1
Number of observations                                        2854

Number of dependent variables                                    5
Number of independent variables                                  5
Number of continuous latent variables                            0

Observed dependent variables

  Continuous
   SAV         EKST        A2          N2          OTV

Observed independent variables
   EKST_C      UGOD_C      SAV_C       NE_C        OTV_C

Variables with special functions

  Cluster variable      ID

  Between variables
   EKST_C      UGOD_C      SAV_C       NE_C        OTV_C


Estimator                                                    BAYES
Specifications for Bayesian Estimation
  Point estimate                                            MEDIAN
  Number of Markov chain Monte Carlo (MCMC) chains               2
  Random seed for the first chain                                0
  Starting value information                           UNPERTURBED
  Algorithm used for Markov chain Monte Carlo           GIBBS(PX1)
  Fixed number of iterations                                200000
  K-th iteration used for thinning                               1

Input data file(s)
  regresija.dat
Input data format  FREE


SUMMARY OF DATA

     Number of clusters                         99

       Size (s)    Cluster ID with Size s

         11        13994322
         12        20855574
         14        16654540
         16        15261338
         18        12495072 21213820
         21        24595014
         24        12491236 13525223
         27        21214531
         29        20163018
         30        27788116 27663860 15264484 13996939 15614525 16554713
                   20855258 27918624 27785220 15612828 15611768 13522864
                   20852179 20856921 24593194 13525517 27913643 13526266
                   20856715 24595365 27662560 20855884 15471270 20855351
                   20162054 16551092 15611922 15471432 27666050 27915449
                   27918933 13527350 12492795 24592461 20161546 27918828
                   27788829 20854791 20854464 20794922 12497874 16554891
                   27665653 24591737 12498862 16554319 12492669 24591061
                   27665886 27661979 16556161 16554342 12193480 16554668
                   26754012 20796904 16556163 13994941 27787671 20855586
                   13528127 12494252 24593393 20162526 12492269 13993235
                   15474494 24591987 20162730 27664277 24598783 26754644
                   27663723 15262166 12198304 12191870 20798331 20796311
                   12491438 13529089 15266576 12491120 27783342 24595090
                   15264805 27662082 13997204 21212503



COVARIANCE COVERAGE OF DATA

Minimum covariance coverage value   0.100

     Number of missing data patterns            17


     PROPORTION OF DATA PRESENT


           Covariance Coverage
              EKST_C        UGOD_C        SAV_C         NE_C          OTV_C
              ________      ________      ________      ________      ________
 EKST_C         0.934
 UGOD_C         0.892         0.892
 SAV_C          0.913         0.871         0.924
 NE_C           0.871         0.829         0.882         0.882
 OTV_C          0.882         0.850         0.871         0.840         0.892
 SAV            0.548         0.524         0.541         0.519         0.523
 EKST           0.548         0.524         0.541         0.519         0.523
 A2             0.548         0.524         0.541         0.519         0.523
 N2             0.548         0.524         0.541         0.519         0.523
 OTV            0.548         0.524         0.541         0.519         0.523


           Covariance Coverage
              SAV           EKST          A2            N2            OTV
              ________      ________      ________      ________      ________
 SAV            0.609
 EKST           0.609         0.609
 A2             0.609         0.609         0.609
 N2             0.609         0.609         0.609         0.609
 OTV            0.609         0.609         0.609         0.609         0.609



UNIVARIATE SAMPLE STATISTICS


     UNIVARIATE HIGHER-ORDER MOMENT DESCRIPTIVE STATISTICS

         Variable/         Mean/     Skewness/   Minimum/ % with                Percentiles
        Sample Size      Variance    Kurtosis    Maximum  Min/Max      20%/60%    40%/80%    Median

     EKST_C                3.507      -0.229       2.333    4.49%       2.833      3.500      3.500
              89.000       0.337      -0.617       4.667    2.25%       3.667      4.000
     UGOD_C                4.078      -0.701       2.500    2.35%       3.667      4.000      4.167
              85.000       0.313       0.352       5.000    3.53%       4.333      4.500
     SAV_C                 4.117      -0.720       2.500    1.14%       3.667      4.000      4.167
              88.000       0.324       0.313       5.000    4.55%       4.333      4.667
     NE_C                  2.734       0.166       1.333    1.19%       2.167      2.500      2.667
              84.000       0.394      -0.259       4.500    1.19%       2.833      3.333
     OTV_C                 3.727       0.135       2.500    1.18%       3.167      3.500      3.667
              85.000       0.370      -0.747       5.000    2.35%       3.833      4.167
     SAV                   6.114      -1.390       1.000    0.06%       5.500      6.000      6.000
            1738.000       0.835       2.671       7.000   32.97%       6.500      7.000
     EKST                  5.910      -1.294       1.000    0.23%       5.000      6.000      6.000
            1738.000       1.054       2.364       7.000   26.29%       6.000      7.000
     A2                    6.476      -2.751       1.000    0.75%       6.000      7.000      7.000
            1738.000       1.246       7.758       7.000   72.32%       7.000      7.000
     N2                    2.221       1.253       1.000   46.03%       1.000      1.000      2.000
            1738.000       2.413       0.596       7.000    1.67%       2.000      4.000
     OTV                   5.565      -0.985       1.000    0.29%       5.000      5.500      6.000
            1738.000       1.215       1.361       7.000   15.48%       6.000      6.500


THE MODEL ESTIMATION TERMINATED NORMALLY

     USE THE FBITERATIONS OPTION TO INCREASE THE NUMBER OF ITERATIONS BY A FACTOR
     OF AT LEAST TWO TO CHECK CONVERGENCE AND THAT THE PSR VALUE DOES NOT INCREASE.



MODEL FIT INFORMATION

Number of Free Parameters                              80

Bayesian Posterior Predictive Checking using Chi-Square

          95% Confidence Interval for the Difference Between
          the Observed and the Replicated Chi-Square Values

                                -31.456            45.300

          Posterior Predictive P-Value              0.373

Information Criteria

          Deviance (DIC)                        21890.300
          Estimated Number of Parameters (pD)     494.582



MODEL RESULTS

                                Posterior  One-Tailed         95% C.I.
                    Estimate       S.D.      P-Value   Lower 2.5%  Upper 2.5%  Significance

Within Level

 SAV      WITH
    EKST               0.123       0.012      0.000       0.101       0.147      *
    A2                 0.058       0.014      0.000       0.030       0.087      *
    N2                -0.066       0.018      0.000      -0.101      -0.032      *
    OTV                0.157       0.013      0.000       0.131       0.183      *

 EKST     WITH
    A2                 0.087       0.017      0.000       0.054       0.121      *
    N2                -0.131       0.021      0.000      -0.173      -0.090      *
    OTV                0.238       0.016      0.000       0.207       0.270      *

 A2       WITH
    N2                -0.153       0.026      0.000      -0.205      -0.102      *
    OTV                0.096       0.019      0.000       0.060       0.133      *

 N2       WITH
    OTV               -0.125       0.023      0.000      -0.171      -0.080      *

 Variances
    SAV                0.395       0.014      0.000       0.369       0.424      *
    EKST               0.547       0.019      0.000       0.511       0.586      *
    A2                 0.849       0.030      0.000       0.793       0.910      *
    N2                 1.290       0.045      0.000       1.206       1.383      *
    OTV                0.659       0.023      0.000       0.616       0.706      *

Between Level

 SAV        ON
    EKST_C             0.156       0.137      0.126      -0.112       0.425
    UGOD_C             0.449       0.142      0.001       0.166       0.724      *
    SAV_C              0.295       0.141      0.019       0.016       0.571      *
    NE_C               0.143       0.133      0.139      -0.120       0.404
    OTV_C              0.061       0.115      0.298      -0.166       0.287

 EKST       ON
    EKST_C             0.341       0.143      0.009       0.061       0.623      *
    UGOD_C             0.674       0.150      0.000       0.375       0.964      *
    SAV_C             -0.022       0.147      0.439      -0.310       0.269
    NE_C               0.006       0.140      0.482      -0.268       0.281
    OTV_C              0.007       0.120      0.478      -0.228       0.243

 A2         ON
    EKST_C             0.262       0.140      0.032      -0.015       0.537
    UGOD_C             0.596       0.144      0.000       0.309       0.875      *
    SAV_C             -0.084       0.145      0.279      -0.368       0.203
    NE_C               0.147       0.135      0.138      -0.119       0.413
    OTV_C             -0.168       0.117      0.076      -0.396       0.063

 N2         ON
    EKST_C            -0.381       0.221      0.043      -0.817       0.054
    UGOD_C            -0.649       0.226      0.003      -1.094      -0.205      *
    SAV_C              0.007       0.232      0.488      -0.448       0.464
    NE_C               0.295       0.218      0.089      -0.137       0.721
    OTV_C              0.295       0.183      0.054      -0.065       0.654

 OTV        ON
    EKST_C            -0.004       0.171      0.490      -0.340       0.330
    UGOD_C             0.390       0.178      0.016       0.036       0.736      *
    SAV_C              0.173       0.176      0.163      -0.172       0.519
    NE_C               0.003       0.167      0.492      -0.323       0.330
    OTV_C              0.279       0.141      0.025       0.000       0.554

 SAV      WITH
    EKST               0.253       0.057      0.000       0.162       0.386      *
    A2                 0.164       0.050      0.000       0.080       0.278      *
    N2                -0.190       0.077      0.003      -0.360      -0.057      *
    OTV                0.249       0.064      0.000       0.145       0.395      *

 EKST     WITH
    A2                 0.176       0.053      0.000       0.088       0.297      *
    N2                -0.221       0.082      0.001      -0.405      -0.082      *
    OTV                0.254       0.068      0.000       0.144       0.410      *

 A2       WITH
    N2                -0.354       0.085      0.000      -0.552      -0.217      *
    OTV                0.075       0.058      0.082      -0.032       0.197

 N2       WITH
    OTV               -0.041       0.091      0.315      -0.226       0.134

 EKST_C   WITH
    UGOD_C             0.034       0.043      0.202      -0.048       0.122
    SAV_C              0.071       0.045      0.046      -0.012       0.166
    NE_C              -0.223       0.057      0.000      -0.354      -0.130      *
    OTV_C              0.103       0.050      0.011       0.014       0.212      *

 UGOD_C   WITH
    SAV_C              0.181       0.047      0.000       0.104       0.288      *
    NE_C              -0.108       0.049      0.009      -0.215      -0.019      *
    OTV_C              0.029       0.047      0.260      -0.062       0.125

 SAV_C    WITH
    NE_C              -0.153       0.053      0.000      -0.271      -0.064      *
    OTV_C              0.008       0.048      0.433      -0.086       0.103

 NE_C     WITH
    OTV_C             -0.088       0.054      0.039      -0.205       0.010

 Means
    EKST_C             3.502       0.066      0.000       3.373       3.631      *
    UGOD_C             4.078       0.063      0.000       3.954       4.202      *
    SAV_C              4.112       0.064      0.000       3.986       4.239      *
    NE_C               2.756       0.073      0.000       2.613       2.899      *
    OTV_C              3.720       0.071      0.000       3.580       3.860      *

 Intercepts
    SAV                1.891       1.105      0.043      -0.270       4.076
    EKST               2.013       1.160      0.041      -0.258       4.302
    A2                 3.697       1.121      0.001       1.488       5.897      *
    N2                 4.241       1.792      0.009       0.721       7.762      *
    OTV                2.220       1.384      0.054      -0.485       4.939

 Variances
    EKST_C             0.387       0.064      0.000       0.287       0.538      *
    UGOD_C             0.350       0.058      0.000       0.260       0.487      *
    SAV_C              0.373       0.063      0.000       0.276       0.520      *
    NE_C               0.464       0.080      0.000       0.341       0.653      *
    OTV_C              0.429       0.074      0.000       0.315       0.604      *

 Residual Variances
    SAV                0.362       0.064      0.000       0.262       0.513      *
    EKST               0.398       0.072      0.000       0.286       0.569      *
    A2                 0.346       0.066      0.000       0.244       0.501      *
    N2                 0.938       0.167      0.000       0.678       1.330      *
    OTV                0.560       0.099      0.000       0.405       0.792      *


STANDARDIZED MODEL RESULTS


STDYX Standardization

                                Posterior  One-Tailed         95% C.I.
                    Estimate       S.D.      P-Value   Lower 2.5%  Upper 2.5%  Significance
Within Level

 SAV      WITH
    EKST               0.266       0.023      0.000       0.220       0.310      *
    A2                 0.101       0.025      0.000       0.052       0.149      *
    N2                -0.093       0.025      0.000      -0.141      -0.044      *
    OTV                0.307       0.022      0.000       0.263       0.351      *

 EKST     WITH
    A2                 0.128       0.024      0.000       0.080       0.176      *
    N2                -0.156       0.024      0.000      -0.203      -0.109      *
    OTV                0.396       0.021      0.000       0.354       0.436      *

 A2       WITH
    N2                -0.146       0.024      0.000      -0.194      -0.099      *
    OTV                0.128       0.024      0.000       0.080       0.176      *

 N2       WITH
    OTV               -0.135       0.024      0.000      -0.183      -0.088      *

 Variances
    SAV                1.000       0.000      0.000       1.000       1.000
    EKST               1.000       0.000      0.000       1.000       1.000
    A2                 1.000       0.000      0.000       1.000       1.000
    N2                 1.000       0.000      0.000       1.000       1.000
    OTV                1.000       0.000      0.000       1.000       1.000

Between Level

 SAV        ON
    EKST_C             0.133       0.115      0.126      -0.095       0.357
    UGOD_C             0.365       0.110      0.001       0.136       0.567      *
    SAV_C              0.248       0.115      0.019       0.014       0.465      *
    NE_C               0.134       0.123      0.139      -0.110       0.374
    OTV_C              0.055       0.102      0.298      -0.149       0.253

 EKST       ON
    EKST_C             0.266       0.110      0.009       0.047       0.477      *
    UGOD_C             0.502       0.103      0.000       0.284       0.686      *
    SAV_C             -0.017       0.112      0.439      -0.237       0.204
    NE_C               0.005       0.119      0.482      -0.227       0.239
    OTV_C              0.006       0.098      0.478      -0.186       0.198

 A2         ON
    EKST_C             0.232       0.122      0.032      -0.014       0.467
    UGOD_C             0.505       0.112      0.000       0.266       0.706      *
    SAV_C             -0.073       0.125      0.279      -0.318       0.175
    NE_C               0.143       0.130      0.138      -0.115       0.397
    OTV_C             -0.157       0.108      0.076      -0.365       0.058

 N2         ON
    EKST_C            -0.205       0.117      0.043      -0.429       0.029
    UGOD_C            -0.333       0.112      0.003      -0.542      -0.105      *
    SAV_C              0.004       0.122      0.488      -0.234       0.244
    NE_C               0.174       0.127      0.089      -0.080       0.418
    OTV_C              0.168       0.103      0.054      -0.037       0.364

 OTV        ON
    EKST_C            -0.003       0.124      0.490      -0.247       0.239
    UGOD_C             0.272       0.120      0.016       0.025       0.494      *
    SAV_C              0.124       0.125      0.163      -0.123       0.364
    NE_C               0.003       0.132      0.492      -0.255       0.263
    OTV_C              0.215       0.106      0.025       0.000       0.415

 SAV      WITH
    EKST               0.671       0.070      0.000       0.514       0.786      *
    A2                 0.469       0.099      0.000       0.254       0.642      *
    N2                -0.330       0.108      0.003      -0.524      -0.104      *
    OTV                0.559       0.084      0.000       0.372       0.701      *

 EKST     WITH
    A2                 0.480       0.099      0.000       0.264       0.651      *
    N2                -0.367       0.105      0.001      -0.554      -0.144      *
    OTV                0.544       0.087      0.000       0.351       0.693      *

 A2       WITH
    N2                -0.629       0.081      0.000      -0.762      -0.446      *
    OTV                0.174       0.121      0.082      -0.072       0.400

 N2       WITH
    OTV               -0.058       0.119      0.315      -0.289       0.179

 EKST_C   WITH
    UGOD_C             0.094       0.111      0.202      -0.126       0.305
    SAV_C              0.188       0.108      0.046      -0.032       0.390
    NE_C              -0.532       0.083      0.000      -0.676      -0.350      *
    OTV_C              0.257       0.106      0.011       0.037       0.453      *

 UGOD_C   WITH
    SAV_C              0.507       0.085      0.000       0.322       0.654      *
    NE_C              -0.271       0.106      0.009      -0.464      -0.049      *
    OTV_C              0.076       0.116      0.260      -0.155       0.297

 SAV_C    WITH
    NE_C              -0.373       0.099      0.000      -0.550      -0.164      *
    OTV_C              0.020       0.115      0.433      -0.205       0.242

 NE_C     WITH
    OTV_C             -0.201       0.110      0.039      -0.406       0.022

 Means
    EKST_C             5.632       0.464      0.000       4.746       6.565      *
    UGOD_C             6.892       0.560      0.000       5.823       8.016      *
    SAV_C              6.733       0.552      0.000       5.679       7.840      *
    NE_C               4.047       0.348      0.000       3.381       4.746      *
    OTV_C              5.681       0.482      0.000       4.761       6.648      *

 Intercepts
    SAV                2.594       1.590      0.043      -0.338       5.883
    EKST               2.529       1.520      0.041      -0.298       5.645
    A2                 5.280       1.754      0.001       1.952       8.826      *
    N2                 3.679       1.521      0.009       0.613       6.568      *
    OTV                2.616       1.676      0.054      -0.529       6.014

 Variances
    EKST_C             1.000       0.000      0.000       1.000       1.000
    UGOD_C             1.000       0.000      0.000       1.000       1.000
    SAV_C              1.000       0.000      0.000       1.000       1.000
    NE_C               1.000       0.000      0.000       1.000       1.000
    OTV_C              1.000       0.000      0.000       1.000       1.000

 Residual Variances
    SAV                0.683       0.085      0.000       0.515       0.844      *
    EKST               0.631       0.086      0.000       0.465       0.800      *
    A2                 0.709       0.087      0.000       0.531       0.870      *
    N2                 0.707       0.083      0.000       0.539       0.862      *
    OTV                0.779       0.079      0.000       0.611       0.916      *


STDY Standardization

                                Posterior  One-Tailed         95% C.I.
                    Estimate       S.D.      P-Value   Lower 2.5%  Upper 2.5%  Significance
Within Level

 SAV      WITH
    EKST               0.266       0.023      0.000       0.220       0.310      *
    A2                 0.101       0.025      0.000       0.052       0.149      *
    N2                -0.093       0.025      0.000      -0.141      -0.044      *
    OTV                0.307       0.022      0.000       0.263       0.351      *

 EKST     WITH
    A2                 0.128       0.024      0.000       0.080       0.176      *
    N2                -0.156       0.024      0.000      -0.203      -0.109      *
    OTV                0.396       0.021      0.000       0.354       0.436      *

 A2       WITH
    N2                -0.146       0.024      0.000      -0.194      -0.099      *
    OTV                0.128       0.024      0.000       0.080       0.176      *

 N2       WITH
    OTV               -0.135       0.024      0.000      -0.183      -0.088      *

 Variances
    SAV                1.000       0.000      0.000       1.000       1.000
    EKST               1.000       0.000      0.000       1.000       1.000
    A2                 1.000       0.000      0.000       1.000       1.000
    N2                 1.000       0.000      0.000       1.000       1.000
    OTV                1.000       0.000      0.000       1.000       1.000

Between Level

 SAV        ON
    EKST_C             0.133       0.115      0.126      -0.095       0.357
    UGOD_C             0.365       0.110      0.001       0.136       0.567      *
    SAV_C              0.248       0.115      0.019       0.014       0.465      *
    NE_C               0.134       0.123      0.139      -0.110       0.374
    OTV_C              0.055       0.102      0.298      -0.149       0.253

 EKST       ON
    EKST_C             0.266       0.110      0.009       0.047       0.477      *
    UGOD_C             0.502       0.103      0.000       0.284       0.686      *
    SAV_C             -0.017       0.112      0.439      -0.237       0.204
    NE_C               0.005       0.119      0.482      -0.227       0.239
    OTV_C              0.006       0.098      0.478      -0.186       0.198

 A2         ON
    EKST_C             0.232       0.122      0.032      -0.014       0.467
    UGOD_C             0.505       0.112      0.000       0.266       0.706      *
    SAV_C             -0.073       0.125      0.279      -0.318       0.175
    NE_C               0.143       0.130      0.138      -0.115       0.397
    OTV_C             -0.157       0.108      0.076      -0.365       0.058

 N2         ON
    EKST_C            -0.205       0.117      0.043      -0.429       0.029
    UGOD_C            -0.333       0.112      0.003      -0.542      -0.105      *
    SAV_C              0.004       0.122      0.488      -0.234       0.244
    NE_C               0.174       0.127      0.089      -0.080       0.418
    OTV_C              0.168       0.103      0.054      -0.037       0.364

 OTV        ON
    EKST_C            -0.003       0.124      0.490      -0.247       0.239
    UGOD_C             0.272       0.120      0.016       0.025       0.494      *
    SAV_C              0.124       0.125      0.163      -0.123       0.364
    NE_C               0.003       0.132      0.492      -0.255       0.263
    OTV_C              0.215       0.106      0.025       0.000       0.415

 SAV      WITH
    EKST               0.671       0.070      0.000       0.514       0.786      *
    A2                 0.469       0.099      0.000       0.254       0.642      *
    N2                -0.330       0.108      0.003      -0.524      -0.104      *
    OTV                0.559       0.084      0.000       0.372       0.701      *

 EKST     WITH
    A2                 0.480       0.099      0.000       0.264       0.651      *
    N2                -0.367       0.105      0.001      -0.554      -0.144      *
    OTV                0.544       0.087      0.000       0.351       0.693      *

 A2       WITH
    N2                -0.629       0.081      0.000      -0.762      -0.446      *
    OTV                0.174       0.121      0.082      -0.072       0.400

 N2       WITH
    OTV               -0.058       0.119      0.315      -0.289       0.179

 EKST_C   WITH
    UGOD_C             0.094       0.111      0.202      -0.126       0.305
    SAV_C              0.188       0.108      0.046      -0.032       0.390
    NE_C              -0.532       0.083      0.000      -0.676      -0.350      *
    OTV_C              0.257       0.106      0.011       0.037       0.453      *

 UGOD_C   WITH
    SAV_C              0.507       0.085      0.000       0.322       0.654      *
    NE_C              -0.271       0.106      0.009      -0.464      -0.049      *
    OTV_C              0.076       0.116      0.260      -0.155       0.297

 SAV_C    WITH
    NE_C              -0.373       0.099      0.000      -0.550      -0.164      *
    OTV_C              0.020       0.115      0.433      -0.205       0.242

 NE_C     WITH
    OTV_C             -0.201       0.110      0.039      -0.406       0.022

 Means
    EKST_C             5.632       0.464      0.000       4.746       6.565      *
    UGOD_C             6.892       0.560      0.000       5.823       8.016      *
    SAV_C              6.733       0.552      0.000       5.679       7.840      *
    NE_C               4.047       0.348      0.000       3.381       4.746      *
    OTV_C              5.681       0.482      0.000       4.761       6.648      *

 Intercepts
    SAV                2.594       1.590      0.043      -0.338       5.883
    EKST               2.529       1.520      0.041      -0.298       5.645
    A2                 5.280       1.754      0.001       1.952       8.826      *
    N2                 3.679       1.521      0.009       0.613       6.568      *
    OTV                2.616       1.676      0.054      -0.529       6.014

 Variances
    EKST_C             1.000       0.000      0.000       1.000       1.000
    UGOD_C             1.000       0.000      0.000       1.000       1.000
    SAV_C              1.000       0.000      0.000       1.000       1.000
    NE_C               1.000       0.000      0.000       1.000       1.000
    OTV_C              1.000       0.000      0.000       1.000       1.000

 Residual Variances
    SAV                0.683       0.085      0.000       0.515       0.844      *
    EKST               0.631       0.086      0.000       0.465       0.800      *
    A2                 0.709       0.087      0.000       0.531       0.870      *
    N2                 0.707       0.083      0.000       0.539       0.862      *
    OTV                0.779       0.079      0.000       0.611       0.916      *


STD Standardization

                                Posterior  One-Tailed         95% C.I.
                    Estimate       S.D.      P-Value   Lower 2.5%  Upper 2.5%  Significance
Within Level

 SAV      WITH
    EKST               0.123       0.012      0.000       0.101       0.147      *
    A2                 0.058       0.014      0.000       0.030       0.087      *
    N2                -0.066       0.018      0.000      -0.101      -0.032      *
    OTV                0.157       0.013      0.000       0.131       0.183      *

 EKST     WITH
    A2                 0.087       0.017      0.000       0.054       0.121      *
    N2                -0.131       0.021      0.000      -0.173      -0.090      *
    OTV                0.238       0.016      0.000       0.207       0.270      *

 A2       WITH
    N2                -0.153       0.026      0.000      -0.205      -0.102      *
    OTV                0.096       0.019      0.000       0.060       0.133      *

 N2       WITH
    OTV               -0.125       0.023      0.000      -0.171      -0.080      *

 Variances
    SAV                0.395       0.014      0.000       0.369       0.424      *
    EKST               0.547       0.019      0.000       0.511       0.586      *
    A2                 0.849       0.030      0.000       0.793       0.910      *
    N2                 1.290       0.045      0.000       1.206       1.383      *
    OTV                0.659       0.023      0.000       0.616       0.706      *

Between Level

 SAV        ON
    EKST_C             0.156       0.137      0.126      -0.112       0.425
    UGOD_C             0.449       0.142      0.001       0.166       0.724      *
    SAV_C              0.295       0.141      0.019       0.016       0.571      *
    NE_C               0.143       0.133      0.139      -0.120       0.404
    OTV_C              0.061       0.115      0.298      -0.166       0.287

 EKST       ON
    EKST_C             0.341       0.143      0.009       0.061       0.623      *
    UGOD_C             0.674       0.150      0.000       0.375       0.964      *
    SAV_C             -0.022       0.147      0.439      -0.310       0.269
    NE_C               0.006       0.140      0.482      -0.268       0.281
    OTV_C              0.007       0.120      0.478      -0.228       0.243

 A2         ON
    EKST_C             0.262       0.140      0.032      -0.015       0.537
    UGOD_C             0.596       0.144      0.000       0.309       0.875      *
    SAV_C             -0.084       0.145      0.279      -0.368       0.203
    NE_C               0.147       0.135      0.138      -0.119       0.413
    OTV_C             -0.168       0.117      0.076      -0.396       0.063

 N2         ON
    EKST_C            -0.381       0.221      0.043      -0.817       0.054
    UGOD_C            -0.649       0.226      0.003      -1.094      -0.205      *
    SAV_C              0.007       0.232      0.488      -0.448       0.464
    NE_C               0.295       0.218      0.089      -0.137       0.721
    OTV_C              0.295       0.183      0.054      -0.065       0.654

 OTV        ON
    EKST_C            -0.004       0.171      0.490      -0.340       0.330
    UGOD_C             0.390       0.178      0.016       0.036       0.736      *
    SAV_C              0.173       0.176      0.163      -0.172       0.519
    NE_C               0.003       0.167      0.492      -0.323       0.330
    OTV_C              0.279       0.141      0.025       0.000       0.554

 SAV      WITH
    EKST               0.253       0.057      0.000       0.162       0.386      *
    A2                 0.164       0.050      0.000       0.080       0.278      *
    N2                -0.190       0.077      0.003      -0.360      -0.057      *
    OTV                0.249       0.064      0.000       0.145       0.395      *

 EKST     WITH
    A2                 0.176       0.053      0.000       0.088       0.297      *
    N2                -0.221       0.082      0.001      -0.405      -0.082      *
    OTV                0.254       0.068      0.000       0.144       0.410      *

 A2       WITH
    N2                -0.354       0.085      0.000      -0.552      -0.217      *
    OTV                0.075       0.058      0.082      -0.032       0.197

 N2       WITH
    OTV               -0.041       0.091      0.315      -0.226       0.134

 EKST_C   WITH
    UGOD_C             0.034       0.043      0.202      -0.048       0.122
    SAV_C              0.071       0.045      0.046      -0.012       0.166
    NE_C              -0.223       0.057      0.000      -0.354      -0.130      *
    OTV_C              0.103       0.050      0.011       0.014       0.212      *

 UGOD_C   WITH
    SAV_C              0.181       0.047      0.000       0.104       0.288      *
    NE_C              -0.108       0.049      0.009      -0.215      -0.019      *
    OTV_C              0.029       0.047      0.260      -0.062       0.125

 SAV_C    WITH
    NE_C              -0.153       0.053      0.000      -0.271      -0.064      *
    OTV_C              0.008       0.048      0.433      -0.086       0.103

 NE_C     WITH
    OTV_C             -0.088       0.054      0.039      -0.205       0.010

 Means
    EKST_C             3.502       0.066      0.000       3.373       3.631      *
    UGOD_C             4.078       0.063      0.000       3.954       4.202      *
    SAV_C              4.112       0.064      0.000       3.986       4.239      *
    NE_C               2.756       0.073      0.000       2.613       2.899      *
    OTV_C              3.720       0.071      0.000       3.580       3.860      *

 Intercepts
    SAV                1.891       1.105      0.043      -0.270       4.076
    EKST               2.013       1.160      0.041      -0.258       4.302
    A2                 3.697       1.121      0.001       1.488       5.897      *
    N2                 4.241       1.792      0.009       0.721       7.762      *
    OTV                2.220       1.384      0.054      -0.485       4.939

 Variances
    EKST_C             0.387       0.064      0.000       0.287       0.538      *
    UGOD_C             0.350       0.058      0.000       0.260       0.487      *
    SAV_C              0.373       0.063      0.000       0.276       0.520      *
    NE_C               0.464       0.080      0.000       0.341       0.653      *
    OTV_C              0.429       0.074      0.000       0.315       0.604      *

 Residual Variances
    SAV                0.362       0.064      0.000       0.262       0.513      *
    EKST               0.398       0.072      0.000       0.286       0.569      *
    A2                 0.346       0.066      0.000       0.244       0.501      *
    N2                 0.938       0.167      0.000       0.678       1.330      *
    OTV                0.560       0.099      0.000       0.405       0.792      *


R-SQUARE

Between Level

                                Posterior  One-Tailed         95% C.I.
    Variable        Estimate       S.D.      P-Value   Lower 2.5%  Upper 2.5%

    SAV                0.317       0.085      0.000       0.156       0.485
    EKST               0.369       0.086      0.000       0.200       0.535
    A2                 0.291       0.087      0.000       0.130       0.469
    N2                 0.293       0.083      0.000       0.138       0.461
    OTV                0.221       0.079      0.000       0.084       0.389


DIAGRAM INFORMATION

  Mplus diagrams are currently not available for multilevel analysis.
  No diagram output was produced.


     Beginning Time:  12:39:22
        Ending Time:  12:45:20
       Elapsed Time:  00:05:58



MUTHEN & MUTHEN
3463 Stoner Ave.
Los Angeles, CA  90066

Tel: (310) 391-9971
Fax: (310) 391-8971
Web: www.StatModel.com
Support: Support@StatModel.com

Copyright (c) 1998-2023 Muthen & Muthen
