Mplus VERSION 8.10
MUTHEN & MUTHEN
05/08/2024  11:08 AM

INPUT INSTRUCTIONS

  DATA: File is regresija.dat;

  VARIABLE:

  NAMES ARE ID EKST_C UGOD_C SAV_C NE_C OTV_C HUM
  IMP NEG_VAL COMPLEX TIP POS_VAL ADVER
  SAV EKST A2 N2 OTV SEU;

  USEVARIABLES ARE HUM IMP
  NEG_VAL COMPLEX TIP
  POS_VAL ADVER SEU;

  MISSING ARE ALL (-99);

  CLUSTER IS id;


  ANALYSIS:
  TYPE = TWOLEVEL;
  ESTIMATOR = BAYES;
  PROCESSORS = 12;
  FBITERATIONS = 200000;


  MODEL:

  %WITHIN%
  SEU ON HUM;
  SEU ON IMP;
  SEU ON NEG_VAL;
  SEU ON COMPLEX;
  SEU ON TIP;
  SEU ON POS_VAL;
  SEU ON ADVER;

  HUM WITH IMP;
  HUM WITH NEG_VAL;
  HUM WITH COMPLEX;
  HUM WITH TIP;
  HUM WITH POS_VAL;
  HUM WITH ADVER;

  IMP WITH NEG_VAL;
  IMP WITH COMPLEX;
  IMP WITH TIP;
  IMP WITH POS_VAL;
  IMP WITH ADVER;

  NEG_VAL WITH COMPLEX;
  NEG_VAL WITH TIP;
  NEG_VAL WITH POS_VAL;
  NEG_VAL WITH ADVER;

  COMPLEX WITH TIP;
  COMPLEX WITH POS_VAL;
  COMPLEX WITH ADVER;

  TIP WITH POS_VAL;
  TIP WITH ADVER;

  POS_VAL WITH ADVER;

  %BETWEEN%
  SEU ON HUM;
  SEU ON IMP;
  SEU ON NEG_VAL;
  SEU ON COMPLEX;
  SEU ON TIP;
  SEU ON POS_VAL;
  SEU ON ADVER;

  HUM WITH IMP;
  HUM WITH NEG_VAL;
  HUM WITH COMPLEX;
  HUM WITH TIP;
  HUM WITH POS_VAL;
  HUM WITH ADVER;

  IMP WITH NEG_VAL;
  IMP WITH COMPLEX;
  IMP WITH TIP;
  IMP WITH POS_VAL;
  IMP WITH ADVER;

  NEG_VAL WITH COMPLEX;
  NEG_VAL WITH TIP;
  NEG_VAL WITH POS_VAL;
  NEG_VAL WITH ADVER;

  COMPLEX WITH TIP;
  COMPLEX WITH POS_VAL;
  COMPLEX WITH ADVER;

  TIP WITH POS_VAL;
  TIP WITH ADVER;

  POS_VAL WITH ADVER;



  OUTPUT: STANDARDIZED;



*** WARNING
  One or more individual-level variables have no variation within a
  cluster for the following clusters.

     Variable   Cluster IDs with no within-cluster variation

      HUM         24592461 13527350 16556161 24595090
      IMP         12491438 16554319
      NEG_VAL     20163018 27665653 21214531 12193480 20855586 26754644 13996939 13527350 12491438
                  27788116 16556161 24598783 20855258 16554319 16554891
      ADVER       20162730 20162054 24592461 27788116 16554319 16554891
      SEU         24591061 13994941 12491438 16554319

*** WARNING
  Data set contains cases with missing on all variables.
  These cases were not included in the analysis.
  Number of cases with missing on all variables:  1232
   2 WARNING(S) FOUND IN THE INPUT INSTRUCTIONS




SUMMARY OF ANALYSIS

Number of groups                                                 1
Number of observations                                        1738

Number of dependent variables                                    1
Number of independent variables                                  7
Number of continuous latent variables                            0

Observed dependent variables

  Continuous
   SEU

Observed independent variables
   HUM         IMP         NEG_VAL     COMPLEX     TIP         POS_VAL
   ADVER

Variables with special functions

  Cluster variable      ID

Estimator                                                    BAYES
Specifications for Bayesian Estimation
  Point estimate                                            MEDIAN
  Number of Markov chain Monte Carlo (MCMC) chains               2
  Random seed for the first chain                                0
  Starting value information                           UNPERTURBED
  Algorithm used for Markov chain Monte Carlo           GIBBS(PX1)
  Fixed number of iterations                                200000
  K-th iteration used for thinning                               1

Input data file(s)
  regresija.dat
Input data format  FREE


SUMMARY OF DATA

     Number of clusters                         99

       Size (s)    Cluster ID with Size s

          9        20163018
         10        27913643 27665886 27661979 27664277
         11        13994322 12494252 15264484 12198304
         12        15262166 13525517 20855574 20796311
         13        15611768 26754012 27662560 20856921 15266576
         14        20794922 12492269 20162730 27665653 12498862 21214531
                   12191870 16654540 13529089 20796904
         15        27785220 12193480 27918933 15474494
         16        15261338 20854464 24591061 20162054 20855586 26754644
         17        20855351 12497874 13993235 13994941 27918624 24592461
                   20162526 20852179 15471270 27783342 27662082 13997204
         18        21213820 27663723 12492669 13528127 13996939 20798331
                   12495072 20854791 15611922 15471432 13526266 13527350
         19        12491438 16554668 27915449 13522864 27788116 15612828
         20        24591987 20161546 24595365 16556161
         21        27663860 24591737 24595014 27666050 15264805 16551092
                   27918828
         22        24593194 24598783
         23        15614525 16556163 12492795 20855258 24595090 16554319
                   20856715 27788829
         24        12491236 13525223 16554342 27787671 12491120
         25        16554891 16554713 21212503
         26        24593393 20855884



COVARIANCE COVERAGE OF DATA

Minimum covariance coverage value   0.100

     Number of missing data patterns             1


     PROPORTION OF DATA PRESENT


           Covariance Coverage
              HUM           IMP           NEG_VAL       COMPLEX       TIP
              ________      ________      ________      ________      ________
 HUM            1.000
 IMP            1.000         1.000
 NEG_VAL        1.000         1.000         1.000
 COMPLEX        1.000         1.000         1.000         1.000
 TIP            1.000         1.000         1.000         1.000         1.000
 POS_VAL        1.000         1.000         1.000         1.000         1.000
 ADVER          1.000         1.000         1.000         1.000         1.000
 SEU            1.000         1.000         1.000         1.000         1.000


           Covariance Coverage
              POS_VAL       ADVER         SEU
              ________      ________      ________
 POS_VAL        1.000
 ADVER          1.000         1.000
 SEU            1.000         1.000         1.000



UNIVARIATE SAMPLE STATISTICS


     UNIVARIATE HIGHER-ORDER MOMENT DESCRIPTIVE STATISTICS

         Variable/         Mean/     Skewness/   Minimum/ % with                Percentiles
        Sample Size      Variance    Kurtosis    Maximum  Min/Max      20%/60%    40%/80%    Median

     HUM                   2.553       0.595       1.000   31.30%       1.000      1.667      2.000
            1738.000       2.310      -0.858       7.000    0.23%       3.000      4.000
     IMP                   5.734      -1.294       1.000    0.40%       5.000      5.667      6.000
            1738.000       0.991       2.727       7.000   13.52%       6.000      6.667
     NEG_VAL               1.406       2.715       1.000   67.89%       1.000      1.000      1.000
            1738.000       0.700       7.950       7.000    0.06%       1.000      1.667
     COMPLEX               5.483      -1.115       1.000    0.58%       4.667      5.333      5.667
            1738.000       1.139       2.025       7.000    9.26%       6.000      6.333
     TIP                   5.515      -1.134       1.000    0.69%       4.667      5.333      5.667
            1738.000       1.350       1.730       7.000   13.69%       6.000      6.333
     POS_VAL               4.814      -0.785       1.000    2.76%       4.000      4.667      5.000
            1738.000       1.992       0.262       7.000    4.49%       5.333      6.000
     ADVER                 1.957       1.364       1.000   41.31%       1.000      1.000      1.333
            1738.000       1.480       1.155       6.667    0.12%       2.000      3.000
     SEU                   5.781      -1.096       1.000    0.17%       5.000      5.667      6.000
            1738.000       1.008       1.620       7.000   16.86%       6.000      6.667


THE MODEL ESTIMATION TERMINATED NORMALLY

     USE THE FBITERATIONS OPTION TO INCREASE THE NUMBER OF ITERATIONS BY A FACTOR
     OF AT LEAST TWO TO CHECK CONVERGENCE AND THAT THE PSR VALUE DOES NOT INCREASE.



MODEL FIT INFORMATION

Number of Free Parameters                              80

Bayesian Posterior Predictive Checking using Chi-Square

          95% Confidence Interval for the Difference Between
          the Observed and the Replicated Chi-Square Values

                                -32.827            45.424

          Posterior Predictive P-Value              0.372

Information Criteria

          Deviance (DIC)                        30908.132
          Estimated Number of Parameters (pD)     744.052



MODEL RESULTS

                                Posterior  One-Tailed         95% C.I.
                    Estimate       S.D.      P-Value   Lower 2.5%  Upper 2.5%  Significance

Within Level

 SEU        ON
    HUM               -0.016       0.016      0.153      -0.047       0.015
    IMP                0.176       0.028      0.000       0.121       0.230      *
    NEG_VAL           -0.047       0.030      0.059      -0.106       0.012
    COMPLEX            0.149       0.025      0.000       0.101       0.197      *
    TIP                0.072       0.019      0.000       0.035       0.110      *
    POS_VAL            0.109       0.021      0.000       0.069       0.150      *
    ADVER             -0.086       0.018      0.000      -0.123      -0.050      *

 HUM      WITH
    IMP                0.041       0.019      0.014       0.004       0.078      *
    NEG_VAL            0.021       0.014      0.062      -0.006       0.049
    COMPLEX            0.007       0.020      0.355      -0.032       0.046
    TIP               -0.121       0.022      0.000      -0.164      -0.080      *
    POS_VAL            0.254       0.025      0.000       0.207       0.304      *
    ADVER             -0.048       0.024      0.021      -0.095      -0.002      *

 IMP      WITH
    NEG_VAL           -0.116       0.011      0.000      -0.137      -0.095      *
    COMPLEX            0.344       0.017      0.000       0.313       0.379      *
    TIP                0.173       0.016      0.000       0.142       0.205      *
    POS_VAL            0.373       0.020      0.000       0.336       0.413      *
    ADVER             -0.225       0.018      0.000      -0.261      -0.191      *

 NEG_VAL  WITH
    COMPLEX           -0.089       0.011      0.000      -0.111      -0.068      *
    TIP               -0.045       0.012      0.000      -0.068      -0.022      *
    POS_VAL           -0.150       0.014      0.000      -0.178      -0.125      *
    ADVER              0.204       0.014      0.000       0.178       0.232      *

 COMPLEX  WITH
    TIP                0.213       0.017      0.000       0.181       0.248      *
    POS_VAL            0.324       0.020      0.000       0.285       0.364      *
    ADVER             -0.151       0.019      0.000      -0.189      -0.115      *

 TIP      WITH
    POS_VAL            0.134       0.020      0.000       0.096       0.174      *
    ADVER             -0.105       0.020      0.000      -0.145      -0.067      *

 POS_VAL  WITH
    ADVER             -0.352       0.024      0.000      -0.400      -0.307      *

 Variances
    HUM                1.031       0.036      0.000       0.963       1.105      *
    IMP                0.547       0.019      0.000       0.512       0.587      *
    NEG_VAL            0.306       0.011      0.000       0.286       0.328      *
    COMPLEX            0.616       0.022      0.000       0.576       0.660      *
    TIP                0.716       0.025      0.000       0.669       0.767      *
    POS_VAL            0.894       0.031      0.000       0.835       0.958      *
    ADVER              0.874       0.031      0.000       0.816       0.937      *

 Residual Variances
    SEU                0.360       0.013      0.000       0.337       0.386      *

Between Level

 SEU        ON
    HUM               -0.006       0.049      0.453      -0.102       0.092
    IMP                0.902       0.270      0.000       0.384       1.448      *
    NEG_VAL           -0.201       0.129      0.058      -0.456       0.051
    COMPLEX           -0.120       0.186      0.255      -0.492       0.240
    TIP               -0.001       0.097      0.495      -0.194       0.187
    POS_VAL            0.025       0.078      0.373      -0.129       0.176
    ADVER              0.030       0.118      0.398      -0.199       0.265

 HUM      WITH
    IMP               -0.044       0.103      0.328      -0.252       0.156
    NEG_VAL            0.242       0.098      0.003       0.071       0.457      *
    COMPLEX            0.070       0.112      0.255      -0.144       0.299
    TIP               -0.179       0.124      0.060      -0.442       0.048
    POS_VAL            0.280       0.161      0.030      -0.012       0.625
    ADVER              0.323       0.128      0.002       0.099       0.603      *

 IMP      WITH
    NEG_VAL           -0.209       0.061      0.000      -0.347      -0.107      *
    COMPLEX            0.496       0.089      0.000       0.356       0.704      *
    TIP                0.405       0.087      0.000       0.266       0.606      *
    POS_VAL            0.569       0.116      0.000       0.386       0.837      *
    ADVER             -0.344       0.083      0.000      -0.536      -0.209      *

 NEG_VAL  WITH
    COMPLEX           -0.169       0.064      0.001      -0.310      -0.059      *
    TIP               -0.235       0.072      0.000      -0.396      -0.114      *
    POS_VAL           -0.088       0.086      0.140      -0.268       0.075
    ADVER              0.408       0.082      0.000       0.278       0.598      *

 COMPLEX  WITH
    TIP                0.342       0.089      0.000       0.197       0.545      *
    POS_VAL            0.622       0.125      0.000       0.423       0.912      *
    ADVER             -0.269       0.085      0.000      -0.459      -0.126      *

 TIP      WITH
    POS_VAL            0.354       0.119      0.000       0.151       0.617      *
    ADVER             -0.258       0.091      0.001      -0.461      -0.102      *

 POS_VAL  WITH
    ADVER             -0.259       0.116      0.007      -0.511      -0.055      *

 Means
    HUM                2.585       0.125      0.000       2.339       2.831      *
    IMP                5.733       0.075      0.000       5.587       5.881      *
    NEG_VAL            1.405       0.068      0.000       1.271       1.539      *
    COMPLEX            5.484       0.081      0.000       5.325       5.644      *
    TIP                5.528       0.089      0.000       5.354       5.702      *
    POS_VAL            4.815       0.115      0.000       4.588       5.041      *
    ADVER              1.958       0.089      0.000       1.784       2.132      *

 Intercepts
    SEU                1.380       0.693      0.025       0.005       2.726      *

 Variances
    HUM                1.471       0.245      0.000       1.089       2.044      *
    IMP                0.514       0.088      0.000       0.377       0.719      *
    NEG_VAL            0.435       0.073      0.000       0.322       0.605      *
    COMPLEX            0.606       0.103      0.000       0.445       0.846      *
    TIP                0.722       0.123      0.000       0.530       1.010      *
    POS_VAL            1.231       0.204      0.000       0.910       1.707      *
    ADVER              0.713       0.123      0.000       0.521       1.001      *

 Residual Variances
    SEU                0.175       0.032      0.000       0.124       0.251      *


STANDARDIZED MODEL RESULTS


STDYX Standardization

                                Posterior  One-Tailed         95% C.I.
                    Estimate       S.D.      P-Value   Lower 2.5%  Upper 2.5%  Significance
Within Level

 SEU        ON
    HUM               -0.023       0.023      0.153      -0.068       0.021
    IMP                0.185       0.029      0.000       0.128       0.242      *
    NEG_VAL           -0.037       0.024      0.059      -0.084       0.009
    COMPLEX            0.167       0.027      0.000       0.113       0.220      *
    TIP                0.087       0.023      0.000       0.042       0.132      *
    POS_VAL            0.147       0.028      0.000       0.093       0.201      *
    ADVER             -0.115       0.025      0.000      -0.163      -0.067      *

 HUM      WITH
    IMP                0.055       0.025      0.014       0.006       0.103      *
    NEG_VAL            0.038       0.025      0.062      -0.011       0.087
    COMPLEX            0.009       0.025      0.355      -0.040       0.058
    TIP               -0.141       0.024      0.000      -0.188      -0.093      *
    POS_VAL            0.265       0.023      0.000       0.219       0.310      *
    ADVER             -0.051       0.025      0.021      -0.099      -0.002      *

 IMP      WITH
    NEG_VAL           -0.283       0.023      0.000      -0.327      -0.237      *
    COMPLEX            0.593       0.016      0.000       0.561       0.624      *
    TIP                0.276       0.023      0.000       0.231       0.321      *
    POS_VAL            0.534       0.018      0.000       0.498       0.567      *
    ADVER             -0.326       0.022      0.000      -0.369      -0.282      *

 NEG_VAL  WITH
    COMPLEX           -0.206       0.024      0.000      -0.252      -0.159      *
    TIP               -0.096       0.025      0.000      -0.144      -0.048      *
    POS_VAL           -0.288       0.023      0.000      -0.332      -0.243      *
    ADVER              0.395       0.021      0.000       0.353       0.435      *

 COMPLEX  WITH
    TIP                0.322       0.022      0.000       0.278       0.364      *
    POS_VAL            0.436       0.020      0.000       0.396       0.475      *
    ADVER             -0.206       0.024      0.000      -0.253      -0.159      *

 TIP      WITH
    POS_VAL            0.168       0.024      0.000       0.121       0.215      *
    ADVER             -0.133       0.024      0.000      -0.181      -0.086      *

 POS_VAL  WITH
    ADVER             -0.398       0.021      0.000      -0.439      -0.357      *

 Variances
    HUM                1.000       0.000      0.000       1.000       1.000
    IMP                1.000       0.000      0.000       1.000       1.000
    NEG_VAL            1.000       0.000      0.000       1.000       1.000
    COMPLEX            1.000       0.000      0.000       1.000       1.000
    TIP                1.000       0.000      0.000       1.000       1.000
    POS_VAL            1.000       0.000      0.000       1.000       1.000
    ADVER              1.000       0.000      0.000       1.000       1.000

 Residual Variances
    SEU                0.732       0.019      0.000       0.695       0.768      *

Between Level

 SEU        ON
    HUM               -0.009       0.078      0.453      -0.162       0.144
    IMP                0.836       0.244      0.000       0.360       1.319      *
    NEG_VAL           -0.171       0.110      0.058      -0.389       0.043
    COMPLEX           -0.120       0.187      0.255      -0.495       0.239
    TIP               -0.001       0.106      0.495      -0.213       0.205
    POS_VAL            0.036       0.111      0.373      -0.185       0.253
    ADVER              0.033       0.129      0.398      -0.216       0.291

 HUM      WITH
    IMP               -0.051       0.114      0.328      -0.270       0.172
    NEG_VAL            0.307       0.103      0.003       0.093       0.494      *
    COMPLEX            0.076       0.113      0.255      -0.148       0.293
    TIP               -0.176       0.110      0.060      -0.383       0.047
    POS_VAL            0.211       0.108      0.030      -0.009       0.412
    ADVER              0.319       0.104      0.002       0.101       0.509      *

 IMP      WITH
    NEG_VAL           -0.446       0.092      0.000      -0.608      -0.248      *
    COMPLEX            0.892       0.027      0.000       0.829       0.933      *
    TIP                0.669       0.066      0.000       0.520       0.779      *
    POS_VAL            0.720       0.057      0.000       0.590       0.814      *
    ADVER             -0.573       0.080      0.000      -0.709      -0.397      *

 NEG_VAL  WITH
    COMPLEX           -0.334       0.101      0.001      -0.517      -0.121      *
    TIP               -0.423       0.094      0.000      -0.591      -0.222      *
    POS_VAL           -0.122       0.111      0.140      -0.332       0.100
    ADVER              0.736       0.055      0.000       0.609       0.826      *

 COMPLEX  WITH
    TIP                0.523       0.085      0.000       0.336       0.669      *
    POS_VAL            0.725       0.057      0.000       0.596       0.817      *
    ADVER             -0.414       0.097      0.000      -0.585      -0.208      *

 TIP      WITH
    POS_VAL            0.380       0.098      0.000       0.171       0.555      *
    ADVER             -0.364       0.101      0.001      -0.546      -0.152      *

 POS_VAL  WITH
    ADVER             -0.280       0.106      0.007      -0.473      -0.061      *

 Means
    HUM                2.131       0.199      0.000       1.751       2.531      *
    IMP                7.998       0.664      0.000       6.748       9.353      *
    NEG_VAL            2.130       0.200      0.000       1.746       2.531      *
    COMPLEX            7.044       0.586      0.000       5.945       8.245      *
    TIP                6.504       0.542      0.000       5.485       7.607      *
    POS_VAL            4.340       0.363      0.000       3.656       5.074      *
    ADVER              2.320       0.219      0.000       1.902       2.765      *

 Intercepts
    SEU                1.777       0.950      0.025       0.006       3.725      *

 Variances
    HUM                1.000       0.000      0.000       1.000       1.000
    IMP                1.000       0.000      0.000       1.000       1.000
    NEG_VAL            1.000       0.000      0.000       1.000       1.000
    COMPLEX            1.000       0.000      0.000       1.000       1.000
    TIP                1.000       0.000      0.000       1.000       1.000
    POS_VAL            1.000       0.000      0.000       1.000       1.000
    ADVER              1.000       0.000      0.000       1.000       1.000

 Residual Variances
    SEU                0.293       0.060      0.000       0.193       0.427      *


STDY Standardization

                                Posterior  One-Tailed         95% C.I.
                    Estimate       S.D.      P-Value   Lower 2.5%  Upper 2.5%  Significance
Within Level

 SEU        ON
    HUM               -0.023       0.023      0.153      -0.068       0.021
    IMP                0.185       0.029      0.000       0.128       0.242      *
    NEG_VAL           -0.037       0.024      0.059      -0.084       0.009
    COMPLEX            0.167       0.027      0.000       0.113       0.220      *
    TIP                0.087       0.023      0.000       0.042       0.132      *
    POS_VAL            0.147       0.028      0.000       0.093       0.201      *
    ADVER             -0.115       0.025      0.000      -0.163      -0.067      *

 HUM      WITH
    IMP                0.055       0.025      0.014       0.006       0.103      *
    NEG_VAL            0.038       0.025      0.062      -0.011       0.087
    COMPLEX            0.009       0.025      0.355      -0.040       0.058
    TIP               -0.141       0.024      0.000      -0.188      -0.093      *
    POS_VAL            0.265       0.023      0.000       0.219       0.310      *
    ADVER             -0.051       0.025      0.021      -0.099      -0.002      *

 IMP      WITH
    NEG_VAL           -0.283       0.023      0.000      -0.327      -0.237      *
    COMPLEX            0.593       0.016      0.000       0.561       0.624      *
    TIP                0.276       0.023      0.000       0.231       0.321      *
    POS_VAL            0.534       0.018      0.000       0.498       0.567      *
    ADVER             -0.326       0.022      0.000      -0.369      -0.282      *

 NEG_VAL  WITH
    COMPLEX           -0.206       0.024      0.000      -0.252      -0.159      *
    TIP               -0.096       0.025      0.000      -0.144      -0.048      *
    POS_VAL           -0.288       0.023      0.000      -0.332      -0.243      *
    ADVER              0.395       0.021      0.000       0.353       0.435      *

 COMPLEX  WITH
    TIP                0.322       0.022      0.000       0.278       0.364      *
    POS_VAL            0.436       0.020      0.000       0.396       0.475      *
    ADVER             -0.206       0.024      0.000      -0.253      -0.159      *

 TIP      WITH
    POS_VAL            0.168       0.024      0.000       0.121       0.215      *
    ADVER             -0.133       0.024      0.000      -0.181      -0.086      *

 POS_VAL  WITH
    ADVER             -0.398       0.021      0.000      -0.439      -0.357      *

 Variances
    HUM                1.000       0.000      0.000       1.000       1.000
    IMP                1.000       0.000      0.000       1.000       1.000
    NEG_VAL            1.000       0.000      0.000       1.000       1.000
    COMPLEX            1.000       0.000      0.000       1.000       1.000
    TIP                1.000       0.000      0.000       1.000       1.000
    POS_VAL            1.000       0.000      0.000       1.000       1.000
    ADVER              1.000       0.000      0.000       1.000       1.000

 Residual Variances
    SEU                0.732       0.019      0.000       0.695       0.768      *

Between Level

 SEU        ON
    HUM               -0.009       0.078      0.453      -0.162       0.144
    IMP                0.836       0.244      0.000       0.360       1.319      *
    NEG_VAL           -0.171       0.110      0.058      -0.389       0.043
    COMPLEX           -0.120       0.187      0.255      -0.495       0.239
    TIP               -0.001       0.106      0.495      -0.213       0.205
    POS_VAL            0.036       0.111      0.373      -0.185       0.253
    ADVER              0.033       0.129      0.398      -0.216       0.291

 HUM      WITH
    IMP               -0.051       0.114      0.328      -0.270       0.172
    NEG_VAL            0.307       0.103      0.003       0.093       0.494      *
    COMPLEX            0.076       0.113      0.255      -0.148       0.293
    TIP               -0.176       0.110      0.060      -0.383       0.047
    POS_VAL            0.211       0.108      0.030      -0.009       0.412
    ADVER              0.319       0.104      0.002       0.101       0.509      *

 IMP      WITH
    NEG_VAL           -0.446       0.092      0.000      -0.608      -0.248      *
    COMPLEX            0.892       0.027      0.000       0.829       0.933      *
    TIP                0.669       0.066      0.000       0.520       0.779      *
    POS_VAL            0.720       0.057      0.000       0.590       0.814      *
    ADVER             -0.573       0.080      0.000      -0.709      -0.397      *

 NEG_VAL  WITH
    COMPLEX           -0.334       0.101      0.001      -0.517      -0.121      *
    TIP               -0.423       0.094      0.000      -0.591      -0.222      *
    POS_VAL           -0.122       0.111      0.140      -0.332       0.100
    ADVER              0.736       0.055      0.000       0.609       0.826      *

 COMPLEX  WITH
    TIP                0.523       0.085      0.000       0.336       0.669      *
    POS_VAL            0.725       0.057      0.000       0.596       0.817      *
    ADVER             -0.414       0.097      0.000      -0.585      -0.208      *

 TIP      WITH
    POS_VAL            0.380       0.098      0.000       0.171       0.555      *
    ADVER             -0.364       0.101      0.001      -0.546      -0.152      *

 POS_VAL  WITH
    ADVER             -0.280       0.106      0.007      -0.473      -0.061      *

 Means
    HUM                2.131       0.199      0.000       1.751       2.531      *
    IMP                7.998       0.664      0.000       6.748       9.353      *
    NEG_VAL            2.130       0.200      0.000       1.746       2.531      *
    COMPLEX            7.044       0.586      0.000       5.945       8.245      *
    TIP                6.504       0.542      0.000       5.485       7.607      *
    POS_VAL            4.340       0.363      0.000       3.656       5.074      *
    ADVER              2.320       0.219      0.000       1.902       2.765      *

 Intercepts
    SEU                1.777       0.950      0.025       0.006       3.725      *

 Variances
    HUM                1.000       0.000      0.000       1.000       1.000
    IMP                1.000       0.000      0.000       1.000       1.000
    NEG_VAL            1.000       0.000      0.000       1.000       1.000
    COMPLEX            1.000       0.000      0.000       1.000       1.000
    TIP                1.000       0.000      0.000       1.000       1.000
    POS_VAL            1.000       0.000      0.000       1.000       1.000
    ADVER              1.000       0.000      0.000       1.000       1.000

 Residual Variances
    SEU                0.293       0.060      0.000       0.193       0.427      *


STD Standardization

                                Posterior  One-Tailed         95% C.I.
                    Estimate       S.D.      P-Value   Lower 2.5%  Upper 2.5%  Significance
Within Level

 SEU        ON
    HUM               -0.016       0.016      0.153      -0.047       0.015
    IMP                0.176       0.028      0.000       0.121       0.230      *
    NEG_VAL           -0.047       0.030      0.059      -0.106       0.012
    COMPLEX            0.149       0.025      0.000       0.101       0.197      *
    TIP                0.072       0.019      0.000       0.035       0.110      *
    POS_VAL            0.109       0.021      0.000       0.069       0.150      *
    ADVER             -0.086       0.018      0.000      -0.123      -0.050      *

 HUM      WITH
    IMP                0.041       0.019      0.014       0.004       0.078      *
    NEG_VAL            0.021       0.014      0.062      -0.006       0.049
    COMPLEX            0.007       0.020      0.355      -0.032       0.046
    TIP               -0.121       0.022      0.000      -0.164      -0.080      *
    POS_VAL            0.254       0.025      0.000       0.207       0.304      *
    ADVER             -0.048       0.024      0.021      -0.095      -0.002      *

 IMP      WITH
    NEG_VAL           -0.116       0.011      0.000      -0.137      -0.095      *
    COMPLEX            0.344       0.017      0.000       0.313       0.379      *
    TIP                0.173       0.016      0.000       0.142       0.205      *
    POS_VAL            0.373       0.020      0.000       0.336       0.413      *
    ADVER             -0.225       0.018      0.000      -0.261      -0.191      *

 NEG_VAL  WITH
    COMPLEX           -0.089       0.011      0.000      -0.111      -0.068      *
    TIP               -0.045       0.012      0.000      -0.068      -0.022      *
    POS_VAL           -0.150       0.014      0.000      -0.178      -0.125      *
    ADVER              0.204       0.014      0.000       0.178       0.232      *

 COMPLEX  WITH
    TIP                0.213       0.017      0.000       0.181       0.248      *
    POS_VAL            0.324       0.020      0.000       0.285       0.364      *
    ADVER             -0.151       0.019      0.000      -0.189      -0.115      *

 TIP      WITH
    POS_VAL            0.134       0.020      0.000       0.096       0.174      *
    ADVER             -0.105       0.020      0.000      -0.145      -0.067      *

 POS_VAL  WITH
    ADVER             -0.352       0.024      0.000      -0.400      -0.307      *

 Variances
    HUM                1.031       0.036      0.000       0.963       1.105      *
    IMP                0.547       0.019      0.000       0.512       0.587      *
    NEG_VAL            0.306       0.011      0.000       0.286       0.328      *
    COMPLEX            0.616       0.022      0.000       0.576       0.660      *
    TIP                0.716       0.025      0.000       0.669       0.767      *
    POS_VAL            0.894       0.031      0.000       0.835       0.958      *
    ADVER              0.874       0.031      0.000       0.816       0.937      *

 Residual Variances
    SEU                0.360       0.013      0.000       0.337       0.386      *

Between Level

 SEU        ON
    HUM               -0.006       0.049      0.453      -0.102       0.092
    IMP                0.902       0.270      0.000       0.384       1.448      *
    NEG_VAL           -0.201       0.129      0.058      -0.456       0.051
    COMPLEX           -0.120       0.186      0.255      -0.492       0.240
    TIP               -0.001       0.097      0.495      -0.194       0.187
    POS_VAL            0.025       0.078      0.373      -0.129       0.176
    ADVER              0.030       0.118      0.398      -0.199       0.265

 HUM      WITH
    IMP               -0.044       0.103      0.328      -0.252       0.156
    NEG_VAL            0.242       0.098      0.003       0.071       0.457      *
    COMPLEX            0.070       0.112      0.255      -0.144       0.299
    TIP               -0.179       0.124      0.060      -0.442       0.048
    POS_VAL            0.280       0.161      0.030      -0.012       0.625
    ADVER              0.323       0.128      0.002       0.099       0.603      *

 IMP      WITH
    NEG_VAL           -0.209       0.061      0.000      -0.347      -0.107      *
    COMPLEX            0.496       0.089      0.000       0.356       0.704      *
    TIP                0.405       0.087      0.000       0.266       0.606      *
    POS_VAL            0.569       0.116      0.000       0.386       0.837      *
    ADVER             -0.344       0.083      0.000      -0.536      -0.209      *

 NEG_VAL  WITH
    COMPLEX           -0.169       0.064      0.001      -0.310      -0.059      *
    TIP               -0.235       0.072      0.000      -0.396      -0.114      *
    POS_VAL           -0.088       0.086      0.140      -0.268       0.075
    ADVER              0.408       0.082      0.000       0.278       0.598      *

 COMPLEX  WITH
    TIP                0.342       0.089      0.000       0.197       0.545      *
    POS_VAL            0.622       0.125      0.000       0.423       0.912      *
    ADVER             -0.269       0.085      0.000      -0.459      -0.126      *

 TIP      WITH
    POS_VAL            0.354       0.119      0.000       0.151       0.617      *
    ADVER             -0.258       0.091      0.001      -0.461      -0.102      *

 POS_VAL  WITH
    ADVER             -0.259       0.116      0.007      -0.511      -0.055      *

 Means
    HUM                2.585       0.125      0.000       2.339       2.831      *
    IMP                5.733       0.075      0.000       5.587       5.881      *
    NEG_VAL            1.405       0.068      0.000       1.271       1.539      *
    COMPLEX            5.484       0.081      0.000       5.325       5.644      *
    TIP                5.528       0.089      0.000       5.354       5.702      *
    POS_VAL            4.815       0.115      0.000       4.588       5.041      *
    ADVER              1.958       0.089      0.000       1.784       2.132      *

 Intercepts
    SEU                1.380       0.693      0.025       0.005       2.726      *

 Variances
    HUM                1.471       0.245      0.000       1.089       2.044      *
    IMP                0.514       0.088      0.000       0.377       0.719      *
    NEG_VAL            0.435       0.073      0.000       0.322       0.605      *
    COMPLEX            0.606       0.103      0.000       0.445       0.846      *
    TIP                0.722       0.123      0.000       0.530       1.010      *
    POS_VAL            1.231       0.204      0.000       0.910       1.707      *
    ADVER              0.713       0.123      0.000       0.521       1.001      *

 Residual Variances
    SEU                0.175       0.032      0.000       0.124       0.251      *


R-SQUARE

Within Level

                                Posterior  One-Tailed         95% C.I.
    Variable        Estimate       S.D.      P-Value   Lower 2.5%  Upper 2.5%

    SEU                0.268       0.019      0.000       0.232       0.305

Between Level

                                Posterior  One-Tailed         95% C.I.
    Variable        Estimate       S.D.      P-Value   Lower 2.5%  Upper 2.5%

    SEU                0.707       0.060      0.000       0.573       0.807


DIAGRAM INFORMATION

  Mplus diagrams are currently not available for multilevel analysis.
  No diagram output was produced.


     Beginning Time:  11:08:19
        Ending Time:  11:11:59
       Elapsed Time:  00:03:40



MUTHEN & MUTHEN
3463 Stoner Ave.
Los Angeles, CA  90066

Tel: (310) 391-9971
Fax: (310) 391-8971
Web: www.StatModel.com
Support: Support@StatModel.com

Copyright (c) 1998-2023 Muthen & Muthen
