Mplus VERSION 8.10
MUTHEN & MUTHEN
08/31/2024  12:50 PM

INPUT INSTRUCTIONS

  DATA: File is regresija.dat;

  VARIABLE:

  NAMES ARE ID EKST_C UGOD_C SAV_C NE_C OTV_C HUM
  IMP NEG_VAL COMPLEX TIP POS_VAL ADVER
  SAV EKST A2 N2 OTV SEU;

  USEVARIABLES ARE SAV EKST A2
  N2 OTV SEU;


  MISSING ARE ALL (-99);

  CLUSTER IS id;


  ANALYSIS:
  TYPE = TWOLEVEL;
  ESTIMATOR = BAYES;
  PROCESSORS = 12;
  FBITERATIONS = 200000;


  MODEL:

  %WITHIN%
  SAV;
  EKST;
  A2;
  N2;
  OTV;
  SEU;


  SEU ON SAV;
  SEU ON EKST;
  SEU ON A2;
  SEU ON OTV;
  SEU ON N2;

  SAV WITH EKST;
  SAV WITH A2;
  SAV WITH OTV;
  SAV WITH N2;

  EKST WITH A2;
  EKST WITH OTV;
  EKST WITH N2;

  A2 WITH OTV;
  A2 WITH N2;

  OTV WITH N2;

  %BETWEEN%
  SAV;
  EKST;
  A2;
  N2;
  OTV;
  SEU;

  SEU ON SAV;
  SEU ON EKST;
  SEU ON A2;
  SEU ON OTV;
  SEU ON N2;

  SAV WITH EKST;
  SAV WITH A2;
  SAV WITH OTV;
  SAV WITH N2;

  EKST WITH A2;
  EKST WITH OTV;
  EKST WITH N2;

  A2 WITH OTV;
  A2 WITH N2;

  OTV WITH N2;


  OUTPUT: STANDARDIZED;



*** WARNING
  One or more individual-level variables have no variation within a
  cluster for the following clusters.

     Variable   Cluster IDs with no within-cluster variation

      SAV         12198304 20162730 24591061 20855351 13994941 12491438 16556161 16554319 16554891
                  16554713
      EKST        12198304 24591061 16554319
      A2          20163018 27661979 27664277 13994322 12198304 15611768 20856921 20162730 27665653
                  12193480 15474494 20854464 20855586 26754644 20855351 12497874 24592461 13997204
                  13996939 20798331 15471432 13526266 13527350 16554668 24591987 16556161 24595014
                  24598783 16556163 24595090 16554319 27787671 16554713
      N2          13994322 12198304 20855574 12492269 27665653 20855586 20855351 20798331 24598783
                  24595090 16554319 27787671 16554891
      OTV         24591061 20855351 16554319
      SEU         24591061 13994941 12491438 16554319

*** WARNING
  Data set contains cases with missing on all variables.
  These cases were not included in the analysis.
  Number of cases with missing on all variables:  1232
   2 WARNING(S) FOUND IN THE INPUT INSTRUCTIONS




SUMMARY OF ANALYSIS

Number of groups                                                 1
Number of observations                                        1738

Number of dependent variables                                    1
Number of independent variables                                  5
Number of continuous latent variables                            0

Observed dependent variables

  Continuous
   SEU

Observed independent variables
   SAV         EKST        A2          N2          OTV

Variables with special functions

  Cluster variable      ID

Estimator                                                    BAYES
Specifications for Bayesian Estimation
  Point estimate                                            MEDIAN
  Number of Markov chain Monte Carlo (MCMC) chains               2
  Random seed for the first chain                                0
  Starting value information                           UNPERTURBED
  Algorithm used for Markov chain Monte Carlo           GIBBS(PX1)
  Fixed number of iterations                                200000
  K-th iteration used for thinning                               1

Input data file(s)
  regresija.dat
Input data format  FREE


SUMMARY OF DATA

     Number of clusters                         99

       Size (s)    Cluster ID with Size s

          9        20163018
         10        27913643 27665886 27661979 27664277
         11        13994322 12494252 15264484 12198304
         12        15262166 13525517 20855574 20796311
         13        15611768 26754012 27662560 20856921 15266576
         14        20794922 12492269 20162730 27665653 12498862 21214531
                   12191870 16654540 13529089 20796904
         15        27785220 12193480 27918933 15474494
         16        15261338 20854464 24591061 20162054 20855586 26754644
         17        20855351 12497874 13993235 13994941 27918624 24592461
                   20162526 20852179 15471270 27783342 27662082 13997204
         18        21213820 27663723 12492669 13528127 13996939 20798331
                   12495072 20854791 15611922 15471432 13526266 13527350
         19        12491438 16554668 27915449 13522864 27788116 15612828
         20        24591987 20161546 24595365 16556161
         21        27663860 24591737 24595014 27666050 15264805 16551092
                   27918828
         22        24593194 24598783
         23        15614525 16556163 12492795 20855258 24595090 16554319
                   20856715 27788829
         24        12491236 13525223 16554342 27787671 12491120
         25        16554891 16554713 21212503
         26        24593393 20855884



COVARIANCE COVERAGE OF DATA

Minimum covariance coverage value   0.100

     Number of missing data patterns             1


     PROPORTION OF DATA PRESENT


           Covariance Coverage
              SAV           EKST          A2            N2            OTV
              ________      ________      ________      ________      ________
 SAV            1.000
 EKST           1.000         1.000
 A2             1.000         1.000         1.000
 N2             1.000         1.000         1.000         1.000
 OTV            1.000         1.000         1.000         1.000         1.000
 SEU            1.000         1.000         1.000         1.000         1.000


           Covariance Coverage
              SEU
              ________
 SEU            1.000



UNIVARIATE SAMPLE STATISTICS


     UNIVARIATE HIGHER-ORDER MOMENT DESCRIPTIVE STATISTICS

         Variable/         Mean/     Skewness/   Minimum/ % with                Percentiles
        Sample Size      Variance    Kurtosis    Maximum  Min/Max      20%/60%    40%/80%    Median

     SAV                   6.114      -1.390       1.000    0.06%       5.500      6.000      6.000
            1738.000       0.835       2.671       7.000   32.97%       6.500      7.000
     EKST                  5.910      -1.294       1.000    0.23%       5.000      6.000      6.000
            1738.000       1.054       2.364       7.000   26.29%       6.000      7.000
     A2                    6.476      -2.751       1.000    0.75%       6.000      7.000      7.000
            1738.000       1.246       7.758       7.000   72.32%       7.000      7.000
     N2                    2.221       1.253       1.000   46.03%       1.000      1.000      2.000
            1738.000       2.413       0.596       7.000    1.67%       2.000      4.000
     OTV                   5.565      -0.985       1.000    0.29%       5.000      5.500      6.000
            1738.000       1.215       1.361       7.000   15.48%       6.000      6.500
     SEU                   5.781      -1.096       1.000    0.17%       5.000      5.667      6.000
            1738.000       1.008       1.620       7.000   16.86%       6.000      6.667


THE MODEL ESTIMATION TERMINATED NORMALLY

     USE THE FBITERATIONS OPTION TO INCREASE THE NUMBER OF ITERATIONS BY A FACTOR
     OF AT LEAST TWO TO CHECK CONVERGENCE AND THAT THE PSR VALUE DOES NOT INCREASE.



MODEL FIT INFORMATION

Number of Free Parameters                              48

Bayesian Posterior Predictive Checking using Chi-Square

          95% Confidence Interval for the Difference Between
          the Observed and the Replicated Chi-Square Values

                                -27.237            32.919

          Posterior Predictive P-Value              0.427

Information Criteria

          Deviance (DIC)                        24591.203
          Estimated Number of Parameters (pD)     548.118



MODEL RESULTS

                                Posterior  One-Tailed         95% C.I.
                    Estimate       S.D.      P-Value   Lower 2.5%  Upper 2.5%  Significance

Within Level

 SEU        ON
    SAV                0.240       0.026      0.000       0.188       0.291      *
    EKST               0.073       0.023      0.001       0.027       0.119      *
    A2                 0.071       0.017      0.000       0.037       0.105      *
    OTV                0.202       0.021      0.000       0.160       0.244      *
    N2                -0.059       0.014      0.000      -0.086      -0.031      *

 SAV      WITH
    EKST               0.124       0.012      0.000       0.101       0.148      *
    A2                 0.058       0.014      0.000       0.030       0.087      *
    OTV                0.157       0.013      0.000       0.132       0.184      *
    N2                -0.066       0.018      0.000      -0.102      -0.032      *

 EKST     WITH
    A2                 0.087       0.017      0.000       0.054       0.121      *
    OTV                0.238       0.016      0.000       0.207       0.270      *
    N2                -0.131       0.021      0.000      -0.173      -0.090      *

 A2       WITH
    OTV                0.096       0.019      0.000       0.060       0.133      *
    N2                -0.153       0.026      0.000      -0.205      -0.102      *

 OTV      WITH
    N2                -0.125       0.023      0.000      -0.171      -0.080      *

 Variances
    SAV                0.395       0.014      0.000       0.369       0.424      *
    EKST               0.547       0.019      0.000       0.511       0.586      *
    A2                 0.850       0.030      0.000       0.793       0.910      *
    N2                 1.290       0.045      0.000       1.206       1.383      *
    OTV                0.659       0.023      0.000       0.616       0.706      *

 Residual Variances
    SEU                0.390       0.014      0.000       0.364       0.418      *

Between Level

 SEU        ON
    SAV                0.466       0.124      0.000       0.223       0.709      *
    EKST              -0.103       0.118      0.190      -0.336       0.130
    A2                 0.172       0.127      0.085      -0.077       0.422
    OTV                0.389       0.090      0.000       0.212       0.568      *
    N2                -0.074       0.068      0.135      -0.207       0.058

 SAV      WITH
    EKST               0.393       0.076      0.000       0.272       0.570      *
    A2                 0.261       0.063      0.000       0.159       0.404      *
    OTV                0.354       0.077      0.000       0.229       0.532      *
    N2                -0.342       0.097      0.000      -0.562      -0.179      *

 EKST     WITH
    A2                 0.306       0.070      0.000       0.192       0.467      *
    OTV                0.372       0.084      0.000       0.236       0.566      *
    N2                -0.447       0.111      0.000      -0.699      -0.265      *

 A2       WITH
    OTV                0.139       0.067      0.011       0.019       0.283      *
    N2                -0.496       0.105      0.000      -0.737      -0.328      *

 OTV      WITH
    N2                -0.157       0.106      0.057      -0.382       0.039

 Means
    SAV                6.103       0.073      0.000       5.960       6.245      *
    EKST               5.906       0.080      0.000       5.750       6.062      *
    A2                 6.475       0.071      0.000       6.335       6.615      *
    N2                 2.197       0.116      0.000       1.970       2.424      *
    OTV                5.547       0.084      0.000       5.381       5.711      *

 Intercepts
    SEU                0.429       0.864      0.308      -1.269       2.128

 Variances
    SAV                0.488       0.080      0.000       0.363       0.676      *
    EKST               0.586       0.097      0.000       0.434       0.812      *
    A2                 0.447       0.078      0.000       0.325       0.628      *
    N2                 1.220       0.203      0.000       0.903       1.693      *
    OTV                0.654       0.109      0.000       0.483       0.909      *

 Residual Variances
    SEU                0.180       0.032      0.000       0.130       0.253      *


STANDARDIZED MODEL RESULTS


STDYX Standardization

                                Posterior  One-Tailed         95% C.I.
                    Estimate       S.D.      P-Value   Lower 2.5%  Upper 2.5%  Significance
Within Level

 SEU        ON
    SAV                0.215       0.023      0.000       0.169       0.260      *
    EKST               0.077       0.025      0.001       0.029       0.125      *
    A2                 0.093       0.022      0.000       0.049       0.137      *
    OTV                0.234       0.024      0.000       0.186       0.281      *
    N2                -0.095       0.023      0.000      -0.139      -0.051      *

 SAV      WITH
    EKST               0.266       0.023      0.000       0.220       0.311      *
    A2                 0.101       0.024      0.000       0.053       0.148      *
    OTV                0.308       0.022      0.000       0.263       0.351      *
    N2                -0.093       0.025      0.000      -0.141      -0.044      *

 EKST     WITH
    A2                 0.128       0.024      0.000       0.080       0.176      *
    OTV                0.396       0.021      0.000       0.354       0.436      *
    N2                -0.156       0.024      0.000      -0.203      -0.108      *

 A2       WITH
    OTV                0.128       0.024      0.000       0.080       0.176      *
    N2                -0.146       0.024      0.000      -0.193      -0.099      *

 OTV      WITH
    N2                -0.136       0.024      0.000      -0.183      -0.087      *

 Variances
    SAV                1.000       0.000      0.000       1.000       1.000
    EKST               1.000       0.000      0.000       1.000       1.000
    A2                 1.000       0.000      0.000       1.000       1.000
    N2                 1.000       0.000      0.000       1.000       1.000
    OTV                1.000       0.000      0.000       1.000       1.000

 Residual Variances
    SEU                0.793       0.018      0.000       0.758       0.827      *

Between Level

 SEU        ON
    SAV                0.431       0.112      0.000       0.207       0.644      *
    EKST              -0.104       0.120      0.190      -0.339       0.130
    A2                 0.152       0.112      0.085      -0.068       0.371
    OTV                0.416       0.094      0.000       0.228       0.597      *
    N2                -0.108       0.099      0.135      -0.303       0.085

 SAV      WITH
    EKST               0.739       0.054      0.000       0.617       0.826      *
    A2                 0.564       0.081      0.000       0.386       0.702      *
    OTV                0.631       0.070      0.000       0.475       0.748      *
    N2                -0.448       0.091      0.000      -0.608      -0.253      *

 EKST     WITH
    A2                 0.603       0.077      0.000       0.432       0.733      *
    OTV                0.606       0.073      0.000       0.443       0.730      *
    N2                -0.534       0.082      0.000      -0.676      -0.355      *

 A2       WITH
    OTV                0.261       0.108      0.011       0.037       0.459      *
    N2                -0.677       0.067      0.000      -0.787      -0.525      *

 OTV      WITH
    N2                -0.178       0.109      0.057      -0.384       0.043

 Means
    SAV                8.732       0.699      0.000       7.406      10.147      *
    EKST               7.713       0.625      0.000       6.531       8.984      *
    A2                 9.685       0.822      0.000       8.154      11.378      *
    N2                 1.989       0.191      0.000       1.625       2.372      *
    OTV                6.858       0.562      0.000       5.799       7.999      *

 Intercepts
    SEU                0.566       1.157      0.308      -1.587       2.951

 Variances
    SAV                1.000       0.000      0.000       1.000       1.000
    EKST               1.000       0.000      0.000       1.000       1.000
    A2                 1.000       0.000      0.000       1.000       1.000
    N2                 1.000       0.000      0.000       1.000       1.000
    OTV                1.000       0.000      0.000       1.000       1.000

 Residual Variances
    SEU                0.315       0.060      0.000       0.213       0.449      *


STDY Standardization

                                Posterior  One-Tailed         95% C.I.
                    Estimate       S.D.      P-Value   Lower 2.5%  Upper 2.5%  Significance
Within Level

 SEU        ON
    SAV                0.215       0.023      0.000       0.169       0.260      *
    EKST               0.077       0.025      0.001       0.029       0.125      *
    A2                 0.093       0.022      0.000       0.049       0.137      *
    OTV                0.234       0.024      0.000       0.186       0.281      *
    N2                -0.095       0.023      0.000      -0.139      -0.051      *

 SAV      WITH
    EKST               0.266       0.023      0.000       0.220       0.311      *
    A2                 0.101       0.024      0.000       0.053       0.148      *
    OTV                0.308       0.022      0.000       0.263       0.351      *
    N2                -0.093       0.025      0.000      -0.141      -0.044      *

 EKST     WITH
    A2                 0.128       0.024      0.000       0.080       0.176      *
    OTV                0.396       0.021      0.000       0.354       0.436      *
    N2                -0.156       0.024      0.000      -0.203      -0.108      *

 A2       WITH
    OTV                0.128       0.024      0.000       0.080       0.176      *
    N2                -0.146       0.024      0.000      -0.193      -0.099      *

 OTV      WITH
    N2                -0.136       0.024      0.000      -0.183      -0.087      *

 Variances
    SAV                1.000       0.000      0.000       1.000       1.000
    EKST               1.000       0.000      0.000       1.000       1.000
    A2                 1.000       0.000      0.000       1.000       1.000
    N2                 1.000       0.000      0.000       1.000       1.000
    OTV                1.000       0.000      0.000       1.000       1.000

 Residual Variances
    SEU                0.793       0.018      0.000       0.758       0.827      *

Between Level

 SEU        ON
    SAV                0.431       0.112      0.000       0.207       0.644      *
    EKST              -0.104       0.120      0.190      -0.339       0.130
    A2                 0.152       0.112      0.085      -0.068       0.371
    OTV                0.416       0.094      0.000       0.228       0.597      *
    N2                -0.108       0.099      0.135      -0.303       0.085

 SAV      WITH
    EKST               0.739       0.054      0.000       0.617       0.826      *
    A2                 0.564       0.081      0.000       0.386       0.702      *
    OTV                0.631       0.070      0.000       0.475       0.748      *
    N2                -0.448       0.091      0.000      -0.608      -0.253      *

 EKST     WITH
    A2                 0.603       0.077      0.000       0.432       0.733      *
    OTV                0.606       0.073      0.000       0.443       0.730      *
    N2                -0.534       0.082      0.000      -0.676      -0.355      *

 A2       WITH
    OTV                0.261       0.108      0.011       0.037       0.459      *
    N2                -0.677       0.067      0.000      -0.787      -0.525      *

 OTV      WITH
    N2                -0.178       0.109      0.057      -0.384       0.043

 Means
    SAV                8.732       0.699      0.000       7.406      10.147      *
    EKST               7.713       0.625      0.000       6.531       8.984      *
    A2                 9.685       0.822      0.000       8.154      11.378      *
    N2                 1.989       0.191      0.000       1.625       2.372      *
    OTV                6.858       0.562      0.000       5.799       7.999      *

 Intercepts
    SEU                0.566       1.157      0.308      -1.587       2.951

 Variances
    SAV                1.000       0.000      0.000       1.000       1.000
    EKST               1.000       0.000      0.000       1.000       1.000
    A2                 1.000       0.000      0.000       1.000       1.000
    N2                 1.000       0.000      0.000       1.000       1.000
    OTV                1.000       0.000      0.000       1.000       1.000

 Residual Variances
    SEU                0.315       0.060      0.000       0.213       0.449      *


STD Standardization

                                Posterior  One-Tailed         95% C.I.
                    Estimate       S.D.      P-Value   Lower 2.5%  Upper 2.5%  Significance
Within Level

 SEU        ON
    SAV                0.240       0.026      0.000       0.188       0.291      *
    EKST               0.073       0.023      0.001       0.027       0.119      *
    A2                 0.071       0.017      0.000       0.037       0.105      *
    OTV                0.202       0.021      0.000       0.160       0.244      *
    N2                -0.059       0.014      0.000      -0.086      -0.031      *

 SAV      WITH
    EKST               0.124       0.012      0.000       0.101       0.148      *
    A2                 0.058       0.014      0.000       0.030       0.087      *
    OTV                0.157       0.013      0.000       0.132       0.184      *
    N2                -0.066       0.018      0.000      -0.102      -0.032      *

 EKST     WITH
    A2                 0.087       0.017      0.000       0.054       0.121      *
    OTV                0.238       0.016      0.000       0.207       0.270      *
    N2                -0.131       0.021      0.000      -0.173      -0.090      *

 A2       WITH
    OTV                0.096       0.019      0.000       0.060       0.133      *
    N2                -0.153       0.026      0.000      -0.205      -0.102      *

 OTV      WITH
    N2                -0.125       0.023      0.000      -0.171      -0.080      *

 Variances
    SAV                0.395       0.014      0.000       0.369       0.424      *
    EKST               0.547       0.019      0.000       0.511       0.586      *
    A2                 0.850       0.030      0.000       0.793       0.910      *
    N2                 1.290       0.045      0.000       1.206       1.383      *
    OTV                0.659       0.023      0.000       0.616       0.706      *

 Residual Variances
    SEU                0.390       0.014      0.000       0.364       0.418      *

Between Level

 SEU        ON
    SAV                0.466       0.124      0.000       0.223       0.709      *
    EKST              -0.103       0.118      0.190      -0.336       0.130
    A2                 0.172       0.127      0.085      -0.077       0.422
    OTV                0.389       0.090      0.000       0.212       0.568      *
    N2                -0.074       0.068      0.135      -0.207       0.058

 SAV      WITH
    EKST               0.393       0.076      0.000       0.272       0.570      *
    A2                 0.261       0.063      0.000       0.159       0.404      *
    OTV                0.354       0.077      0.000       0.229       0.532      *
    N2                -0.342       0.097      0.000      -0.562      -0.179      *

 EKST     WITH
    A2                 0.306       0.070      0.000       0.192       0.467      *
    OTV                0.372       0.084      0.000       0.236       0.566      *
    N2                -0.447       0.111      0.000      -0.699      -0.265      *

 A2       WITH
    OTV                0.139       0.067      0.011       0.019       0.283      *
    N2                -0.496       0.105      0.000      -0.737      -0.328      *

 OTV      WITH
    N2                -0.157       0.106      0.057      -0.382       0.039

 Means
    SAV                6.103       0.073      0.000       5.960       6.245      *
    EKST               5.906       0.080      0.000       5.750       6.062      *
    A2                 6.475       0.071      0.000       6.335       6.615      *
    N2                 2.197       0.116      0.000       1.970       2.424      *
    OTV                5.547       0.084      0.000       5.381       5.711      *

 Intercepts
    SEU                0.429       0.864      0.308      -1.269       2.128

 Variances
    SAV                0.488       0.080      0.000       0.363       0.676      *
    EKST               0.586       0.097      0.000       0.434       0.812      *
    A2                 0.447       0.078      0.000       0.325       0.628      *
    N2                 1.220       0.203      0.000       0.903       1.693      *
    OTV                0.654       0.109      0.000       0.483       0.909      *

 Residual Variances
    SEU                0.180       0.032      0.000       0.130       0.253      *


R-SQUARE

Within Level

                                Posterior  One-Tailed         95% C.I.
    Variable        Estimate       S.D.      P-Value   Lower 2.5%  Upper 2.5%

    SEU                0.207       0.018      0.000       0.173       0.242

Between Level

                                Posterior  One-Tailed         95% C.I.
    Variable        Estimate       S.D.      P-Value   Lower 2.5%  Upper 2.5%

    SEU                0.685       0.060      0.000       0.551       0.787


DIAGRAM INFORMATION

  Mplus diagrams are currently not available for multilevel analysis.
  No diagram output was produced.


     Beginning Time:  12:50:46
        Ending Time:  12:52:43
       Elapsed Time:  00:01:57



MUTHEN & MUTHEN
3463 Stoner Ave.
Los Angeles, CA  90066

Tel: (310) 391-9971
Fax: (310) 391-8971
Web: www.StatModel.com
Support: Support@StatModel.com

Copyright (c) 1998-2023 Muthen & Muthen
